	(Comment
		(Time 01/08/2010,05:17:36 PM)
		(User ashmansk)
		(MsgId ECO_021)
		(Text "Package CAP_L_1 added to cell")
		(Param1 CAP_L_1)
	)
	(Comment
		(Time 01/08/2010,05:20:17 PM)
		(User ashmansk)
		(MsgId ECO_022)
		(Text "Package CAP_L deleted from cell")
		(Param1 CAP_L)
	)
	(Comment
		(Time 01/08/2010,05:20:23 PM)
		(User ashmansk)
		(MsgId ECO_022)
		(Text "Package CAP_L_TANT deleted from cell")
		(Param1 CAP_L_TANT)
	)
	(Comment
		(Time 01/08/2010,05:20:28 PM)
		(User ashmansk)
		(MsgId ECO_022)
		(Text "Package CAP_L_1206 deleted from cell")
		(Param1 CAP_L_1206)
	)
	(Comment
		(Time 01/08/2010,05:20:33 PM)
		(User ashmansk)
		(MsgId ECO_022)
		(Text "Package CAP_L_BYPASS deleted from cell")
		(Param1 CAP_L_BYPASS)
	)
	(Comment
		(Time 01/08/2010,05:20:38 PM)
		(User ashmansk)
		(MsgId ECO_022)
		(Text "Package CAP_L_BP5M deleted from cell")
		(Param1 CAP_L_BP5M)
	)
	(Comment
		(Time 01/08/2010,05:20:43 PM)
		(User ashmansk)
		(MsgId ECO_022)
		(Text "Package CAP_L_BP24P deleted from cell")
		(Param1 CAP_L_BP24P)
	)
	(Comment
		(Time 01/08/2010,05:21:00 PM)
		(User ashmansk)
		(MsgId ECO_022)
		(Text "Package CAP_L_BP24M deleted from cell")
		(Param1 CAP_L_BP24M)
	)
	(Comment
		(Time 01/08/2010,05:21:06 PM)
		(User ashmansk)
		(MsgId ECO_022)
		(Text "Package CAP_L_BP15P deleted from cell")
		(Param1 CAP_L_BP15P)
	)
	(Comment
		(Time 01/08/2010,05:21:10 PM)
		(User ashmansk)
		(MsgId ECO_022)
		(Text "Package CAP_L_BP15M deleted from cell")
		(Param1 CAP_L_BP15M)
	)
	(Comment
		(Time 01/08/2010,05:21:12 PM)
		(User ashmansk)
		(MsgId ECO_022)
		(Text "Package CAP_L_BP8P deleted from cell")
		(Param1 CAP_L_BP8P)
	)
	(Comment
		(Time 01/08/2010,05:21:14 PM)
		(User ashmansk)
		(MsgId ECO_022)
		(Text "Package CAP_L_BP8M deleted from cell")
		(Param1 CAP_L_BP8M)
	)
	(Comment
		(Time 01/08/2010,05:21:18 PM)
		(User ashmansk)
		(MsgId ECO_022)
		(Text "Package CAP_L_BP4P deleted from cell")
		(Param1 CAP_L_BP4P)
	)
	(Comment
		(Time 01/08/2010,05:21:20 PM)
		(User ashmansk)
		(MsgId ECO_022)
		(Text "Package CAP_L_BP3P deleted from cell")
		(Param1 CAP_L_BP3P)
	)
	(Comment
		(Time 01/08/2010,05:21:22 PM)
		(User ashmansk)
		(MsgId ECO_022)
		(Text "Package CAP_L_BP3M deleted from cell")
		(Param1 CAP_L_BP3M)
	)
	(Comment
		(Time 01/08/2010,05:21:24 PM)
		(User ashmansk)
		(MsgId ECO_022)
		(Text "Package CAP_L_BP2M deleted from cell")
		(Param1 CAP_L_BP2M)
	)
	(Comment
		(Time 01/08/2010,05:21:26 PM)
		(User ashmansk)
		(MsgId ECO_022)
		(Text "Package CAP_L_BPR2M deleted from cell")
		(Param1 CAP_L_BPR2M)
	)
	(Comment
		(Time 01/08/2010,05:21:32 PM)
		(User ashmansk)
		(MsgId ECO_022)
		(Text "Package CAP_L_BPR08P deleted from cell")
		(Param1 CAP_L_BPR08P)
	)
	(Comment
		(Time 01/08/2010,05:21:34 PM)
		(User ashmansk)
		(MsgId ECO_022)
		(Text "Package CAP_L_BPR1P deleted from cell")
		(Param1 CAP_L_BPR1P)
	)
	(Comment
		(Time 01/08/2010,05:21:36 PM)
		(User ashmansk)
		(MsgId ECO_022)
		(Text "Package CAP_L_BPR1M deleted from cell")
		(Param1 CAP_L_BPR1M)
	)
	(Comment
		(Time 01/08/2010,05:21:39 PM)
		(User ashmansk)
		(MsgId ECO_022)
		(Text "Package CAP_L_BPR5P deleted from cell")
		(Param1 CAP_L_BPR5P)
	)
	(Comment
		(Time 01/08/2010,05:21:42 PM)
		(User ashmansk)
		(MsgId ECO_022)
		(Text "Package CAP_L_BPR4P deleted from cell")
		(Param1 CAP_L_BPR4P)
	)
	(Comment
		(Time 01/08/2010,05:21:45 PM)
		(User ashmansk)
		(MsgId ECO_022)
		(Text "Package CAP_L_BP6P deleted from cell")
		(Param1 CAP_L_BP6P)
	)
	(Comment
		(Time 01/08/2010,05:21:48 PM)
		(User ashmansk)
		(MsgId ECO_022)
		(Text "Package CAP_L_1 deleted from cell")
		(Param1 CAP_L_1)
	)
	(Comment
		(Time 01/08/2010,05:21:53 PM)
		(User ashmansk)
		(MsgId ECO_021)
		(Text "Package CAP_L added to cell")
		(Param1 CAP_L)
	)
	(Comment
		(Time 01/08/2010,05:23:20 PM)
		(User ashmansk)
		(MsgId ECO_021)
		(Text "Package CAP_L added to cell")
		(Param1 CAP_L)
	)
