FILE_TYPE=LIBRARY_PARTS ;
TIME=' Compilation on Thu Sep 21 14:42:06 1989  ';
PRIMITIVE 'CAP_LL_TANT_D';
 PIN
  'A'<0>:
   PIN_NUMBER='(2)';
   PIN_GROUP='1';
      NO_LOAD_CHECK='BOTH';
      UNKNOWN_LOADING='TRUE';
  'B'<0>:
   PIN_NUMBER='(1)';
   PIN_GROUP='1';
      NO_LOAD_CHECK='BOTH';
      UNKNOWN_LOADING='TRUE';
 END_PIN;
 BODY
  PATH='1P';
  DRAWING='ELEMENTCHIPS.LOGIC.1.1';
  PRIM_TYPE='CHIPS_PRT';
  PRIM_FILE='/modeler/build/awbged/element/capacitor/chips_prt';
  VER='1';
  XY='(1400,2400)';
  PHYS_DES_PREFIX='C';
  DIR='ELEMENT.LIB';
  ROT='0';
  CLASS='DISCRETE';
  PINCOUNT='2';
  SIZE='1';
  JEDEC_TYPE='TANTALUM_D';
  PART_NAME='CAP_LL';
 END_BODY;
END_PRIMITIVE;

PRIMITIVE 'CAP_LL_TANT_B';
 PIN
  'A'<0>:
   PIN_NUMBER='(2)';
   PIN_GROUP='1';
      NO_LOAD_CHECK='BOTH';
      UNKNOWN_LOADING='TRUE';
  'B'<0>:
   PIN_NUMBER='(1)';
   PIN_GROUP='1';
      NO_LOAD_CHECK='BOTH';
      UNKNOWN_LOADING='TRUE';
 END_PIN;
 BODY
  PATH='1P';
  DRAWING='ELEMENTCHIPS.LOGIC.1.1';
  PRIM_TYPE='CHIPS_PRT';
  PRIM_FILE='/modeler/build/awbged/element/capacitor/chips_prt';
  VER='1';
  XY='(1400,2400)';
  PHYS_DES_PREFIX='C';
  DIR='ELEMENT.LIB';
  ROT='0';
  CLASS='DISCRETE';
  PINCOUNT='2';
  SIZE='1';
  JEDEC_TYPE='TANTALUM_B';
  PART_NAME='CAP_LL';
 END_BODY;
END_PRIMITIVE;

PRIMITIVE 'CAP_LL_1206';
 PIN
  'A'<0>:
   PIN_NUMBER='(2)';
   PIN_GROUP='1';
      NO_LOAD_CHECK='BOTH';
      UNKNOWN_LOADING='TRUE';
  'B'<0>:
   PIN_NUMBER='(1)';
   PIN_GROUP='1';
      NO_LOAD_CHECK='BOTH';
      UNKNOWN_LOADING='TRUE';
 END_PIN;
 BODY
  PATH='1P';
  DRAWING='ELEMENTCHIPS.LOGIC.1.1';
  PRIM_TYPE='CHIPS_PRT';
  PRIM_FILE='/modeler/build/awbged/element/capacitor/chips_prt';
  VER='1';
  XY='(1400,2400)';
  PHYS_DES_PREFIX='C';
  DIR='ELEMENT.LIB';
  ROT='0';
  CLASS='DISCRETE';
  PINCOUNT='2';
  SIZE='1';
  JEDEC_TYPE='CAP1206';
  PART_NAME='CAP_LL';
 END_BODY;
END_PRIMITIVE;

PRIMITIVE 'CAP_LL_BYPASS';
 PIN
  'A'<0>:
   PIN_NUMBER='(2)';
   PIN_GROUP='1';
      NO_LOAD_CHECK='BOTH';
      UNKNOWN_LOADING='TRUE';
  'B'<0>:
   PIN_NUMBER='(1)';
   PIN_GROUP='1';
      NO_LOAD_CHECK='BOTH';
      UNKNOWN_LOADING='TRUE';
 END_PIN;
 BODY
  PATH='1P';
  DRAWING='ELEMENTCHIPS.LOGIC.1.1';
  PRIM_TYPE='CHIPS_PRT';
  PRIM_FILE='/modeler/build/awbged/element/capacitor/chips_prt';
  VER='1';
  XY='(1400,2400)';
  PHYS_DES_PREFIX='C';
  DIR='ELEMENT.LIB';
  ROT='0';
  CLASS='DISCRETE';
  PINCOUNT='2';
  SIZE='1';
  JEDEC_TYPE='CAP805';
  PART_NAME='CAP_LL';
 END_BODY;
END_PRIMITIVE;

END.
