
	(Comment
		(Time 02/23/06,17:48:49)
		(User Godwin M. Mayers)
		(MsgId ECO_081)
		(Text "Symbol sym_1 added to cell")
		(Param1 sym_1)
	)
	(Comment
		(Time 02/23/06,17:48:54)
		(User Godwin M. Mayers)
		(MsgId ECO_021)
		(Text "Package LS7084 added to cell")
		(Param1 LS7084)
	)


	(Comment
		(Time 03/29/06,12:54:37)
		(User Godwin M. Mayers)
		(MsgId ECO_212)
		(Text "PTF file part.ptf deleted")
		(Param1 part.ptf)
	)


	(Comment
		(Time 03/29/06,12:55:14)
		(User Godwin M. Mayers)
		(MsgId ECO_081)
		(Text "Symbol sym_2 added to cell")
		(Param1 sym_2)
	)

	(Comment
		(Time 03/29/06,18:04:03)
		(User Godwin Mayers)
		(MsgId ECO_212)
		(Text "PTF file part.ptf deleted")
		(Param1 part.ptf)
	)
