FILE_TYPE=LIBRARY_PARTS;
primitive 'RSMD0402';
  pin
  end_pin;
  body
    PART_NAME='RSMD0402';
    PATH='1P';
    DRAWING='ELEMENTCHIPS.LOGIC.1.1';
    PRIM_TYPE='CHIPS_PRT';
    PRIM_FILE='/modeler/build/awbged/element/resistor/chips_prt';
    VER='1';
    XY='(1350,1350)';
    DIR='ELEMENT.LIB';
    ROT='0';
    PINCOUNT='2';
    SIZE='1';
    BODY_NAME='RSMD0402';
    JEDEC_TYPE='R0402';
    PHYS_DES_PREFIX='R';
    CLASS='DISCRETE';
    CDS_LMAN_UNMAPPED_PHYS_PIN='(1,2)';
  end_body;
end_primitive;

END.
