temp/xxnedtmp5/event.log NEWFILE1
temp/xxnedtmp5/text.log NEWFILE2
temp/xxnedtmp5/environ.log NEWFILE3
C:\Cadence\SPB_16.6\share\cdssetup/concept/concepthdl.scr FILE4
C:\Users\HEP\Documents\GitHub\PMTPulser\cds.lib FILE5
C:\Users\HEP\Documents\GitHub\PMTPulser\worklib\simplepulser\sch_1\page1.csb FILE6
C:\Users\HEP\Documents\GitHub\PMTPulser\worklib\simplepulser\sch_1\page1_csb.lck NEWFILE7
temp/xxnedtmp5/undo1.log NEWFILE8
C:\Users\HEP\Documents\GitHub\PMTPulser\libraries\parts_lib\penn#20b#20size#20page\sym_1\symbol.css FILE9
C:\Users\HEP\Documents\GitHub\PMTPulser\libraries\parts_lib\csmd0402\sym_1\symbol.css FILE10
C:\Users\HEP\Documents\GitHub\PMTPulser\libraries\parts_lib\rsmd0402\sym_1\symbol.css FILE11
C:\Users\HEP\Documents\GitHub\PMTPulser\libraries\parts_lib\conn2\sym_1\symbol.css FILE12
C:\Users\HEP\Documents\GitHub\PMTPulser\libraries\parts_lib\bfu730f\sym_1\symbol.css FILE13
C:\Users\HEP\Documents\GitHub\PMTPulser\libraries\parts_lib\adn4661\sym_1\symbol.css FILE14
C:\Users\HEP\Documents\GitHub\PMTPulser\libraries\parts_lib\bav99t\sym_1\symbol.css FILE15
C:\Users\HEP\Documents\GitHub\PMTPulser\libraries\parts_lib\conn3\sym_1\symbol.css FILE16
C:\Users\HEP\Documents\GitHub\PMTPulser\libraries\parts_lib\7805_l\sym_1\symbol.css FILE17
C:\Users\HEP\Documents\GitHub\PMTPulser\libraries\parts_lib\lsmd1206\sym_1\symbol.css FILE18
C:\Users\HEP\Documents\GitHub\PMTPulser\libraries\parts_lib\lmc555\sym_1\symbol.css FILE19
C:\Users\HEP\Documents\GitHub\PMTPulser\worklib\simplepulser\sch_1\page1_csa.lck NEWFILE20
C:/Users/HEP/Documents/GitHub/PMTPulser/worklib/simplepulser/sch_1/simplepulser.xcon FILE21
C:/Users/HEP/Documents/GitHub/PMTPulser/worklib/simplepulser/sch_1/simplepulser.dcf FILE22
C:\Users\HEP\Documents\GitHub\PMTPulser\libraries\parts_lib\7805\sym_1\symbol.css FILE23
C:/Cadence/SPB_16.6/tools/language/config.dat FILE24
temp/xxnedtmp5/concept.mkr NEWFILE25
C:/Cadence/SPB_16.6/tools/language/pack_type_rename.dat NEWFILE26
temp/xxnedtmp5/../penn#20b#20size#20page.mkr NEWFILE27
temp/xxnedtmp5/../7805.mkr NEWFILE28
temp/xxnedtmp5/../csmd0402.mkr NEWFILE29
temp/xxnedtmp5/../conn2.mkr NEWFILE30
temp/xxnedtmp5/../rsmd0402.mkr NEWFILE31
temp/xxnedtmp5/../bfu730f.mkr NEWFILE32
temp/xxnedtmp5/../adn4661.mkr NEWFILE33
temp/xxnedtmp5/../bav99t.mkr NEWFILE34
temp/xxnedtmp5/../conn3.mkr NEWFILE35
temp/xxnedtmp5/../lsmd1206.mkr NEWFILE36
temp/xxnedtmp5/../lmc555.mkr NEWFILE37
C:\Users\HEP\Documents\GitHub\PMTPulser\worklib\simplepulser\sch_1\page1.csa FILE38
C:\Users\HEP\Documents\GitHub\PMTPulser\worklib\simplepulser\sch_1\page1.csv FILE39
C:\Users\HEP\Documents\GitHub\PMTPulser\worklib\simplepulser\sch_1\pc.db FILE40
C:/Users/HEP/Documents/GitHub/PMTPulser/worklib/simplepulser/sch_1/simplepulser_xcon.lck NEWFILE41
C:/Users/HEP/Documents/GitHub/PMTPulser/worklib/simplepulser/sch_1/simplepulser_dcf.lck NEWFILE42
temp/xxnedtmp5/csnetlister.mkr NEWFILE43
C:\Users\HEP\Documents\GitHub\PMTPulser\libraries\parts_lib\7806_l\sym_1\symbol.css FILE44
C:/Users/HEP/AppData/Local/Temp/con6AE2.tmp FILE45
C:/Users/HEP/AppData/Local/Temp/con8094.tmp FILE46
temp/xxnedtmp5/../7806_l.mkr NEWFILE47
C:\Users\HEP\Documents\GitHub\PMTPulser\libraries\parts_lib\csmd0402\sym_1\symbol_css.lck NEWFILE48
C:\Users\HEP\Documents\GitHub\PMTPulser\libraries\parts_lib\origin\sym_1\symbol.css FILE49
C:\Users\HEP\Documents\GitHub\PMTPulser\libraries\parts_lib\bfu730f\sym_1\symbol_css.lck NEWFILE50
