FILE_TYPE=LIBRARY_PARTS;
primitive '74HC595_B';
  pin
    'GND':
      PIN_NUMBER='(8)';
      PINUSE='POWER';
      NO_LOAD_CHECK='Both';
      NO_IO_CHECK='Both';
      NO_ASSERT_CHECK='TRUE';
      NO_DIR_CHECK='TRUE';
      ALLOW_CONNECT='TRUE';
    'QA':
      PIN_NUMBER='(15)';
      OUTPUT_TYPE='(TS,TS)';
      INPUT_LOAD='(*,*)';
      OUTPUT_LOAD='(*,*)';
    'QB':
      PIN_NUMBER='(1)';
      OUTPUT_TYPE='(TS,TS)';
      INPUT_LOAD='(*,*)';
      OUTPUT_LOAD='(*,*)';
    'QC':
      PIN_NUMBER='(2)';
      OUTPUT_TYPE='(TS,TS)';
      INPUT_LOAD='(*,*)';
      OUTPUT_LOAD='(*,*)';
    'QD':
      PIN_NUMBER='(3)';
      OUTPUT_TYPE='(TS,TS)';
      INPUT_LOAD='(*,*)';
      OUTPUT_LOAD='(*,*)';
    'QE':
      PIN_NUMBER='(4)';
      OUTPUT_TYPE='(TS,TS)';
      INPUT_LOAD='(*,*)';
      OUTPUT_LOAD='(*,*)';
    'QF':
      PIN_NUMBER='(5)';
      OUTPUT_TYPE='(TS,TS)';
      INPUT_LOAD='(*,*)';
      OUTPUT_LOAD='(*,*)';
    'QG':
      PIN_NUMBER='(6)';
      OUTPUT_TYPE='(TS,TS)';
      INPUT_LOAD='(*,*)';
      OUTPUT_LOAD='(*,*)';
    'QH':
      PIN_NUMBER='(7)';
      OUTPUT_TYPE='(TS,TS)';
      INPUT_LOAD='(*,*)';
      OUTPUT_LOAD='(*,*)';
    'QHP':
      PIN_NUMBER='(9)';
      OUTPUT_LOAD='(1,-1)';
    'STCP':
      PIN_NUMBER='(12)';
      INPUT_LOAD='(-0.010000,0.010000)';
    'DS':
      PIN_NUMBER='(14)';
      INPUT_LOAD='(-0.010000,0.010000)';
    'SHCP':
      PIN_NUMBER='(11)';
      INPUT_LOAD='(-0.010000,0.010000)';
    'VCC':
      PIN_NUMBER='(16)';
      PINUSE='POWER';
      NO_LOAD_CHECK='Both';
      NO_IO_CHECK='Both';
      NO_ASSERT_CHECK='TRUE';
      NO_DIR_CHECK='TRUE';
      ALLOW_CONNECT='TRUE';
    '-|G|':
      PIN_NUMBER='(13)';
      INPUT_LOAD='(-0.010000,0.010000)';
    '-|SRCLR|':
      PIN_NUMBER='(10)';
      INPUT_LOAD='(-0.010000,0.010000)';
  end_pin;
  body
    PART_NAME='74HC595_B';
    BODY_NAME='74HC595_B';
    JEDEC_TYPE='soic16';
    PHYS_DES_PREFIX='U';
    CLASS='IC';
  end_body;
end_primitive;

END.
