	(Comment
		(Time 01/04/17,17:32:07)
		(User HEP)
		(MsgId ECO_021)
		(Text "Package HFA3128B96 added to cell")
		(Param1 "HFA3128B96")
	)
	(Comment
		(Time 01/04/17,17:36:31)
		(User HEP)
		(MsgId ECO_081)
		(Text "Symbol sym_1 added to cell")
		(Param1 "sym_1")
	)
	(Comment
		(Time 01/04/17,17:36:41)
		(User HEP)
		(MsgId ECO_082)
		(Text "Symbol sym_1 deleted from cell")
		(Param1 "sym_1")
	)
	(Comment
		(Time 01/04/17,17:37:34)
		(User HEP)
		(MsgId ECO_081)
		(Text "Symbol sym_1 added to cell")
		(Param1 "sym_1")
	)
