FILE_TYPE=LIBRARY_PARTS;
primitive 'LTC2620';
  pin
    '1 GND':
      PIN_NUMBER='(1)';
      PINUSE='GROUND';
      NO_LOAD_CHECK='Both';
      NO_IO_CHECK='Both';
      NO_ASSERT_CHECK='TRUE';
      NO_DIR_CHECK='TRUE';
      ALLOW_CONNECT='TRUE';
    'VOUT_A 2':
      PIN_NUMBER='(2)';
      OUTPUT_LOAD='(1.0,-1.0)';
    'VOUT_B 3':
      PIN_NUMBER='(3)';
      OUTPUT_LOAD='(1.0,-1.0)';
    'VOUT_C 4':
      PIN_NUMBER='(4)';
      OUTPUT_LOAD='(1.0,-1.0)';
    'VOUT_D 5':
      PIN_NUMBER='(5)';
      OUTPUT_LOAD='(1.0,-1.0)';
    'REF 6':
      PIN_NUMBER='(6)';
      PINUSE='POWER';
      NO_LOAD_CHECK='Both';
      NO_IO_CHECK='Both';
      NO_ASSERT_CHECK='TRUE';
      NO_DIR_CHECK='TRUE';
      ALLOW_CONNECT='TRUE';
    '11 CLR':
      PIN_NUMBER='(11)';
      INPUT_LOAD='(-0.01,0.01)';
    'VOUT_G 14':
      PIN_NUMBER='(14)';
      OUTPUT_LOAD='(1.0,-1.0)';
    'VOUT_H 15':
      PIN_NUMBER='(15)';
      OUTPUT_LOAD='(1.0,-1.0)';
    'VCC 16':
      PIN_NUMBER='(16)';
      PINUSE='POWER';
      NO_LOAD_CHECK='Both';
      NO_IO_CHECK='Both';
      NO_ASSERT_CHECK='TRUE';
      NO_DIR_CHECK='TRUE';
      ALLOW_CONNECT='TRUE';
    '7 CD/LD':
      PIN_NUMBER='(7)';
      INPUT_LOAD='(-0.01,0.01)';
    '8 SCK':
      PIN_NUMBER='(8)';
      INPUT_LOAD='(-0.01,0.01)';
    'VOUT_E 12':
      PIN_NUMBER='(12)';
      OUTPUT_LOAD='(1.0,-1.0)';
    'VOUT_F 13':
      PIN_NUMBER='(13)';
      OUTPUT_LOAD='(1.0,-1.0)';
    '9 SDI':
      PIN_NUMBER='(9)';
      INPUT_LOAD='(-0.01,0.01)';
    '10 SD0':
      PIN_NUMBER='(10)';
      OUTPUT_LOAD='(1.0,-1.0)';
  end_pin;
  body
    PART_NAME='LTC2620';
    BODY_NAME='LTC2620';
    JEDEC_TYPE='ssop16';
    PHYS_DES_PREFIX='U';
    CLASS='IC';
  end_body;
end_primitive;

END.
