FILE_TYPE=LIBRARY_PARTS;
primitive '74HC00';
  pin
    'A':
      PIN_NUMBER='(1,4,9,12)';
      INPUT_LOAD='(-0.010000,0.010000)';
    'B':
      PIN_NUMBER='(2,5,10,13)';
      INPUT_LOAD='(-0.010000,0.010000)';
    '-Y':
      PIN_NUMBER='(3,6,8,11)';
      OUTPUT_LOAD='(-1.000000,1.000000)';
  end_pin;
  body
    PART_NAME='74hc00';
    BODY_NAME='74HC00';
    JEDEC_TYPE='soic14';
    PHYS_DES_PREFIX='U';
    CLASS='IC';
    POWER_PINS='(VCC:14)';
    POWER_PINS='(GND:7)';
  end_body;
end_primitive;

END.
