	(Comment
		(Time 06/05/12,16:02:44)
		(User HEP)
		(MsgId ECO_021)
		(Text "Package LT1185 added to cell")
		(Param1 LT1185)
	)
	(Comment
		(Time 06/05/12,16:27:17)
		(User HEP)
		(MsgId ECO_081)
		(Text "Symbol sym_1 added to cell")
		(Param1 sym_1)
	)
	(Comment
		(Time 06/05/12,16:29:09)
		(User HEP)
		(MsgId ECO_081)
		(Text "Symbol sym_2 added to cell")
		(Param1 sym_2)
	)
	(Comment
		(Time 06/05/12,16:29:18)
		(User HEP)
		(MsgId ECO_082)
		(Text "Symbol sym_2 deleted from cell")
		(Param1 sym_2)
	)
	(Comment
		(Time 06/05/12,16:29:46)
		(User HEP)
		(MsgId ECO_081)
		(Text "Symbol sym_2 added to cell")
		(Param1 sym_2)
	)
