	(Comment
		(Time 11/12/13,18:13:29)
		(User Godwin)
		(MsgId ECO_021)
		(Text "Package AD9628 added to cell")
		(Param1 AD9628)
	)
	(Comment
		(Time 11/12/13,18:20:53)
		(User Godwin)
		(MsgId ECO_081)
		(Text "Symbol sym_1 added to cell")
		(Param1 sym_1)
	)
	(Comment
		(Time 11/12/13,18:20:53)
		(User Godwin)
		(MsgId ECO_081)
		(Text "Symbol sym_2 added to cell")
		(Param1 sym_2)
	)
	(Comment
		(Time 11/12/13,18:25:13)
		(User Godwin)
		(MsgId ECO_081)
		(Text "Symbol sym_3 added to cell")
		(Param1 sym_3)
	)
	(Comment
		(Time 11/12/13,18:25:48)
		(User Godwin)
		(MsgId ECO_082)
		(Text "Symbol sym_3 deleted from cell")
		(Param1 sym_3)
	)
	(Comment
		(Time 11/12/13,18:39:00)
		(User Godwin)
		(MsgId ECO_081)
		(Text "Symbol sym_3 added to cell")
		(Param1 sym_3)
	)
	(Comment
		(Time 11/12/13,18:41:13)
		(User Godwin)
		(MsgId ECO_082)
		(Text "Symbol sym_2 deleted from cell")
		(Param1 sym_2)
	)
	(Comment
		(Time 11/12/13,18:41:22)
		(User Godwin)
		(MsgId ECO_083)
		(Text "Symbol sym_3 renamed to sym_2")
		(Param1 sym_3)
		(Param2 sym_2)
	)
	(Comment
		(Time 11/13/13,17:31:08)
		(User Godwin)
		(MsgId ECO_081)
		(Text "Symbol sym_3 added to cell")
		(Param1 sym_3)
	)
	(Comment
		(Time 11/13/13,17:31:08)
		(User Godwin)
		(MsgId ECO_081)
		(Text "Symbol sym_4 added to cell")
		(Param1 sym_4)
	)
	(Comment
		(Time 11/13/13,17:32:05)
		(User Godwin)
		(MsgId ECO_081)
		(Text "Symbol sym_5 added to cell")
		(Param1 sym_5)
	)
	(Comment
		(Time 11/13/13,17:32:22)
		(User Godwin)
		(MsgId ECO_082)
		(Text "Symbol sym_3 deleted from cell")
		(Param1 sym_3)
	)
	(Comment
		(Time 11/13/13,17:32:27)
		(User Godwin)
		(MsgId ECO_082)
		(Text "Symbol sym_4 deleted from cell")
		(Param1 sym_4)
	)
	(Comment
		(Time 11/13/13,17:32:32)
		(User Godwin)
		(MsgId ECO_082)
		(Text "Symbol sym_5 deleted from cell")
		(Param1 sym_5)
	)
	(Comment
		(Time 11/13/13,17:32:49)
		(User Godwin)
		(MsgId ECO_081)
		(Text "Symbol sym_3 added to cell")
		(Param1 sym_3)
	)
	(Comment
		(Time 11/13/13,17:32:59)
		(User Godwin)
		(MsgId ECO_082)
		(Text "Symbol sym_3 deleted from cell")
		(Param1 sym_3)
	)
	(Comment
		(Time 11/13/13,17:46:35)
		(User Godwin)
		(MsgId ECO_081)
		(Text "Symbol sym_3 added to cell")
		(Param1 sym_3)
	)
	(Comment
		(Time 11/13/13,17:49:28)
		(User Godwin)
		(MsgId ECO_082)
		(Text "Symbol sym_3 deleted from cell")
		(Param1 sym_3)
	)
	(Comment
		(Time 11/13/13,18:20:37)
		(User Godwin)
		(MsgId ECO_081)
		(Text "Symbol sym_3 added to cell")
		(Param1 sym_3)
	)
	(Comment
		(Time 11/13/13,18:27:24)
		(User Godwin)
		(MsgId ECO_082)
		(Text "Symbol sym_3 deleted from cell")
		(Param1 sym_3)
	)
	(Comment
		(Time 11/13/13,18:35:37)
		(User Godwin)
		(MsgId ECO_082)
		(Text "Symbol sym_1 deleted from cell")
		(Param1 sym_1)
	)
	(Comment
		(Time 11/13/13,18:35:46)
		(User Godwin)
		(MsgId ECO_081)
		(Text "Symbol sym_1 added to cell")
		(Param1 sym_1)
	)
