FILE_TYPE=LIBRARY_PARTS;
primitive 'SY89828';
  pin
    'SEL2':
      PIN_NUMBER='(1)';
      INPUT_LOAD='(-0.01,0.01)';
    'LVDS_CLKB+':
      PIN_NUMBER='(2)';
      INPUT_LOAD='(-0.01,0.01)';
      DIFF_PAIR_PINS_POS='DP_LVDS_CLKB';
    'LVDS_CLKB-':
      PIN_NUMBER='(3)';
      INPUT_LOAD='(-0.01,0.01)';
      DIFF_PAIR_PINS_NEG='DP_LVDS_CLKB';
    'VCCI':
      PIN_NUMBER='(4)';
      PINUSE='POWER';
      NO_LOAD_CHECK='Both';
      NO_IO_CHECK='Both';
      NO_ASSERT_CHECK='TRUE';
      NO_DIR_CHECK='TRUE';
      ALLOW_CONNECT='TRUE';
    'LVDS_CLKA+':
      PIN_NUMBER='(5)';
      INPUT_LOAD='(-0.01,0.01)';
      DIFF_PAIR_PINS_POS='DP_LVDS_CLKA';
    'LVDS_CLKA-':
      PIN_NUMBER='(6)';
      INPUT_LOAD='(-0.01,0.01)';
      DIFF_PAIR_PINS_NEG='DP_LVDS_CLKA';
    'CLK_SEL1':
      PIN_NUMBER='(7)';
      INPUT_LOAD='(-0.01,0.01)';
    'LVPECL_CLKA+':
      PIN_NUMBER='(8)';
      INPUT_LOAD='(-0.01,0.01)';
      DIFF_PAIR_PINS_POS='DP_LVPECL_CLKA';
    'LVPECL_CLKA-':
      PIN_NUMBER='(9)';
      INPUT_LOAD='(-0.01,0.01)';
      DIFF_PAIR_PINS_NEG='DP_LVPECL_CLKA';
    'GNDI':
      PIN_NUMBER='(10)';
      PINUSE='GROUND';
      NO_LOAD_CHECK='Both';
      NO_IO_CHECK='Both';
      NO_ASSERT_CHECK='TRUE';
      NO_DIR_CHECK='TRUE';
      ALLOW_CONNECT='TRUE';
    'OE1':
      PIN_NUMBER='(11)';
      INPUT_LOAD='(-0.01,0.01)';
    'LVPECL_CLKB+':
      PIN_NUMBER='(12)';
      INPUT_LOAD='(-0.01,0.01)';
      DIFF_PAIR_PINS_POS='DP_LVPECL_CLKB';
    'LVPECL_CLKB-':
      PIN_NUMBER='(13)';
      INPUT_LOAD='(-0.01,0.01)';
      DIFF_PAIR_PINS_NEG='DP_LVPECL_CLKB';
    'CLK_SEL2':
      PIN_NUMBER='(14)';
      INPUT_LOAD='(-0.01,0.01)';
    'OE2':
      PIN_NUMBER='(15)';
      INPUT_LOAD='(-0.01,0.01)';
    'SEL1':
      PIN_NUMBER='(16)';
      INPUT_LOAD='(-0.01,0.01)';
    'Q19-':
      PIN_NUMBER='(18)';
      OUTPUT_LOAD='(1.0,-1.0)';
      DIFF_PAIR_PINS_NEG='DP_Q19';
    'Q19+':
      PIN_NUMBER='(19)';
      OUTPUT_LOAD='(1.0,-1.0)';
      DIFF_PAIR_PINS_POS='DP_Q19';
    'Q18-':
      PIN_NUMBER='(20)';
      OUTPUT_LOAD='(1.0,-1.0)';
      DIFF_PAIR_PINS_NEG='DP_Q18';
    'Q18+':
      PIN_NUMBER='(21)';
      OUTPUT_LOAD='(1.0,-1.0)';
      DIFF_PAIR_PINS_POS='DP_Q18';
    'Q17-':
      PIN_NUMBER='(22)';
      OUTPUT_LOAD='(1.0,-1.0)';
      DIFF_PAIR_PINS_NEG='DP_Q17';
    'Q17+':
      PIN_NUMBER='(23)';
      OUTPUT_LOAD='(1.0,-1.0)';
      DIFF_PAIR_PINS_POS='DP_Q17';
    'Q16-':
      PIN_NUMBER='(24)';
      OUTPUT_LOAD='(1.0,-1.0)';
      DIFF_PAIR_PINS_NEG='DP_Q16';
    'Q16+':
      PIN_NUMBER='(25)';
      OUTPUT_LOAD='(1.0,-1.0)';
      DIFF_PAIR_PINS_POS='DP_Q16';
    'Q15-':
      PIN_NUMBER='(26)';
      OUTPUT_LOAD='(1.0,-1.0)';
      DIFF_PAIR_PINS_NEG='DP_Q15';
    'Q15+':
      PIN_NUMBER='(27)';
      OUTPUT_LOAD='(1.0,-1.0)';
      DIFF_PAIR_PINS_POS='DP_Q15';
    'Q14-':
      PIN_NUMBER='(28)';
      OUTPUT_LOAD='(1.0,-1.0)';
      DIFF_PAIR_PINS_NEG='DP_Q14';
    'Q14+':
      PIN_NUMBER='(29)';
      OUTPUT_LOAD='(1.0,-1.0)';
      DIFF_PAIR_PINS_POS='DP_Q14';
    'Q13-':
      PIN_NUMBER='(30)';
      OUTPUT_LOAD='(1.0,-1.0)';
      DIFF_PAIR_PINS_NEG='DP_Q13';
    'Q13+':
      PIN_NUMBER='(31)';
      OUTPUT_LOAD='(1.0,-1.0)';
      DIFF_PAIR_PINS_POS='DP_Q13';
    'VCCO1':
      PIN_NUMBER='(17)';
      PINUSE='POWER';
      NO_LOAD_CHECK='Both';
      NO_IO_CHECK='Both';
      NO_ASSERT_CHECK='TRUE';
      NO_DIR_CHECK='TRUE';
      ALLOW_CONNECT='TRUE';
    'VCCO2':
      PIN_NUMBER='(32)';
      PINUSE='POWER';
      NO_LOAD_CHECK='Both';
      NO_IO_CHECK='Both';
      NO_ASSERT_CHECK='TRUE';
      NO_DIR_CHECK='TRUE';
      ALLOW_CONNECT='TRUE';
    'GNDO1':
      PIN_NUMBER='(33)';
      PINUSE='GROUND';
      NO_LOAD_CHECK='Both';
      NO_IO_CHECK='Both';
      NO_ASSERT_CHECK='TRUE';
      NO_DIR_CHECK='TRUE';
      ALLOW_CONNECT='TRUE';
    'Q12-':
      PIN_NUMBER='(34)';
      OUTPUT_LOAD='(1.0,-1.0)';
      DIFF_PAIR_PINS_NEG='DP_Q12';
    'Q12+':
      PIN_NUMBER='(35)';
      OUTPUT_LOAD='(1.0,-1.0)';
      DIFF_PAIR_PINS_POS='DP_Q12';
    'Q11-':
      PIN_NUMBER='(36)';
      OUTPUT_LOAD='(1.0,-1.0)';
      DIFF_PAIR_PINS_NEG='DP_Q11';
    'Q11+':
      PIN_NUMBER='(37)';
      OUTPUT_LOAD='(1.0,-1.0)';
      DIFF_PAIR_PINS_POS='DP_Q11';
    'Q10-':
      PIN_NUMBER='(38)';
      OUTPUT_LOAD='(1.0,-1.0)';
      DIFF_PAIR_PINS_NEG='DP_Q10';
    'Q10+':
      PIN_NUMBER='(39)';
      OUTPUT_LOAD='(1.0,-1.0)';
      DIFF_PAIR_PINS_POS='DP_Q10';
    'VCCO3':
      PIN_NUMBER='(40)';
      PINUSE='POWER';
      NO_LOAD_CHECK='Both';
      NO_IO_CHECK='Both';
      NO_ASSERT_CHECK='TRUE';
      NO_DIR_CHECK='TRUE';
      ALLOW_CONNECT='TRUE';
    'VCCO4':
      PIN_NUMBER='(41)';
      PINUSE='POWER';
      NO_LOAD_CHECK='Both';
      NO_IO_CHECK='Both';
      NO_ASSERT_CHECK='TRUE';
      NO_DIR_CHECK='TRUE';
      ALLOW_CONNECT='TRUE';
    'Q9-':
      PIN_NUMBER='(42)';
      OUTPUT_LOAD='(1.0,-1.0)';
      DIFF_PAIR_PINS_NEG='DP_Q9';
    'Q9+':
      PIN_NUMBER='(43)';
      OUTPUT_LOAD='(1.0,-1.0)';
      DIFF_PAIR_PINS_POS='DP_Q9';
    'Q8-':
      PIN_NUMBER='(44)';
      OUTPUT_LOAD='(1.0,-1.0)';
      DIFF_PAIR_PINS_NEG='DP_Q8';
    'Q8+':
      PIN_NUMBER='(45)';
      OUTPUT_LOAD='(1.0,-1.0)';
      DIFF_PAIR_PINS_POS='DP_Q8';
    'Q7-':
      PIN_NUMBER='(46)';
      OUTPUT_LOAD='(1.0,-1.0)';
      DIFF_PAIR_PINS_NEG='DP_Q7';
    'Q7+':
      PIN_NUMBER='(47)';
      OUTPUT_LOAD='(1.0,-1.0)';
      DIFF_PAIR_PINS_POS='DP_Q7';
    'GNDO2':
      PIN_NUMBER='(48)';
      PINUSE='GROUND';
      NO_LOAD_CHECK='Both';
      NO_IO_CHECK='Both';
      NO_ASSERT_CHECK='TRUE';
      NO_DIR_CHECK='TRUE';
      ALLOW_CONNECT='TRUE';
    'VCCO5':
      PIN_NUMBER='(49)';
      PINUSE='POWER';
      NO_LOAD_CHECK='Both';
      NO_IO_CHECK='Both';
      NO_ASSERT_CHECK='TRUE';
      NO_DIR_CHECK='TRUE';
      ALLOW_CONNECT='TRUE';
    'Q6-':
      PIN_NUMBER='(50)';
      OUTPUT_LOAD='(1.0,-1.0)';
      DIFF_PAIR_PINS_NEG='DP_Q6';
    'Q6+':
      PIN_NUMBER='(51)';
      OUTPUT_LOAD='(1.0,-1.0)';
      DIFF_PAIR_PINS_POS='DP_Q6';
    'Q5-':
      PIN_NUMBER='(52)';
      OUTPUT_LOAD='(1.0,-1.0)';
      DIFF_PAIR_PINS_NEG='DP_Q5';
    'Q5+':
      PIN_NUMBER='(53)';
      OUTPUT_LOAD='(1.0,-1.0)';
      DIFF_PAIR_PINS_POS='DP_Q5';
    'Q4-':
      PIN_NUMBER='(54)';
      OUTPUT_LOAD='(1.0,-1.0)';
      DIFF_PAIR_PINS_NEG='DP_Q4';
    'Q4+':
      PIN_NUMBER='(55)';
      OUTPUT_LOAD='(1.0,-1.0)';
      DIFF_PAIR_PINS_POS='DP_Q4';
    'Q3-':
      PIN_NUMBER='(56)';
      OUTPUT_LOAD='(1.0,-1.0)';
      DIFF_PAIR_PINS_NEG='DP_Q3';
    'Q3+':
      PIN_NUMBER='(57)';
      OUTPUT_LOAD='(1.0,-1.0)';
      DIFF_PAIR_PINS_POS='DP_Q3';
    'Q2-':
      PIN_NUMBER='(58)';
      OUTPUT_LOAD='(1.0,-1.0)';
      DIFF_PAIR_PINS_NEG='DP_Q2';
    'Q2+':
      PIN_NUMBER='(59)';
      OUTPUT_LOAD='(1.0,-1.0)';
      DIFF_PAIR_PINS_POS='DP_Q2';
    'Q1-':
      PIN_NUMBER='(60)';
      OUTPUT_LOAD='(1.0,-1.0)';
      DIFF_PAIR_PINS_NEG='DP_Q1';
    'Q1+':
      PIN_NUMBER='(61)';
      OUTPUT_LOAD='(1.0,-1.0)';
      DIFF_PAIR_PINS_POS='DP_Q1';
    'Q0-':
      PIN_NUMBER='(62)';
      OUTPUT_LOAD='(1.0,-1.0)';
      DIFF_PAIR_PINS_NEG='DP_Q0';
    'Q0+':
      PIN_NUMBER='(63)';
      OUTPUT_LOAD='(1.0,-1.0)';
      DIFF_PAIR_PINS_POS='DP_Q0';
    'VCCO6':
      PIN_NUMBER='(64)';
      PINUSE='POWER';
      NO_LOAD_CHECK='Both';
      NO_IO_CHECK='Both';
      NO_ASSERT_CHECK='TRUE';
      NO_DIR_CHECK='TRUE';
      ALLOW_CONNECT='TRUE';
    'GNDPAD1':
      PIN_NUMBER='(65)';
      PINUSE='GROUND';
      NO_LOAD_CHECK='Both';
      NO_IO_CHECK='Both';
      NO_ASSERT_CHECK='TRUE';
      NO_DIR_CHECK='TRUE';
      ALLOW_CONNECT='TRUE';
    'GNDPAD2':
      PIN_NUMBER='(66)';
      PINUSE='GROUND';
      NO_LOAD_CHECK='Both';
      NO_IO_CHECK='Both';
      NO_ASSERT_CHECK='TRUE';
      NO_DIR_CHECK='TRUE';
      ALLOW_CONNECT='TRUE';
    'GNDPAD3':
      PIN_NUMBER='(67)';
      PINUSE='GROUND';
      NO_LOAD_CHECK='Both';
      NO_IO_CHECK='Both';
      NO_ASSERT_CHECK='TRUE';
      NO_DIR_CHECK='TRUE';
      ALLOW_CONNECT='TRUE';
    'GNDPAD4':
      PIN_NUMBER='(68)';
      PINUSE='GROUND';
      NO_LOAD_CHECK='Both';
      NO_IO_CHECK='Both';
      NO_ASSERT_CHECK='TRUE';
      NO_DIR_CHECK='TRUE';
      ALLOW_CONNECT='TRUE';
    'GNDPAD5':
      PIN_NUMBER='(69)';
      PINUSE='GROUND';
      NO_LOAD_CHECK='Both';
      NO_IO_CHECK='Both';
      NO_ASSERT_CHECK='TRUE';
      NO_DIR_CHECK='TRUE';
      ALLOW_CONNECT='TRUE';
    'GNDPAD6':
      PIN_NUMBER='(70)';
      PINUSE='GROUND';
      NO_LOAD_CHECK='Both';
      NO_IO_CHECK='Both';
      NO_ASSERT_CHECK='TRUE';
      NO_DIR_CHECK='TRUE';
      ALLOW_CONNECT='TRUE';
    'GNDPAD7':
      PIN_NUMBER='(71)';
      PINUSE='GROUND';
      NO_LOAD_CHECK='Both';
      NO_IO_CHECK='Both';
      NO_ASSERT_CHECK='TRUE';
      NO_DIR_CHECK='TRUE';
      ALLOW_CONNECT='TRUE';
    'GNDPAD8':
      PIN_NUMBER='(72)';
      PINUSE='GROUND';
      NO_LOAD_CHECK='Both';
      NO_IO_CHECK='Both';
      NO_ASSERT_CHECK='TRUE';
      NO_DIR_CHECK='TRUE';
      ALLOW_CONNECT='TRUE';
    'GNDPAD9':
      PIN_NUMBER='(73)';
      PINUSE='GROUND';
      NO_LOAD_CHECK='Both';
      NO_IO_CHECK='Both';
      NO_ASSERT_CHECK='TRUE';
      NO_DIR_CHECK='TRUE';
      ALLOW_CONNECT='TRUE';
  end_pin;
  body
    PART_NAME='SY89828';
    LIBRARY_NAME='cadlib';
    PACKAGE_CREATOR='?';
    BODY_NAME='SY89828';
    JEDEC_TYPE='sy89828l_tqfp64';
    PHYS_DES_PREFIX='U';
    CLASS='IC';
  end_body;
end_primitive;

END.
