	(Comment
		(Time 10/03/12,16:44:58)
		(User Godwin)
		(MsgId ECO_081)
		(Text "Symbol sym_1 added to cell")
		(Param1 sym_1)
	)
	(Comment
		(Time 10/03/12,16:45:10)
		(User Godwin)
		(MsgId ECO_081)
		(Text "Symbol sym_2 added to cell")
		(Param1 sym_2)
	)
	(Comment
		(Time 10/03/12,16:45:22)
		(User Godwin)
		(MsgId ECO_021)
		(Text "Package DUMMYPART added to cell")
		(Param1 DUMMYPART)
	)
	(Comment
		(Time 10/03/12,16:55:52)
		(User Godwin)
		(MsgId ECO_081)
		(Text "Symbol sym_3 added to cell")
		(Param1 sym_3)
	)
	(Comment
		(Time 10/03/12,16:59:11)
		(User Godwin)
		(MsgId ECO_082)
		(Text "Symbol sym_3 deleted from cell")
		(Param1 sym_3)
	)
