FILE_TYPE=LIBRARY_PARTS;
primitive 'DS26LS32','DS26LS32_SIOC16';
  pin
    '1B':
      PIN_NUMBER='(1)';
      INPUT_LOAD='(-0.01,0.01)';
    '1A':
      PIN_NUMBER='(2)';
      INPUT_LOAD='(-0.01,0.01)';
    '1Y':
      PIN_NUMBER='(3)';
      OUTPUT_LOAD='(1.0,-1.0)';
    'G':
      PIN_NUMBER='(4)';
      INPUT_LOAD='(-0.01,0.01)';
    '2Y':
      PIN_NUMBER='(5)';
      OUTPUT_LOAD='(1.0,-1.0)';
    '2A':
      PIN_NUMBER='(6)';
      INPUT_LOAD='(-0.01,0.01)';
    '2B':
      PIN_NUMBER='(7)';
      INPUT_LOAD='(-0.01,0.01)';
    'GND':
      PIN_NUMBER='(8)';
      PINUSE='POWER';
      NO_LOAD_CHECK='Both';
      NO_IO_CHECK='Both';
      NO_ASSERT_CHECK='TRUE';
      NO_DIR_CHECK='TRUE';
      ALLOW_CONNECT='TRUE';
    '3B':
      PIN_NUMBER='(9)';
      INPUT_LOAD='(-0.01,0.01)';
    '3A':
      PIN_NUMBER='(10)';
      INPUT_LOAD='(-0.01,0.01)';
    '3Y':
      PIN_NUMBER='(11)';
      OUTPUT_LOAD='(1.0,-1.0)';
    '-G':
      PIN_NUMBER='(12)';
      INPUT_LOAD='(-0.01,0.01)';
    '4Y':
      PIN_NUMBER='(13)';
      OUTPUT_LOAD='(1.0,-1.0)';
    '4A':
      PIN_NUMBER='(14)';
      INPUT_LOAD='(-0.01,0.01)';
    '4B':
      PIN_NUMBER='(15)';
      INPUT_LOAD='(-0.01,0.01)';
    'VCC':
      PIN_NUMBER='(16)';
      PINUSE='POWER';
      NO_LOAD_CHECK='Both';
      NO_IO_CHECK='Both';
      NO_ASSERT_CHECK='TRUE';
      NO_DIR_CHECK='TRUE';
      ALLOW_CONNECT='TRUE';
  end_pin;
  body
    PART_NAME='DS26LS32';
    LIBRARY_NAME='mayerslib';
    PACKAGE_CREATOR='?';
    BODY_NAME='DS26LS32';
    JEDEC_TYPE='soic16';
    PHYS_DES_PREFIX='U';
    CLASS='IC';
  end_body;
end_primitive;

END.
