	(Comment
		(Time 11/16/13,21:28:27)
		(User Godwin)
		(MsgId ECO_021)
		(Text "Package AD9628_SP added to cell")
		(Param1 AD9628_SP)
	)
	(Comment
		(Time 11/16/13,21:37:54)
		(User Godwin)
		(MsgId ECO_081)
		(Text "Symbol sym_1 added to cell")
		(Param1 sym_1)
	)
	(Comment
		(Time 11/16/13,21:44:09)
		(User Godwin)
		(MsgId ECO_082)
		(Text "Symbol sym_1 deleted from cell")
		(Param1 sym_1)
	)
	(Comment
		(Time 11/16/13,21:44:35)
		(User Godwin)
		(MsgId ECO_081)
		(Text "Symbol sym_1 added to cell")
		(Param1 sym_1)
	)
	(Comment
		(Time 11/16/13,21:44:45)
		(User Godwin)
		(MsgId ECO_081)
		(Text "Symbol sym_2 added to cell")
		(Param1 sym_2)
	)
