	(Comment
		(Time 11/19/2009,05:36:12 PM)
		(User ashmansk)
		(MsgId ECO_021)
		(Text "Package AD9287 added to cell")
		(Param1 AD9287)
	)
	(Comment
		(Time 11/19/2009,05:38:17 PM)
		(User ashmansk)
		(MsgId ECO_021)
		(Text "Package AD9287_1 added to cell")
		(Param1 AD9287_1)
	)
	(Comment
		(Time 11/19/2009,05:38:52 PM)
		(User ashmansk)
		(MsgId ECO_022)
		(Text "Package AD9287_1 deleted from cell")
		(Param1 AD9287_1)
	)
	(Comment
		(Time 11/19/2009,05:39:02 PM)
		(User ashmansk)
		(MsgId ECO_022)
		(Text "Package AD9287 deleted from cell")
		(Param1 AD9287)
	)
	(Comment
		(Time 11/19/2009,05:39:04 PM)
		(User ashmansk)
		(MsgId ECO_021)
		(Text "Package AD9287 added to cell")
		(Param1 AD9287)
	)
	(Comment
		(Time 11/19/2009,05:52:27 PM)
		(User ashmansk)
		(MsgId ECO_081)
		(Text "Symbol sym_1 added to cell")
		(Param1 sym_1)
	)
