FILE_TYPE=LIBRARY_PARTS;
primitive 'LAPAS_1';
  pin
    'INA_1':
      PIN_NUMBER='(8)';
      INPUT_LOAD='(-0.01,0.01)';
    'OUTA_2':
      PIN_NUMBER='(34)';
      OUTPUT_LOAD='(1.0,-1.0)';
    'OUTB_1':
      PIN_NUMBER='(36)';
      OUTPUT_LOAD='(1.0,-1.0)';
    'INB_4':
      PIN_NUMBER='(41)';
      INPUT_LOAD='(-0.01,0.01)';
    'INB_2':
      PIN_NUMBER='(11)';
      INPUT_LOAD='(-0.01,0.01)';
    'OUTA_1':
      PIN_NUMBER='(37)';
      OUTPUT_LOAD='(1.0,-1.0)';
    'OUTA_3':
      PIN_NUMBER='(2)';
      OUTPUT_LOAD='(1.0,-1.0)';
    'OUTB_3':
      PIN_NUMBER='(1)';
      OUTPUT_LOAD='(1.0,-1.0)';
    'OUTA_4':
      PIN_NUMBER='(5)';
      OUTPUT_LOAD='(1.0,-1.0)';
    'FBK_3':
      PIN_NUMBER='(50)';
      INPUT_LOAD='(-0.01,0.01)';
    'O3':
      PIN_NUMBER='(45)';
      OUTPUT_LOAD='(1.0,-1.0)';
    'O1':
      PIN_NUMBER='(13)';
      OUTPUT_LOAD='(1.0,-1.0)';
    'FBK2':
      PIN_NUMBER='(22)';
      INPUT_LOAD='(-0.01,0.01)';
    'FBK_4':
      PIN_NUMBER='(54)';
      INPUT_LOAD='(-0.01,0.01)';
    'IN4':
      PIN_NUMBER='(58)';
      INPUT_LOAD='(-0.01,0.01)';
    'INA_2':
      PIN_NUMBER='(10)';
      INPUT_LOAD='(-0.01,0.01)';
    'OUTB_4':
      PIN_NUMBER='(4)';
      OUTPUT_LOAD='(1.0,-1.0)';
    'O4':
      PIN_NUMBER='(46)';
      OUTPUT_LOAD='(1.0,-1.0)';
    'OUTB_2':
      PIN_NUMBER='(33)';
      OUTPUT_LOAD='(1.0,-1.0)';
    'IN2':
      PIN_NUMBER='(26)';
      INPUT_LOAD='(-0.01,0.01)';
    'VFILT2':
      PIN_NUMBER='(27)';
      INPUT_LOAD='(-0.01,0.01)';
    'GNDA_2':
      PIN_NUMBER='(15)';
      PINUSE='GROUND';
      NO_LOAD_CHECK='Both';
      NO_IO_CHECK='Both';
      NO_ASSERT_CHECK='TRUE';
      NO_DIR_CHECK='TRUE';
      ALLOW_CONNECT='TRUE';
    'GNDA_5':
      PIN_NUMBER='(44)';
      PINUSE='GROUND';
      NO_LOAD_CHECK='Both';
      NO_IO_CHECK='Both';
      NO_ASSERT_CHECK='TRUE';
      NO_DIR_CHECK='TRUE';
      ALLOW_CONNECT='TRUE';
    'GNDA_4':
      PIN_NUMBER='(30)';
      PINUSE='GROUND';
      NO_LOAD_CHECK='Both';
      NO_IO_CHECK='Both';
      NO_ASSERT_CHECK='TRUE';
      NO_DIR_CHECK='TRUE';
      ALLOW_CONNECT='TRUE';
    'GNDA_3':
      PIN_NUMBER='(23)';
      PINUSE='GROUND';
      NO_LOAD_CHECK='Both';
      NO_IO_CHECK='Both';
      NO_ASSERT_CHECK='TRUE';
      NO_DIR_CHECK='TRUE';
      ALLOW_CONNECT='TRUE';
    'GNDA_6':
      PIN_NUMBER='(47)';
      PINUSE='GROUND';
      NO_LOAD_CHECK='Both';
      NO_IO_CHECK='Both';
      NO_ASSERT_CHECK='TRUE';
      NO_DIR_CHECK='TRUE';
      ALLOW_CONNECT='TRUE';
    'GNDA_7':
      PIN_NUMBER='(55)';
      PINUSE='GROUND';
      NO_LOAD_CHECK='Both';
      NO_IO_CHECK='Both';
      NO_ASSERT_CHECK='TRUE';
      NO_DIR_CHECK='TRUE';
      ALLOW_CONNECT='TRUE';
    'GNDA_8':
      PIN_NUMBER='(62)';
      PINUSE='GROUND';
      NO_LOAD_CHECK='Both';
      NO_IO_CHECK='Both';
      NO_ASSERT_CHECK='TRUE';
      NO_DIR_CHECK='TRUE';
      ALLOW_CONNECT='TRUE';
    'GNDA_9':
      PIN_NUMBER='(65)';
      PINUSE='GROUND';
      NO_LOAD_CHECK='Both';
      NO_IO_CHECK='Both';
      NO_ASSERT_CHECK='TRUE';
      NO_DIR_CHECK='TRUE';
      ALLOW_CONNECT='TRUE';
    'NC1':
      PIN_NUMBER='(3)';
      PINUSE='GROUND';
      NO_LOAD_CHECK='Both';
      NO_IO_CHECK='Both';
      NO_ASSERT_CHECK='TRUE';
      NO_DIR_CHECK='TRUE';
      ALLOW_CONNECT='TRUE';
    'NC2':
      PIN_NUMBER='(7)';
      PIN_TYPE='ANALOG';
      NO_LOAD_CHECK='Both';
      NO_IO_CHECK='Both';
      NO_ASSERT_CHECK='TRUE';
      NO_DIR_CHECK='TRUE';
      ALLOW_CONNECT='TRUE';
    'NC3':
      PIN_NUMBER='(35)';
      PINUSE='GROUND';
      NO_LOAD_CHECK='Both';
      NO_IO_CHECK='Both';
      NO_ASSERT_CHECK='TRUE';
      NO_DIR_CHECK='TRUE';
      ALLOW_CONNECT='TRUE';
    'NC4':
      PIN_NUMBER='(39)';
      PINUSE='GROUND';
      NO_LOAD_CHECK='Both';
      NO_IO_CHECK='Both';
      NO_ASSERT_CHECK='TRUE';
      NO_DIR_CHECK='TRUE';
      ALLOW_CONNECT='TRUE';
    'VCC2_1':
      PIN_NUMBER='(16)';
      PINUSE='POWER';
      NO_LOAD_CHECK='Both';
      NO_IO_CHECK='Both';
      NO_ASSERT_CHECK='TRUE';
      NO_DIR_CHECK='TRUE';
      ALLOW_CONNECT='TRUE';
    'VCC2_2':
      PIN_NUMBER='(25)';
      PINUSE='POWER';
      NO_LOAD_CHECK='Both';
      NO_IO_CHECK='Both';
      NO_ASSERT_CHECK='TRUE';
      NO_DIR_CHECK='TRUE';
      ALLOW_CONNECT='TRUE';
    'VCC2_3':
      PIN_NUMBER='(48)';
      PINUSE='POWER';
      NO_LOAD_CHECK='Both';
      NO_IO_CHECK='Both';
      NO_ASSERT_CHECK='TRUE';
      NO_DIR_CHECK='TRUE';
      ALLOW_CONNECT='TRUE';
    'VCC2_4':
      PIN_NUMBER='(57)';
      PINUSE='POWER';
      NO_LOAD_CHECK='Both';
      NO_IO_CHECK='Both';
      NO_ASSERT_CHECK='TRUE';
      NO_DIR_CHECK='TRUE';
      ALLOW_CONNECT='TRUE';
    'VDD_2':
      PIN_NUMBER='(31)';
      PINUSE='POWER';
      NO_LOAD_CHECK='Both';
      NO_IO_CHECK='Both';
      NO_ASSERT_CHECK='TRUE';
      NO_DIR_CHECK='TRUE';
      ALLOW_CONNECT='TRUE';
    'VDD_3':
      PIN_NUMBER='(38)';
      PINUSE='POWER';
      NO_LOAD_CHECK='Both';
      NO_IO_CHECK='Both';
      NO_ASSERT_CHECK='TRUE';
      NO_DIR_CHECK='TRUE';
      ALLOW_CONNECT='TRUE';
    'VDD_4':
      PIN_NUMBER='(63)';
      PINUSE='POWER';
      NO_LOAD_CHECK='Both';
      NO_IO_CHECK='Both';
      NO_ASSERT_CHECK='TRUE';
      NO_DIR_CHECK='TRUE';
      ALLOW_CONNECT='TRUE';
    'VCC1_1':
      PIN_NUMBER='(24)';
      PINUSE='POWER';
      NO_LOAD_CHECK='Both';
      NO_IO_CHECK='Both';
      NO_ASSERT_CHECK='TRUE';
      NO_DIR_CHECK='TRUE';
      ALLOW_CONNECT='TRUE';
    'VCC1_2':
      PIN_NUMBER='(56)';
      PINUSE='POWER';
      NO_LOAD_CHECK='Both';
      NO_IO_CHECK='Both';
      NO_ASSERT_CHECK='TRUE';
      NO_DIR_CHECK='TRUE';
      ALLOW_CONNECT='TRUE';
    'VDD_1':
      PIN_NUMBER='(6)';
      PINUSE='POWER';
      NO_LOAD_CHECK='Both';
      NO_IO_CHECK='Both';
      NO_ASSERT_CHECK='TRUE';
      NO_DIR_CHECK='TRUE';
      ALLOW_CONNECT='TRUE';
    'INB_1':
      PIN_NUMBER='(9)';
      INPUT_LOAD='(-0.01,0.01)';
    'GNDA_1':
      PIN_NUMBER='(12)';
      PIN_TYPE='ANALOG';
      NO_LOAD_CHECK='Both';
      NO_IO_CHECK='Both';
      NO_ASSERT_CHECK='TRUE';
      NO_DIR_CHECK='TRUE';
      ALLOW_CONNECT='TRUE';
    'IN3':
      PIN_NUMBER='(51)';
      INPUT_LOAD='(-0.01,0.01)';
    'SUB_2':
      PIN_NUMBER='(49)';
      INPUT_LOAD='(-0.01,0.01)';
    'SUB_1':
      PIN_NUMBER='(17)';
      PIN_TYPE='ANALOG';
      NO_LOAD_CHECK='Both';
      NO_IO_CHECK='Both';
      NO_ASSERT_CHECK='TRUE';
      NO_DIR_CHECK='TRUE';
      ALLOW_CONNECT='TRUE';
    'VFILT_3':
      PIN_NUMBER='(52)';
      INPUT_LOAD='(-0.01,0.01)';
    'VFILT_1':
      PIN_NUMBER='(20)';
      INPUT_LOAD='(-0.01,0.01)';
    'VFILT_4':
      PIN_NUMBER='(59)';
      INPUT_LOAD='(-0.01,0.01)';
    'IN1':
      PIN_NUMBER='(19)';
      INPUT_LOAD='(-0.01,0.01)';
    'CMADJ1_10X':
      PIN_NUMBER='(21)';
      INPUT_LOAD='(-0.01,0.01)';
    'BSET2_1X':
      PIN_NUMBER='(61)';
      INPUT_LOAD='(-0.01,0.01)';
    'G2_4':
      PIN_NUMBER='(53)';
      INPUT_LOAD='(-0.01,0.01)';
    'BSET1_1X':
      PIN_NUMBER='(60)';
      INPUT_LOAD='(-0.01,0.01)';
    'CMADJ2_1X':
      PIN_NUMBER='(64)';
      INPUT_LOAD='(-0.01,0.01)';
    'BSET2_10X':
      PIN_NUMBER='(29)';
      INPUT_LOAD='(-0.01,0.01)';
    'BSET1_10X':
      PIN_NUMBER='(28)';
      INPUT_LOAD='(-0.01,0.01)';
    'CMADJ2_10X':
      PIN_NUMBER='(32)';
      INPUT_LOAD='(-0.01,0.01)';
    'FBK1':
      PIN_NUMBER='(18)';
      INPUT_LOAD='(-0.01,0.01)';
    'O2':
      PIN_NUMBER='(14)';
      OUTPUT_LOAD='(1.0,-1.0)';
    'INA_4':
      PIN_NUMBER='(40)';
      INPUT_LOAD='(-0.01,0.01)';
    'INA_3':
      PIN_NUMBER='(42)';
      INPUT_LOAD='(-0.01,0.01)';
    'INB_3':
      PIN_NUMBER='(43)';
      INPUT_LOAD='(-0.01,0.01)';
  end_pin;
  body
    PART_NAME='LAPAS_1';
    BODY_NAME='LAPAS_1';
    JEDEC_TYPE='qfn_64';
    PHYS_DES_PREFIX='U';
    CLASS='IC';
  end_body;
end_primitive;

END.
