	(Comment
		(Time 07/09/12,14:18:48)
		(User HEP)
		(MsgId ECO_021)
		(Text "Package LT1085 added to cell")
		(Param1 LT1085)
	)
	(Comment
		(Time 07/09/12,14:24:22)
		(User HEP)
		(MsgId ECO_081)
		(Text "Symbol sym_1 added to cell")
		(Param1 sym_1)
	)
	(Comment
		(Time 07/10/12,11:31:00)
		(User HEP)
		(MsgId ECO_082)
		(Text "Symbol sym_1 deleted from cell")
		(Param1 sym_1)
	)
	(Comment
		(Time 07/10/12,11:31:06)
		(User HEP)
		(MsgId ECO_022)
		(Text "Package LT1085 deleted from cell")
		(Param1 LT1085)
	)
	(Comment
		(Time 07/10/12,11:31:10)
		(User HEP)
		(MsgId ECO_021)
		(Text "Package LT1085 added to cell")
		(Param1 LT1085)
	)
	(Comment
		(Time 07/10/12,11:31:46)
		(User HEP)
		(MsgId ECO_081)
		(Text "Symbol sym_1 added to cell")
		(Param1 sym_1)
	)
