========================================================================
Symbol Check Log File
Drawing: /home/ashmansk/proj/spews/cadlib/footprints/CP-48-1.dra 
Nov 20 14:20:42 2009
========================================================================
REFDES Exist PASSED

REFDES Text Size FAILED

REFDES Subclass PASSED

COMPONENT VALUE Exist PASSED

COMPONENT VALUE Text Size Has WARNINGS

COMPONENT VALUE Subclass PASSED

DEVICE TYPE Exist Has WARNINGS

DEVICE TYPE Text Size Has WARNINGS

DEVICE TYPE Subclass Has WARNINGS

TOLERANCE Exist Has WARNINGS

TOLERANCE Text Size Has WARNINGS

TOLERANCE Subclass Has WARNINGS

USER PART NUMBER Exist PASSED

USER PART NUMBER Text Size FAILED

USER PART NUMBER Subclass FAILED

SILK SCREEN Geometry PASSED

ASSEMBLY Geometry PASSED

PIN LOCATION DATA:
1      (-3.25 3.75) SPM55X30
2      (-3.25 3.25) SPM55X30
3      (-3.25 2.75) SPM55X30
4      (-3.25 2.25) SPM55X30
5      (-3.25 1.75) SPM55X30
6      (-3.25 1.25) SPM55X30
7      (-3.25 0.75) SPM55X30
8      (-3.25 0.25) SPM55X30
9      (-3.25 -0.25) SPM55X30
10     (-3.25 -0.75) SPM55X30
11     (-3.25 -1.25) SPM55X30
12     (-3.25 -1.75) SPM55X30
13     (-2.5 -2.5) SPM30X55
14     (-2.0 -2.5) SPM30X55
15     (-1.5 -2.5) SPM30X55
16     (-1.0 -2.5) SPM30X55
17     (-0.5 -2.5) SPM30X55
18     (0.0 -2.5) SPM30X55
19     (0.5 -2.5) SPM30X55
20     (1.0 -2.5) SPM30X55
21     (1.5 -2.5) SPM30X55
22     (2.0 -2.5) SPM30X55
23     (2.5 -2.5) SPM30X55
24     (3.0 -2.5) SPM30X55
25     (3.75 -1.75) SPM55X30
26     (3.75 -1.25) SPM55X30
27     (3.75 -0.75) SPM55X30
28     (3.75 -0.25) SPM55X30
29     (3.75 0.25) SPM55X30
30     (3.75 0.75) SPM55X30
31     (3.75 1.25) SPM55X30
32     (3.75 1.75) SPM55X30
33     (3.75 2.25) SPM55X30
34     (3.75 2.75) SPM55X30
35     (3.75 3.25) SPM55X30
36     (3.75 3.75) SPM55X30
37     (3.0 4.5) SPM30X55
38     (2.5 4.5) SPM30X55
39     (2.0 4.5) SPM30X55
40     (1.5 4.5) SPM30X55
41     (1.0 4.5) SPM30X55
42     (0.5 4.5) SPM30X55
43     (0.0 4.5) SPM30X55
44     (-0.5 4.5) SPM30X55
45     (-1.0 4.5) SPM30X55
46     (-1.5 4.5) SPM30X55
47     (-2.0 4.5) SPM30X55
48     (-2.5 4.5) SPM30X55
PIN Location Report PASSED

========================================================================
Errors Found: 5
Warnings Found: 7

End Of Log File
