FILE_TYPE=LIBRARY_PARTS;
primitive 'OPA2835_C';
  pin
    '5':
      PIN_NUMBER='(5,5)';
      PINUSE='POWER';
      NO_LOAD_CHECK='Both';
      NO_IO_CHECK='Both';
      NO_ASSERT_CHECK='TRUE';
      NO_DIR_CHECK='TRUE';
      ALLOW_CONNECT='TRUE';
    '10':
      PIN_NUMBER='(10,10)';
      PINUSE='POWER';
      NO_LOAD_CHECK='Both';
      NO_IO_CHECK='Both';
      NO_ASSERT_CHECK='TRUE';
      NO_DIR_CHECK='TRUE';
      ALLOW_CONNECT='TRUE';
    '2':
      PIN_NUMBER='(2,8)';
      INPUT_LOAD='(-0.01,0.01)';
    '3':
      PIN_NUMBER='(3,7)';
      INPUT_LOAD='(-0.01,0.01)';
    '4':
      PIN_NUMBER='(4,6)';
      INPUT_LOAD='(-0.01,0.01)';
    '1':
      PIN_NUMBER='(1,9)';
      OUTPUT_LOAD='(1.0,-1.0)';
  end_pin;
  body
    PART_NAME='OPA2835_C';
    BODY_NAME='OPA2835_C';
    JEDEC_TYPE='wqfn-10';
    PHYS_DES_PREFIX='U';
    CLASS='IC';
  end_body;
end_primitive;

END.
