	(Comment
		(Time 02/28/12,15:59:43)
		(User Godwin)
		(MsgId ECO_021)
		(Text "Package OPA350_1 added to cell")
		(Param1 OPA350_1)
	)
	(Comment
		(Time 02/28/12,16:00:03)
		(User Godwin)
		(MsgId ECO_022)
		(Text "Package OPA350_1 deleted from cell")
		(Param1 OPA350_1)
	)
	(Comment
		(Time 02/28/12,16:04:53)
		(User Godwin)
		(MsgId ECO_081)
		(Text "Symbol sym_2 added to cell")
		(Param1 sym_2)
	)
	(Comment
		(Time 02/28/12,16:05:57)
		(User Godwin)
		(MsgId ECO_021)
		(Text "Package OPA350_1 added to cell")
		(Param1 OPA350_1)
	)
	(Comment
		(Time 02/28/12,16:06:42)
		(User Godwin)
		(MsgId ECO_022)
		(Text "Package OPA350_1 deleted from cell")
		(Param1 OPA350_1)
	)
	(Comment
		(Time 02/28/12,16:06:58)
		(User Godwin)
		(MsgId ECO_021)
		(Text "Package OPA350_1 added to cell")
		(Param1 OPA350_1)
	)
	(Comment
		(Time 02/28/12,16:07:15)
		(User Godwin)
		(MsgId ECO_082)
		(Text "Symbol sym_2 deleted from cell")
		(Param1 sym_2)
	)
	(Comment
		(Time 02/28/12,16:08:47)
		(User Godwin)
		(MsgId ECO_022)
		(Text "Package OPA350 deleted from cell")
		(Param1 OPA350)
	)
