FILE_TYPE=LIBRARY_PARTS;
primitive 'RES_0402';
  pin
    '2':
      PIN_NUMBER='(2)';
      PIN_TYPE='ANALOG';
      NO_LOAD_CHECK='Both';
      NO_IO_CHECK='Both';
      NO_ASSERT_CHECK='TRUE';
      NO_DIR_CHECK='TRUE';
      ALLOW_CONNECT='TRUE';
    '1':
      PIN_NUMBER='(1)';
      PIN_TYPE='ANALOG';
      NO_LOAD_CHECK='Both';
      NO_IO_CHECK='Both';
      NO_ASSERT_CHECK='TRUE';
      NO_DIR_CHECK='TRUE';
      ALLOW_CONNECT='TRUE';
  end_pin;
  body
    PART_NAME='RES_0402';
    BODY_NAME='RES_0402';
    JEDEC_TYPE='res0402';
    PHYS_DES_PREFIX='R';
    CLASS='DISCRETE';
  end_body;
end_primitive;

END.
