	(Comment
		(Time 05/30/14,13:26:53)
		(User mbreilly)
		(MsgId ECO_021)
		(Text "Package MAX8881 added to cell")
		(Param1 "MAX8881")
	)
	(Comment
		(Time 05/30/14,13:27:54)
		(User mbreilly)
		(MsgId ECO_081)
		(Text "Symbol sym_1 added to cell")
		(Param1 "sym_1")
	)
	(Comment
		(Time 06/24/14,13:29:23)
		(User mbreilly)
		(MsgId ECO_081)
		(Text "Symbol sym_2 added to cell")
		(Param1 "sym_2")
	)
	(Comment
		(Time 06/24/14,13:31:06)
		(User mbreilly)
		(MsgId ECO_081)
		(Text "Symbol sym_3 added to cell")
		(Param1 "sym_3")
	)
	(Comment
		(Time 06/24/14,13:31:18)
		(User mbreilly)
		(MsgId ECO_082)
		(Text "Symbol sym_2 deleted from cell")
		(Param1 "sym_2")
	)
	(Comment
		(Time 06/24/14,13:31:22)
		(User mbreilly)
		(MsgId ECO_082)
		(Text "Symbol sym_3 deleted from cell")
		(Param1 "sym_3")
	)
	(Comment
		(Time 06/24/14,13:35:16)
		(User mbreilly)
		(MsgId ECO_081)
		(Text "Symbol sym_2 added to cell")
		(Param1 "sym_2")
	)
	(Comment
		(Time 06/24/14,13:35:24)
		(User mbreilly)
		(MsgId ECO_082)
		(Text "Symbol sym_1 deleted from cell")
		(Param1 "sym_1")
	)
