	(Comment
		(Time 05/28/14,11:35:23)
		(User mbreilly)
		(MsgId ECO_021)
		(Text "Package ERNI_174234 added to cell")
		(Param1 "ERNI_174234")
	)
	(Comment
		(Time 05/28/14,11:39:03)
		(User mbreilly)
		(MsgId ECO_081)
		(Text "Symbol sym_1 added to cell")
		(Param1 "sym_1")
	)
	(Comment
		(Time 05/28/14,11:41:15)
		(User mbreilly)
		(MsgId ECO_081)
		(Text "Symbol sym_2 added to cell")
		(Param1 "sym_2")
	)
	(Comment
		(Time 05/28/14,11:41:35)
		(User mbreilly)
		(MsgId ECO_082)
		(Text "Symbol sym_2 deleted from cell")
		(Param1 "sym_2")
	)
	(Comment
		(Time 05/28/14,11:43:16)
		(User mbreilly)
		(MsgId ECO_081)
		(Text "Symbol sym_2 added to cell")
		(Param1 "sym_2")
	)
	(Comment
		(Time 05/28/14,11:43:28)
		(User mbreilly)
		(MsgId ECO_082)
		(Text "Symbol sym_2 deleted from cell")
		(Param1 "sym_2")
	)
	(Comment
		(Time 05/28/14,11:43:57)
		(User mbreilly)
		(MsgId ECO_082)
		(Text "Symbol sym_1 deleted from cell")
		(Param1 "sym_1")
	)
	(Comment
		(Time 05/28/14,11:44:12)
		(User mbreilly)
		(MsgId ECO_081)
		(Text "Symbol sym_1 added to cell")
		(Param1 "sym_1")
	)
	(Comment
		(Time 05/28/14,15:53:27)
		(User mbreilly)
		(MsgId ECO_081)
		(Text "Symbol sym_2 added to cell")
		(Param1 "sym_2")
	)
	(Comment
		(Time 05/28/14,15:53:58)
		(User mbreilly)
		(MsgId ECO_082)
		(Text "Symbol sym_2 deleted from cell")
		(Param1 "sym_2")
	)
