FILE_TYPE=LIBRARY_PARTS;
primitive 'AD8351';
  pin
    '1 PWUP':
      PIN_NUMBER='(1)';
      INPUT_LOAD='(-0.01,0.01)';
    '2 RGP1':
      PIN_NUMBER='(2)';
      INPUT_LOAD='(-0.01,0.01)';
    '3 INHI':
      PIN_NUMBER='(3)';
      INPUT_LOAD='(-0.01,0.01)';
    '4 INLO':
      PIN_NUMBER='(4)';
      INPUT_LOAD='(-0.01,0.01)';
    '5 RGP2':
      PIN_NUMBER='(5)';
      INPUT_LOAD='(-0.01,0.01)';
    '6 COMM':
      PIN_NUMBER='(6)';
      PINUSE='GROUND';
      NO_LOAD_CHECK='Both';
      NO_IO_CHECK='Both';
      NO_ASSERT_CHECK='TRUE';
      NO_DIR_CHECK='TRUE';
      ALLOW_CONNECT='TRUE';
    '7 OPLO':
      PIN_NUMBER='(7)';
      OUTPUT_LOAD='(1.0,-1.0)';
    '8 OPHI':
      PIN_NUMBER='(8)';
      OUTPUT_LOAD='(1.0,-1.0)';
    '9 VPOS':
      PIN_NUMBER='(9)';
      PINUSE='POWER';
      NO_LOAD_CHECK='Both';
      NO_IO_CHECK='Both';
      NO_ASSERT_CHECK='TRUE';
      NO_DIR_CHECK='TRUE';
      ALLOW_CONNECT='TRUE';
    '10 VOCM':
      PIN_NUMBER='(10)';
      PINUSE='POWER';
      NO_LOAD_CHECK='Both';
      NO_IO_CHECK='Both';
      NO_ASSERT_CHECK='TRUE';
      NO_DIR_CHECK='TRUE';
      ALLOW_CONNECT='TRUE';
  end_pin;
  body
    PART_NAME='AD8351';
    BODY_NAME='AD8351';
    JEDEC_TYPE='rm-10';
    PHYS_DES_PREFIX='U';
    CLASS='IC';
  end_body;
end_primitive;

END.
