	(Comment
		(Time 01/14/09,14:28:38)
		(User Godwin)
		(MsgId ECO_021)
		(Text "Package MEC8_CARD30A added to cell")
		(Param1 MEC8_CARD30A)
	)
	(Comment
		(Time 01/14/09,14:32:52)
		(User Godwin)
		(MsgId ECO_081)
		(Text "Symbol sym_1 added to cell")
		(Param1 sym_1)
	)
	(Comment
		(Time 01/14/09,14:40:04)
		(User Godwin)
		(MsgId ECO_081)
		(Text "Symbol sym_2 added to cell")
		(Param1 sym_2)
	)
	(Comment
		(Time 01/14/09,14:40:13)
		(User Godwin)
		(MsgId ECO_082)
		(Text "Symbol sym_2 deleted from cell")
		(Param1 sym_2)
	)
	(Comment
		(Time 01/14/09,14:54:38)
		(User Godwin)
		(MsgId ECO_081)
		(Text "Symbol sym_2 added to cell")
		(Param1 sym_2)
	)
