	(Comment
		(Time 05/06/11,17:30:59)
		(User Godwin)
		(MsgId ECO_021)
		(Text "Package D_74HCT244 added to cell")
		(Param1 D_74HCT244)
	)
	(Comment
		(Time 05/06/11,17:33:26)
		(User Godwin)
		(MsgId ECO_081)
		(Text "Symbol sym_1 added to cell")
		(Param1 sym_1)
	)
	(Comment
		(Time 05/06/11,17:35:14)
		(User Godwin)
		(MsgId ECO_081)
		(Text "Symbol sym_2 added to cell")
		(Param1 sym_2)
	)
	(Comment
		(Time 05/06/11,17:35:52)
		(User Godwin)
		(MsgId ECO_082)
		(Text "Symbol sym_2 deleted from cell")
		(Param1 sym_2)
	)
