FILE_TYPE=LIBRARY_PARTS;
primitive 'AT45DB642D';
  pin
    'SI':
      PIN_NUMBER='(1)';
      INPUT_LOAD='(-0.01,0.01)';
    'SCK':
      PIN_NUMBER='(2)';
      INPUT_LOAD='(-0.01,0.01)';
    'RESET_N':
      PIN_NUMBER='(3)';
      INPUT_LOAD='(-0.01,0.01)';
    'CS_N':
      PIN_NUMBER='(4)';
      INPUT_LOAD='(-0.01,0.01)';
    'SO':
      PIN_NUMBER='(8)';
      OUTPUT_LOAD='(1.0,-1.0)';
    'GND':
      PIN_NUMBER='(7)';
      PINUSE='GROUND';
      NO_LOAD_CHECK='Both';
      NO_IO_CHECK='Both';
      NO_ASSERT_CHECK='TRUE';
      NO_DIR_CHECK='TRUE';
      ALLOW_CONNECT='TRUE';
    'VCC':
      PIN_NUMBER='(6)';
      PINUSE='POWER';
      NO_LOAD_CHECK='Both';
      NO_IO_CHECK='Both';
      NO_ASSERT_CHECK='TRUE';
      NO_DIR_CHECK='TRUE';
      ALLOW_CONNECT='TRUE';
    'WP_N':
      PIN_NUMBER='(5)';
      INPUT_LOAD='(-0.01,0.01)';
  end_pin;
  body
    PART_NAME='AT45DB642D';
    BODY_NAME='AT45DB642D';
    JEDEC_TYPE='at45db642d_8cn3';
    PHYS_DES_PREFIX='U';
    CLASS='IC';
  end_body;
end_primitive;

END.
