FILE_TYPE=LIBRARY_PARTS;
primitive 'RSMD0402';
  pin
    '1':
      PIN_NUMBER='(1)';
      PIN_TYPE='ANALOG';
      NO_LOAD_CHECK='Both';
      NO_IO_CHECK='Both';
      NO_ASSERT_CHECK='TRUE';
      NO_DIR_CHECK='TRUE';
      ALLOW_CONNECT='TRUE';
    '2':
      PIN_NUMBER='(2)';
      PIN_TYPE='ANALOG';
      NO_LOAD_CHECK='Both';
      NO_IO_CHECK='Both';
      NO_ASSERT_CHECK='TRUE';
      NO_DIR_CHECK='TRUE';
      ALLOW_CONNECT='TRUE';
  end_pin;
  body
    PART_NAME='RSMD0402';
    ALT_SYMBOLS='(c0402)';
    COMP_TYPE='RES';
    PATH='2P';
    DRAWING='ELEMENTCHIPS.LOGIC.1.1';
    PRIM_TYPE='CHIPS_PRT';
    PRIM_FILE='/modeler/build/awbged/element/resistor/chips_prt';
    VER='1';
    XY='(1350,1350)';
    DIR='ELEMENT.LIB';
    ROT='0';
    PINCOUNT='2';
    SIZE='1';
    BODY_NAME='_RSMD0402B';
    JEDEC_TYPE='r0402';
    PHYS_DES_PREFIX='R';
    CLASS='DISCRETE';
  end_body;
end_primitive;

END.
