temp/xxnedtmp2/event.log NEWFILE1
temp/xxnedtmp2/text.log NEWFILE2
temp/xxnedtmp2/environ.log NEWFILE3
C:\Cadence\SPB_16.6\share\cdssetup/concept/concepthdl.scr FILE4
C:\Users\HEP\Documents\GitHub\PMTPulser\cds.lib FILE5
C:\Users\HEP\Documents\GitHub\PMTPulser\libraries\parts_lib\simplepulser\sch_1\page1.csb FILE6
C:\Users\HEP\Documents\GitHub\PMTPulser\libraries\parts_lib\simplepulser\sch_1\page1_csb.lck NEWFILE7
temp/xxnedtmp2/undo1.log NEWFILE8
C:\Users\HEP\Documents\GitHub\PMTPulser\libraries\parts_lib\penn#20b#20size#20page\sym_1\symbol.css FILE9
C:\Users\HEP\Documents\GitHub\PMTPulser\libraries\parts_lib\rsmd0402\sym_1\symbol.css FILE10
C:\Users\HEP\Documents\GitHub\PMTPulser\libraries\parts_lib\bas70_04\sym_1\symbol.css FILE11
C:\Users\HEP\Documents\GitHub\PMTPulser\libraries\parts_lib\conn2\sym_1\symbol.css FILE12
C:\Users\HEP\Documents\GitHub\PMTPulser\libraries\parts_lib\lsmd1206\sym_1\symbol.css FILE13
C:\Users\HEP\Documents\GitHub\PMTPulser\libraries\parts_lib\bfu730f\sym_1\symbol.css FILE14
C:\Users\HEP\Documents\GitHub\PMTPulser\libraries\parts_lib\csmd0402\sym_1\symbol.css FILE15
C:\Users\HEP\Documents\GitHub\PMTPulser\libraries\parts_lib\adn4661\sym_1\symbol.css FILE16
C:\Users\HEP\Documents\GitHub\PMTPulser\libraries\parts_lib\lmc555\sym_1\symbol.css FILE17
C:\Users\HEP\Documents\GitHub\PMTPulser\libraries\parts_lib\simplepulser\sch_1\page1_csa.lck NEWFILE18
C:/Users/HEP/Documents/GitHub/PMTPulser/worklib/simplepulser/sch_1/simplepulser.xcon FILE19
C:/Users/HEP/Documents/GitHub/PMTPulser/worklib/simplepulser/sch_1/simplepulser.dcf FILE20
C:\Users\HEP\Documents\GitHub\PMTPulser\worklib\simplepulser\sch_1\page2.csb FILE21
C:\Users\HEP\Documents\GitHub\PMTPulser\worklib\simplepulser\sch_1\page2_csb.lck NEWFILE22
C:\Users\HEP\Documents\GitHub\PMTPulser\libraries\parts_lib\rk09l\sym_1\symbol.css FILE23
C:\Users\HEP\Documents\GitHub\PMTPulser\libraries\parts_lib\ltc2050\sym_1\symbol.css FILE24
C:\Users\HEP\Documents\GitHub\PMTPulser\libraries\parts_lib\trimpot\sym_1\symbol.css FILE25
C:\Users\HEP\Documents\GitHub\PMTPulser\libraries\parts_lib\bfr182\sym_1\symbol.css FILE26
C:\Users\HEP\Documents\GitHub\PMTPulser\worklib\simplepulser\sch_1\page3.csb FILE27
C:\Users\HEP\Documents\GitHub\PMTPulser\worklib\simplepulser\sch_1\page3_csb.lck NEWFILE28
C:\Users\HEP\Documents\GitHub\PMTPulser\worklib\simplepulser\sch_1\page2_csa.lck NEWFILE29
C:\Users\HEP\Documents\GitHub\PMTPulser\libraries\parts_lib\hfa3128b96\sym_1\symbol.css FILE30
C:\Users\HEP\Documents\GitHub\PMTPulser\worklib\simplepulser\sch_1\page3_csa.lck NEWFILE31
C:\Users\HEP\Documents\GitHub\PMTPulser\worklib\simplepulser\sch_1\page1.csb FILE32
C:\Users\HEP\Documents\GitHub\PMTPulser\worklib\simplepulser\sch_1\page1_csb.lck NEWFILE33
C:\Users\HEP\Documents\GitHub\PMTPulser\worklib\simplepulser\sch_1\page1_csa.lck NEWFILE34
C:/Cadence/SPB_16.6/tools/language/config.dat FILE35
temp/xxnedtmp2/concept.mkr NEWFILE36
C:/Cadence/SPB_16.6/tools/language/pack_type_rename.dat NEWFILE37
temp/xxnedtmp2/../hfa3128b96.mkr NEWFILE38
temp/xxnedtmp2/../rsmd0402.mkr NEWFILE39
temp/xxnedtmp2/../penn#20b#20size#20page.mkr NEWFILE40
temp/xxnedtmp2/../conn2.mkr NEWFILE41
temp/xxnedtmp2/../csmd0402.mkr NEWFILE42
C:\Users\HEP\Documents\GitHub\PMTPulser\worklib\simplepulser\sch_1\page3.csa FILE43
C:\Users\HEP\Documents\GitHub\PMTPulser\worklib\simplepulser\sch_1\page3.csv FILE44
C:/Users/HEP/Documents/GitHub/PMTPulser/worklib/simplepulser/sch_1/simplepulser_xcon.lck NEWFILE45
C:/Users/HEP/Documents/GitHub/PMTPulser/worklib/simplepulser/sch_1/simplepulser_dcf.lck NEWFILE46
temp/xxnedtmp2/csnetlister.mkr NEWFILE47
