	(Comment
		(Time 03/27/14,14:38:39)
		(User Godwin)
		(MsgId ECO_021)
		(Text "Package 10H125_PLCC added to cell")
		(Param1 10H125_PLCC)
	)
	(Comment
		(Time 03/27/14,15:03:57)
		(User Godwin)
		(MsgId ECO_081)
		(Text "Symbol sym_1 added to cell")
		(Param1 sym_1)
	)
	(Comment
		(Time 03/27/14,15:05:17)
		(User Godwin)
		(MsgId ECO_081)
		(Text "Symbol sym_2 added to cell")
		(Param1 sym_2)
	)
	(Comment
		(Time 03/31/14,11:52:22)
		(User Godwin)
		(MsgId ECO_022)
		(Text "Package 10H125_PLCC deleted from cell")
		(Param1 10H125_PLCC)
	)
	(Comment
		(Time 03/31/14,11:52:30)
		(User Godwin)
		(MsgId ECO_082)
		(Text "Symbol sym_2 deleted from cell")
		(Param1 sym_2)
	)
	(Comment
		(Time 03/31/14,11:52:39)
		(User Godwin)
		(MsgId ECO_021)
		(Text "Package 10H125_PLCC added to cell")
		(Param1 10H125_PLCC)
	)
	(Comment
		(Time 03/31/14,11:53:42)
		(User Godwin)
		(MsgId ECO_082)
		(Text "Symbol sym_1 deleted from cell")
		(Param1 sym_1)
	)
	(Comment
		(Time 03/31/14,11:55:00)
		(User Godwin)
		(MsgId ECO_081)
		(Text "Symbol sym_1 added to cell")
		(Param1 sym_1)
	)
