	(Comment
		(Time 01/07/09,17:15:02)
		(User Godwin)
		(MsgId ECO_081)
		(Text "Symbol sym_1 added to cell")
		(Param1 sym_1)
	)
	(Comment
		(Time 01/07/09,17:15:17)
		(User Godwin)
		(MsgId ECO_082)
		(Text "Symbol sym_1 deleted from cell")
		(Param1 sym_1)
	)
	(Comment
		(Time 01/07/09,17:15:19)
		(User Godwin)
		(MsgId ECO_021)
		(Text "Package BONDPAD42 added to cell")
		(Param1 BONDPAD42)
	)
	(Comment
		(Time 01/07/09,17:20:58)
		(User Godwin)
		(MsgId ECO_081)
		(Text "Symbol sym_1 added to cell")
		(Param1 sym_1)
	)
	(Comment
		(Time 01/07/09,17:53:44)
		(User Godwin)
		(MsgId ECO_081)
		(Text "Symbol sym_2 added to cell")
		(Param1 sym_2)
	)
