FILE_TYPE=LIBRARY_PARTS;
primitive 'ASEMPLV','ASEMPLV_ASEMPLV';
  pin
    'TRISTATE':
      PIN_NUMBER='(1)';
      INPUT_LOAD='(-0.01,0.01)';
    'NC':
      PIN_NUMBER='(2)';
      PINUSE='NC';
      NO_LOAD_CHECK='Both';
      NO_IO_CHECK='Both';
      NO_ASSERT_CHECK='TRUE';
      NO_DIR_CHECK='TRUE';
      ALLOW_CONNECT='TRUE';
    'GND':
      PIN_NUMBER='(3)';
      PINUSE='GROUND';
      NO_LOAD_CHECK='Both';
      NO_IO_CHECK='Both';
      NO_ASSERT_CHECK='TRUE';
      NO_DIR_CHECK='TRUE';
      ALLOW_CONNECT='TRUE';
    'OUTPUT+':
      PIN_NUMBER='(4)';
      OUTPUT_LOAD='(1.0,-1.0)';
      DIFF_PAIR_PINS_POS='DP_OUTPUT';
    'OUTPUT-':
      PIN_NUMBER='(5)';
      OUTPUT_LOAD='(1.0,-1.0)';
      DIFF_PAIR_PINS_NEG='DP_OUTPUT';
    'VCC3V3':
      PIN_NUMBER='(6)';
      PINUSE='POWER';
      NO_LOAD_CHECK='Both';
      NO_IO_CHECK='Both';
      NO_ASSERT_CHECK='TRUE';
      NO_DIR_CHECK='TRUE';
      ALLOW_CONNECT='TRUE';
  end_pin;
  body
    PART_NAME='ASEMPLV';
    LIBRARY_NAME='cadlib';
    PACKAGE_CREATOR='?';
    BODY_NAME='ASEMPLV';
    JEDEC_TYPE='asemp_lvds';
    PHYS_DES_PREFIX='U';
    CLASS='IC';
  end_body;
end_primitive;

END.
