FILE_TYPE=LIBRARY_PARTS;
primitive 'W25Q64BV';
  pin
    'CS_N':
      PIN_NUMBER='(1)';
      INPUT_LOAD='(-0.01,0.01)';
    'DO':
      PIN_NUMBER='(2)';
      OUTPUT_LOAD='(1.0,-1.0)';
    'WP_N':
      PIN_NUMBER='(3)';
      INPUT_LOAD='(-0.01,0.01)';
    'GND':
      PIN_NUMBER='(4)';
      PINUSE='GROUND';
      NO_LOAD_CHECK='Both';
      NO_IO_CHECK='Both';
      NO_ASSERT_CHECK='TRUE';
      NO_DIR_CHECK='TRUE';
      ALLOW_CONNECT='TRUE';
    'DI':
      PIN_NUMBER='(5)';
      INPUT_LOAD='(-0.01,0.01)';
    'CLK':
      PIN_NUMBER='(6)';
      INPUT_LOAD='(-0.01,0.01)';
    'HOLD_N':
      PIN_NUMBER='(7)';
      INPUT_LOAD='(-0.01,0.01)';
    'VCC':
      PIN_NUMBER='(8)';
      PINUSE='POWER';
      NO_LOAD_CHECK='Both';
      NO_IO_CHECK='Both';
      NO_ASSERT_CHECK='TRUE';
      NO_DIR_CHECK='TRUE';
      ALLOW_CONNECT='TRUE';
  end_pin;
  body
    PART_NAME='W25Q64BV';
    BODY_NAME='W25Q64BV';
    JEDEC_TYPE='son127p800x600-8n';
    PHYS_DES_PREFIX='U';
    CLASS='IC';
  end_body;
end_primitive;

END.
