temp/xxnedtmp3/event.log NEWFILE1
temp/xxnedtmp3/text.log NEWFILE2
temp/xxnedtmp3/environ.log NEWFILE3
C:\Cadence\SPB_16.6\share\cdssetup/concept/concepthdl.scr FILE4
C:\Users\HEP\Documents\GitHub\PMTPulser\cds.lib FILE5
C:\Users\HEP\Documents\GitHub\PMTPulser\libraries\parts_lib\simplepulser\sch_1\page1.csb FILE6
C:\Users\HEP\Documents\GitHub\PMTPulser\libraries\parts_lib\simplepulser\sch_1\page1_csb.lck FILE7
temp/xxnedtmp3/undo1.log NEWFILE8
C:\Users\HEP\Documents\GitHub\PMTPulser\libraries\parts_lib\penn#20b#20size#20page\sym_1\symbol.css FILE9
C:\Users\HEP\Documents\GitHub\PMTPulser\libraries\parts_lib\csmd0402\sym_1\symbol.css FILE10
C:\Users\HEP\Documents\GitHub\PMTPulser\libraries\parts_lib\rsmd0402\sym_1\symbol.css FILE11
C:\Users\HEP\Documents\GitHub\PMTPulser\libraries\parts_lib\bas70_04\sym_1\symbol.css FILE12
C:\Users\HEP\Documents\GitHub\PMTPulser\libraries\parts_lib\conn2\sym_1\symbol.css FILE13
C:\Users\HEP\Documents\GitHub\PMTPulser\libraries\parts_lib\bfu730f\sym_1\symbol.css FILE14
C:\Users\HEP\Documents\GitHub\PMTPulser\libraries\parts_lib\adn4661\sym_1\symbol.css FILE15
C:\Users\HEP\Documents\GitHub\PMTPulser\libraries\parts_lib\lsmd1206\sym_1\symbol.css FILE16
C:\Users\HEP\Documents\GitHub\PMTPulser\libraries\parts_lib\lmc555\sym_1\symbol.css FILE17
C:\Users\HEP\Documents\GitHub\PMTPulser\libraries\parts_lib\simplepulser\sch_1\page1_csa.lck NEWFILE18
C:/Users/HEP/Documents/GitHub/PMTPulser/worklib/simplepulser/sch_1/simplepulser.xcon FILE19
C:/Users/HEP/Documents/GitHub/PMTPulser/worklib/simplepulser/sch_1/simplepulser.dcf FILE20
C:\Users\HEP\Documents\GitHub\PMTPulser\worklib\simplepulser\sch_1\page1.csb FILE21
C:\Users\HEP\Documents\GitHub\PMTPulser\worklib\simplepulser\sch_1\page1_csb.lck NEWFILE22
temp/xxnedtmp3/concept.mkr NEWFILE23
C:/Cadence/SPB_16.6/tools/language/config.dat FILE24
C:/Cadence/SPB_16.6/tools/language/pack_type_rename.dat NEWFILE25
temp/xxnedtmp3/../rsmd0402.mkr NEWFILE26
temp/xxnedtmp3/../lsmd1206.mkr NEWFILE27
temp/xxnedtmp3/../penn#20b#20size#20page.mkr NEWFILE28
temp/xxnedtmp3/../csmd0402.mkr NEWFILE29
temp/xxnedtmp3/../bas70_04.mkr NEWFILE30
temp/xxnedtmp3/../conn2.mkr NEWFILE31
temp/xxnedtmp3/../bfu730f.mkr NEWFILE32
temp/xxnedtmp3/../adn4661.mkr NEWFILE33
temp/xxnedtmp3/../lmc555.mkr NEWFILE34
C:\Users\HEP\Documents\GitHub\PMTPulser\libraries\parts_lib\simplepulser\sch_1\page1.csa FILE35
C:\Users\HEP\Documents\GitHub\PMTPulser\libraries\parts_lib\simplepulser\sch_1\page1.csv FILE36
C:\Users\HEP\Documents\GitHub\PMTPulser\worklib\simplepulser\sch_1\pc.db FILE37
C:/Users/HEP/Documents/GitHub/PMTPulser/worklib/simplepulser/sch_1/simplepulser_xcon.lck NEWFILE38
C:/Users/HEP/Documents/GitHub/PMTPulser/worklib/simplepulser/sch_1/simplepulser_dcf.lck NEWFILE39
temp/xxnedtmp3/csnetlister.mkr NEWFILE40
C:\Users\HEP\Documents\GitHub\PMTPulser\worklib\simplepulser\sch_1\page1.csa FILE41
C:\Users\HEP\Documents\GitHub\PMTPulser\worklib\simplepulser\sch_1\page1.csv FILE42
