FILE_TYPE=LIBRARY_PARTS;
primitive '74HC32';
  pin
    'A':
      PIN_NUMBER='(1,4,9,12,0)';
      INPUT_LOAD='(-0.010000,0.010000)';
    'B':
      PIN_NUMBER='(2,5,10,13,0)';
      INPUT_LOAD='(-0.010000,0.010000)';
    'Y':
      PIN_NUMBER='(3,6,8,11,0)';
      OUTPUT_LOAD='(-1.000000,1.000000)';
    'VCC':
      PIN_NUMBER='(0,0,0,0,14)';
      PINUSE='POWER';
      NO_LOAD_CHECK='Both';
      NO_IO_CHECK='Both';
      NO_ASSERT_CHECK='TRUE';
      NO_DIR_CHECK='TRUE';
      ALLOW_CONNECT='TRUE';
    'GND':
      PIN_NUMBER='(0,0,0,0,7)';
      PINUSE='POWER';
      NO_LOAD_CHECK='Both';
      NO_IO_CHECK='Both';
      NO_ASSERT_CHECK='TRUE';
      NO_DIR_CHECK='TRUE';
      ALLOW_CONNECT='TRUE';
  end_pin;
  body
    PART_NAME='74HC32';
    BODY_NAME='74HC32';
    JEDEC_TYPE='soic14';
    PHYS_DES_PREFIX='U';
    CLASS='IC';
  end_body;
end_primitive;

END.
