
	(Comment
		(Time 02/13/07,17:44:21)
		(User Administrator)
		(MsgId ECO_021)
		(Text "Package BONDPADS_30 added to cell")
		(Param1 BONDPADS_30)
	)

	(Comment
		(Time 02/13/07,17:45:43)
		(User Administrator)
		(MsgId ECO_081)
		(Text "Symbol sym_1 added to cell")
		(Param1 sym_1)
	)
	(Comment
		(Time 01/06/09,15:27:55)
		(User Godwin)
		(MsgId ECO_081)
		(Text "Symbol sym_2 added to cell")
		(Param1 sym_2)
	)
	(Comment
		(Time 01/06/09,15:28:23)
		(User Godwin)
		(MsgId ECO_082)
		(Text "Symbol sym_2 deleted from cell")
		(Param1 sym_2)
	)
