	(Comment
		(Time 08/08/12,16:43:38)
		(User HEP)
		(MsgId ECO_021)
		(Text "Package CONN40_INSERT added to cell")
		(Param1 CONN40_INSERT)
	)
	(Comment
		(Time 08/08/12,16:44:13)
		(User HEP)
		(MsgId ECO_081)
		(Text "Symbol sym_1 added to cell")
		(Param1 sym_1)
	)
	(Comment
		(Time 08/13/12,11:02:56)
		(User HEP)
		(MsgId ECO_081)
		(Text "Symbol sym_2 added to cell")
		(Param1 sym_2)
	)
	(Comment
		(Time 08/13/12,13:46:55)
		(User HEP)
		(MsgId ECO_082)
		(Text "Symbol sym_1 deleted from cell")
		(Param1 sym_1)
	)
	(Comment
		(Time 08/13/12,13:47:01)
		(User HEP)
		(MsgId ECO_082)
		(Text "Symbol sym_2 deleted from cell")
		(Param1 sym_2)
	)
	(Comment
		(Time 08/13/12,13:47:07)
		(User HEP)
		(MsgId ECO_022)
		(Text "Package CONN40_INSERT deleted from cell")
		(Param1 CONN40_INSERT)
	)
	(Comment
		(Time 08/13/12,13:47:16)
		(User HEP)
		(MsgId ECO_021)
		(Text "Package CONN40_INSERT added to cell")
		(Param1 CONN40_INSERT)
	)
	(Comment
		(Time 08/13/12,13:48:10)
		(User HEP)
		(MsgId ECO_081)
		(Text "Symbol sym_1 added to cell")
		(Param1 sym_1)
	)
