	(Comment
		(Time 10/12/12,15:16:19)
		(User nandor)
		(MsgId ECO_021)
		(Text "Package ADA4841_2 added to cell")
		(Param1 ADA4841_2)
	)
	(Comment
		(Time 10/12/12,15:20:15)
		(User nandor)
		(MsgId ECO_081)
		(Text "Symbol sym_1 added to cell")
		(Param1 sym_1)
	)
	(Comment
		(Time 10/12/12,15:20:15)
		(User nandor)
		(MsgId ECO_081)
		(Text "Symbol sym_2 added to cell")
		(Param1 sym_2)
	)
	(Comment
		(Time 10/12/12,15:20:15)
		(User nandor)
		(MsgId ECO_081)
		(Text "Symbol sym_3 added to cell")
		(Param1 sym_3)
	)
	(Comment
		(Time 10/12/12,15:31:40)
		(User nandor)
		(MsgId ECO_082)
		(Text "Symbol sym_3 deleted from cell")
		(Param1 sym_3)
	)
	(Comment
		(Time 10/12/12,15:31:52)
		(User nandor)
		(MsgId ECO_081)
		(Text "Symbol sym_3 added to cell")
		(Param1 sym_3)
	)
	(Comment
		(Time 10/12/12,15:32:15)
		(User nandor)
		(MsgId ECO_082)
		(Text "Symbol sym_3 deleted from cell")
		(Param1 sym_3)
	)
	(Comment
		(Time 10/12/12,15:32:35)
		(User nandor)
		(MsgId ECO_081)
		(Text "Symbol sym_3 added to cell")
		(Param1 sym_3)
	)
	(Comment
		(Time 10/15/12,11:57:06)
		(User nandor)
		(MsgId ECO_081)
		(Text "Symbol sym_4 added to cell")
		(Param1 sym_4)
	)
	(Comment
		(Time 10/15/12,11:57:18)
		(User nandor)
		(MsgId ECO_082)
		(Text "Symbol sym_4 deleted from cell")
		(Param1 sym_4)
	)
	(Comment
		(Time 10/15/12,12:01:31)
		(User nandor)
		(MsgId ECO_082)
		(Text "Symbol sym_1 deleted from cell")
		(Param1 sym_1)
	)
	(Comment
		(Time 10/15/12,12:01:36)
		(User nandor)
		(MsgId ECO_082)
		(Text "Symbol sym_2 deleted from cell")
		(Param1 sym_2)
	)
	(Comment
		(Time 10/15/12,12:01:40)
		(User nandor)
		(MsgId ECO_082)
		(Text "Symbol sym_3 deleted from cell")
		(Param1 sym_3)
	)
	(Comment
		(Time 10/15/12,12:03:13)
		(User nandor)
		(MsgId ECO_081)
		(Text "Symbol sym_1 added to cell")
		(Param1 sym_1)
	)
	(Comment
		(Time 10/15/12,12:03:13)
		(User nandor)
		(MsgId ECO_081)
		(Text "Symbol sym_2 added to cell")
		(Param1 sym_2)
	)
	(Comment
		(Time 10/15/12,12:03:13)
		(User nandor)
		(MsgId ECO_081)
		(Text "Symbol sym_3 added to cell")
		(Param1 sym_3)
	)
	(Comment
		(Time 10/15/12,12:03:44)
		(User nandor)
		(MsgId ECO_022)
		(Text "Package ADA4841_2 deleted from cell")
		(Param1 ADA4841_2)
	)
	(Comment
		(Time 10/15/12,12:03:54)
		(User nandor)
		(MsgId ECO_082)
		(Text "Symbol sym_1 deleted from cell")
		(Param1 sym_1)
	)
	(Comment
		(Time 10/15/12,12:03:59)
		(User nandor)
		(MsgId ECO_082)
		(Text "Symbol sym_2 deleted from cell")
		(Param1 sym_2)
	)
	(Comment
		(Time 10/15/12,12:04:02)
		(User nandor)
		(MsgId ECO_082)
		(Text "Symbol sym_3 deleted from cell")
		(Param1 sym_3)
	)
	(Comment
		(Time 10/15/12,12:04:10)
		(User nandor)
		(MsgId ECO_021)
		(Text "Package ADA4841_2 added to cell")
		(Param1 ADA4841_2)
	)
	(Comment
		(Time 10/15/12,12:06:03)
		(User nandor)
		(MsgId ECO_022)
		(Text "Package ADA4841_2 deleted from cell")
		(Param1 ADA4841_2)
	)
	(Comment
		(Time 10/15/12,12:06:08)
		(User nandor)
		(MsgId ECO_021)
		(Text "Package ADA4841_2 added to cell")
		(Param1 ADA4841_2)
	)
	(Comment
		(Time 10/15/12,12:09:40)
		(User nandor)
		(MsgId ECO_081)
		(Text "Symbol sym_1 added to cell")
		(Param1 sym_1)
	)
	(Comment
		(Time 10/15/12,12:09:40)
		(User nandor)
		(MsgId ECO_081)
		(Text "Symbol sym_2 added to cell")
		(Param1 sym_2)
	)
	(Comment
		(Time 10/15/12,12:09:40)
		(User nandor)
		(MsgId ECO_081)
		(Text "Symbol sym_3 added to cell")
		(Param1 sym_3)
	)
