	(Comment
		(Time 04/15/09,18:08:24)
		(User Godwin)
		(MsgId ECO_021)
		(Text "Package LAPAS_1 added to cell")
		(Param1 LAPAS_1)
	)
	(Comment
		(Time 04/15/09,18:10:45)
		(User Godwin)
		(MsgId ECO_081)
		(Text "Symbol sym_1 added to cell")
		(Param1 sym_1)
	)
	(Comment
		(Time 04/21/09,14:03:08)
		(User Godwin)
		(MsgId ECO_081)
		(Text "Symbol sym_2 added to cell")
		(Param1 sym_2)
	)
	(Comment
		(Time 04/21/09,15:48:58)
		(User Godwin)
		(MsgId ECO_082)
		(Text "Symbol sym_2 deleted from cell")
		(Param1 sym_2)
	)
	(Comment
		(Time 04/28/09,13:37:35)
		(User Godwin)
		(MsgId ECO_081)
		(Text "Symbol sym_2 added to cell")
		(Param1 sym_2)
	)
	(Comment
		(Time 04/28/09,14:10:11)
		(User Godwin)
		(MsgId ECO_021)
		(Text "Package LAPAS_1_1 added to cell")
		(Param1 LAPAS_1_1)
	)
	(Comment
		(Time 04/28/09,14:10:38)
		(User Godwin)
		(MsgId ECO_022)
		(Text "Package LAPAS_1_1 deleted from cell")
		(Param1 LAPAS_1_1)
	)
	(Comment
		(Time 04/28/09,14:11:13)
		(User Godwin)
		(MsgId ECO_082)
		(Text "Symbol sym_2 deleted from cell")
		(Param1 sym_2)
	)
	(Comment
		(Time 04/28/09,14:11:21)
		(User Godwin)
		(MsgId ECO_021)
		(Text "Package LAPAS_1_1 added to cell")
		(Param1 LAPAS_1_1)
	)
	(Comment
		(Time 04/28/09,14:11:39)
		(User Godwin)
		(MsgId ECO_022)
		(Text "Package LAPAS_1_1 deleted from cell")
		(Param1 LAPAS_1_1)
	)
	(Comment
		(Time 04/28/09,14:12:23)
		(User Godwin)
		(MsgId ECO_081)
		(Text "Symbol sym_2 added to cell")
		(Param1 sym_2)
	)
	(Comment
		(Time 04/28/09,14:12:38)
		(User Godwin)
		(MsgId ECO_082)
		(Text "Symbol sym_2 deleted from cell")
		(Param1 sym_2)
	)
	(Comment
		(Time 04/28/09,14:13:02)
		(User Godwin)
		(MsgId ECO_081)
		(Text "Symbol sym_2 added to cell")
		(Param1 sym_2)
	)
	(Comment
		(Time 04/28/09,14:14:23)
		(User Godwin)
		(MsgId ECO_082)
		(Text "Symbol sym_2 deleted from cell")
		(Param1 sym_2)
	)
	(Comment
		(Time 04/28/09,14:15:49)
		(User Godwin)
		(MsgId ECO_081)
		(Text "Symbol sym_2 added to cell")
		(Param1 sym_2)
	)
	(Comment
		(Time 04/28/09,14:16:03)
		(User Godwin)
		(MsgId ECO_082)
		(Text "Symbol sym_1 deleted from cell")
		(Param1 sym_1)
	)
	(Comment
		(Time 04/28/09,14:17:28)
		(User Godwin)
		(MsgId ECO_083)
		(Text "Symbol sym_2 renamed to sym_1")
		(Param1 sym_2)
		(Param2 sym_1)
	)
