	(Comment
		(Time 09/30/13,16:13:03)
		(User HEP)
		(MsgId ECO_021)
		(Text "Package FCI_84516_OUT added to cell")
		(Param1 FCI_84516_OUT)
	)
	(Comment
		(Time 09/30/13,16:13:42)
		(User HEP)
		(MsgId ECO_081)
		(Text "Symbol sym_1 added to cell")
		(Param1 sym_1)
	)
	(Comment
		(Time 09/30/13,16:14:32)
		(User HEP)
		(MsgId ECO_081)
		(Text "Symbol sym_2 added to cell")
		(Param1 sym_2)
	)
	(Comment
		(Time 09/30/13,16:14:37)
		(User HEP)
		(MsgId ECO_082)
		(Text "Symbol sym_1 deleted from cell")
		(Param1 sym_1)
	)
	(Comment
		(Time 09/30/13,16:14:41)
		(User HEP)
		(MsgId ECO_082)
		(Text "Symbol sym_2 deleted from cell")
		(Param1 sym_2)
	)
	(Comment
		(Time 09/30/13,16:14:47)
		(User HEP)
		(MsgId ECO_081)
		(Text "Symbol sym_1 added to cell")
		(Param1 sym_1)
	)
