	(Comment
		(Time 05/06/14,16:59:54)
		(User Godwin)
		(MsgId ECO_081)
		(Text "Symbol sym_2 added to cell")
		(Param1 "sym_2")
	)
	(Comment
		(Time 05/06/14,16:59:54)
		(User Godwin)
		(MsgId ECO_081)
		(Text "Symbol sym_3 added to cell")
		(Param1 "sym_3")
	)
	(Comment
		(Time 05/06/14,17:00:29)
		(User Godwin)
		(MsgId ECO_082)
		(Text "Symbol sym_2 deleted from cell")
		(Param1 "sym_2")
	)
	(Comment
		(Time 05/06/14,17:00:38)
		(User Godwin)
		(MsgId ECO_083)
		(Text "Symbol sym_3 renamed to sym_2")
		(Param1 "sym_3")
		(Param2 "sym_2")
	)
