FILE_TYPE=LIBRARY_PARTS;
primitive 'R_VAR';
  pin
    '2':
      PIN_NUMBER='(2)';
      PIN_TYPE='ANALOG';
      NO_LOAD_CHECK='Both';
      NO_IO_CHECK='Both';
      ALLOW_CONNECT='TRUE';
    '1':
      PIN_NUMBER='(1)';
      PIN_TYPE='ANALOG';
      NO_LOAD_CHECK='Both';
      NO_IO_CHECK='Both';
      ALLOW_CONNECT='TRUE';
    '3':
      PIN_NUMBER='(3)';
      PINUSE='UNSPEC';
      NO_LOAD_CHECK='Both';
      NO_IO_CHECK='Both';
      NO_ASSERT_CHECK='TRUE';
      NO_DIR_CHECK='TRUE';
      ALLOW_CONNECT='TRUE';
  end_pin;
  body
    PART_NAME='R_VAR';
    BODY_NAME='POT_SM';
    JEDEC_TYPE='pot_sm';
    PHYS_DES_PREFIX='R';
    CLASS='DISCRETE';
  end_body;
end_primitive;

END.
