	(Comment
		(Time 01/27/16,19:47:49)
		(User HEP)
		(MsgId ECO_021)
		(Text "Package BAT54WX added to cell")
		(Param1 "BAT54WX")
	)
	(Comment
		(Time 01/27/16,19:49:17)
		(User HEP)
		(MsgId ECO_081)
		(Text "Symbol sym_1 added to cell")
		(Param1 "sym_1")
	)
	(Comment
		(Time 01/27/16,19:59:12)
		(User HEP)
		(MsgId ECO_022)
		(Text "Package BAT54WX deleted from cell")
		(Param1 "BAT54WX")
	)
	(Comment
		(Time 01/27/16,20:00:23)
		(User HEP)
		(MsgId ECO_081)
		(Text "Symbol sym_2 added to cell")
		(Param1 "sym_2")
	)
	(Comment
		(Time 01/27/16,20:00:30)
		(User HEP)
		(MsgId ECO_082)
		(Text "Symbol sym_1 deleted from cell")
		(Param1 "sym_1")
	)
	(Comment
		(Time 01/27/16,20:00:34)
		(User HEP)
		(MsgId ECO_082)
		(Text "Symbol sym_2 deleted from cell")
		(Param1 "sym_2")
	)
	(Comment
		(Time 01/27/16,20:00:37)
		(User HEP)
		(MsgId ECO_021)
		(Text "Package BAT54WX added to cell")
		(Param1 "BAT54WX")
	)
	(Comment
		(Time 01/27/16,21:03:16)
		(User HEP)
		(MsgId ECO_081)
		(Text "Symbol sym_1 added to cell")
		(Param1 "sym_1")
	)
	(Comment
		(Time 01/27/16,21:03:24)
		(User HEP)
		(MsgId ECO_022)
		(Text "Package BAT54WX deleted from cell")
		(Param1 "BAT54WX")
	)
	(Comment
		(Time 01/27/16,21:03:30)
		(User HEP)
		(MsgId ECO_082)
		(Text "Symbol sym_1 deleted from cell")
		(Param1 "sym_1")
	)
	(Comment
		(Time 01/27/16,21:03:44)
		(User HEP)
		(MsgId ECO_021)
		(Text "Package BAT54WX added to cell")
		(Param1 "BAT54WX")
	)
	(Comment
		(Time 01/27/16,21:05:29)
		(User HEP)
		(MsgId ECO_081)
		(Text "Symbol sym_1 added to cell")
		(Param1 "sym_1")
	)
