FILE_TYPE=LIBRARY_PARTS;
primitive 'A3967SLB_SOIC24';
  pin
    'REF':
      PIN_NUMBER='(1)';
      INPUT_LOAD='(-0.01,0.01)';
    'RC2':
      PIN_NUMBER='(2)';
      INPUT_LOAD='(-0.01,0.01)';
    '-SLEEP':
      PIN_NUMBER='(3)';
      INPUT_LOAD='(-0.01,0.01)';
    'OUT2B':
      PIN_NUMBER='(4)';
      OUTPUT_LOAD='(1.0,-1.0)';
    'VBB2':
      PIN_NUMBER='(5)';
      PINUSE='POWER';
      NO_LOAD_CHECK='Both';
      NO_IO_CHECK='Both';
      NO_ASSERT_CHECK='TRUE';
      NO_DIR_CHECK='TRUE';
      ALLOW_CONNECT='TRUE';
    'GND1':
      PIN_NUMBER='(6)';
      PINUSE='POWER';
      NO_LOAD_CHECK='Both';
      NO_IO_CHECK='Both';
      NO_ASSERT_CHECK='TRUE';
      NO_DIR_CHECK='TRUE';
      ALLOW_CONNECT='TRUE';
    'GND2':
      PIN_NUMBER='(7)';
      PINUSE='POWER';
      NO_LOAD_CHECK='Both';
      NO_IO_CHECK='Both';
      NO_ASSERT_CHECK='TRUE';
      NO_DIR_CHECK='TRUE';
      ALLOW_CONNECT='TRUE';
    'SENSE2':
      PIN_NUMBER='(8)';
      INPUT_LOAD='(-0.01,0.01)';
    'OUT2A':
      PIN_NUMBER='(9)';
      OUTPUT_LOAD='(1.0,-1.0)';
    'STEP':
      PIN_NUMBER='(10)';
      INPUT_LOAD='(-0.01,0.01)';
    'DIR':
      PIN_NUMBER='(11)';
      INPUT_LOAD='(-0.01,0.01)';
    'MS1':
      PIN_NUMBER='(12)';
      INPUT_LOAD='(-0.01,0.01)';
    'MS2':
      PIN_NUMBER='(13)';
      INPUT_LOAD='(-0.01,0.01)';
    'VCC':
      PIN_NUMBER='(14)';
      PINUSE='POWER';
      NO_LOAD_CHECK='Both';
      NO_IO_CHECK='Both';
      NO_ASSERT_CHECK='TRUE';
      NO_DIR_CHECK='TRUE';
      ALLOW_CONNECT='TRUE';
    '-ENABLE':
      PIN_NUMBER='(15)';
      INPUT_LOAD='(-0.01,0.01)';
    'OUT1A':
      PIN_NUMBER='(16)';
      OUTPUT_LOAD='(1.0,-1.0)';
    'SENSE1':
      PIN_NUMBER='(17)';
      INPUT_LOAD='(-0.01,0.01)';
    'GND3':
      PIN_NUMBER='(18)';
      PINUSE='POWER';
      NO_LOAD_CHECK='Both';
      NO_IO_CHECK='Both';
      NO_ASSERT_CHECK='TRUE';
      NO_DIR_CHECK='TRUE';
      ALLOW_CONNECT='TRUE';
    'GND4':
      PIN_NUMBER='(19)';
      PINUSE='POWER';
      NO_LOAD_CHECK='Both';
      NO_IO_CHECK='Both';
      NO_ASSERT_CHECK='TRUE';
      NO_DIR_CHECK='TRUE';
      ALLOW_CONNECT='TRUE';
    'VBB1':
      PIN_NUMBER='(20)';
      PINUSE='POWER';
      NO_LOAD_CHECK='Both';
      NO_IO_CHECK='Both';
      NO_ASSERT_CHECK='TRUE';
      NO_DIR_CHECK='TRUE';
      ALLOW_CONNECT='TRUE';
    'OUT1B':
      PIN_NUMBER='(21)';
      OUTPUT_LOAD='(1.0,-1.0)';
    '-RESET':
      PIN_NUMBER='(22)';
      INPUT_LOAD='(-0.01,0.01)';
    'RC1':
      PIN_NUMBER='(23)';
      INPUT_LOAD='(-0.01,0.01)';
    'PFD':
      PIN_NUMBER='(24)';
      INPUT_LOAD='(-0.01,0.01)';
  end_pin;
  body
    PART_NAME='A3967SLB';
    LIBRARY_NAME='mayerslib';
    PACKAGE_CREATOR='?';
    BODY_NAME='A3967SLB';
    JEDEC_TYPE='soic24';
    PHYS_DES_PREFIX='U';
    CLASS='IC';
  end_body;
end_primitive;

END.
