



    Cadence Design Systems, Inc.
    Packager-XL 16.6-S078 (v16-6-112GS) lnx86 9/12/2016 12:00:00 IST
    (C) Copyright 1994, Cadence Design Systems, Inc.

    Run on Fri Dec 30 14:12:43 2016


 **********************************************
 *  Processing project file and command line  *
 **********************************************



    ANNOTATE  'BODY' 'PIN'
    COMP_DEF_PROP  'ALT_SYMBOLS' 'JEDEC_TYPE' 'NC_PINS' 'MERGE_NC_PINS'
                   'POWER_GROUP' 'POWER_PINS' 'MERGE_POWER_PINS' 'PINCOUNT'
    COMP_INST_PROP  'GROUP' 'ROOM' 'REUSE_INSTANCE' 'REUSE_ID' 'REUSE_NAME'
                    'SIGNAL_MODEL' 'DEFAULT_SIGNAL_MODEL'
                    'VOLT_TEMP_SIGNAL_MODEL' 'SYMBOL_EDITED'
                    'INCLUDE_IN_RF_TOPOLOGY' 'CDS_RF_GROUP' 'NO_XNET_CONNECTION'
                    'EMBEDDED_PLACEMENT' 'ASI_MODEL' 'ISRFELEMENT'
                    'RFELEMENTTYPE' 'RFLAYER' 'RFLAYER1' 'RFLAYER2' 'RFLAYER3'
                    'RFLAYER4' 'RFLAYER5' 'RFLAYER6' 'RFLAYER7' 'RFLAYER8'
                    'RFLAYER9' 'RFLAYER10' 'RFLAYER11' 'RFLAYER12' 'RFLAYER13'
                    'RFLAYER14' 'RFLAYER15' 'RFLAYER16' 'RFCOUPLINGMODE'
                    'RFFLIPMODE' 'RFANGLE' 'RFANGLE1' 'RFWIDTH' 'RFWIDTH1'
                    'RFWIDTH2' 'RFWIDTH3' 'RFWIDTH4' 'RFWIDTH5' 'RFWIDTH6'
                    'RFWIDTH7' 'RFWIDTH8' 'RFWIDTH9' 'RFWIDTH10' 'RFWIDTH11'
                    'RFWIDTH12' 'RFWIDTH13' 'RFWIDTH14' 'RFWIDTH15' 'RFWIDTH16'
                    'RFLENGTH' 'RFLENGTH1' 'RFLENGTH2' 'RFLENGTH3' 'RFLENGTH4'
                    'RFLENGTH5' 'RFLENGTH6' 'RFLENGTH7' 'RFLENGTH8' 'RFSPACING'
                    'RFSPACING1' 'RFSPACING2' 'RFSPACING3' 'RFSPACING4'
                    'RFSPACING5' 'RFSPACING6' 'RFSPACING7' 'RFSPACING8'
                    'RFSPACING9' 'RFSPACING10' 'RFSPACING11' 'RFSPACING12'
                    'RFSPACING13' 'RFSPACING14' 'RFSPACING15' 'RFOFFSETX'
                    'RFOFFSETY' 'RFRADIUS' 'RFDEPTH' 'RFFREQUENCY'
                    'RFMITERFRACTION' 'RFBENDMODE' 'RFNUMBERLEGS'
                    'RFNUMBERPAIRS' 'RFNUMBERTURNS' 'RFCAPACITANCE'
                    'RFRESISTANCE' 'RFINDUCTANCE' 'RFPADSTACKNAME'
                    'RFPADSSMNAME1' 'RFPADSSMNAME2' 'RFPADBEGINLAYER'
                    'RFPADENDLAYER' 'RFPADLINEWIDTH1' 'RFPADLINEWIDTH2'
                    'RFPADDIAMETER1' 'RFPADDIAMETER2' 'RFPADLENGTH1'
                    'RFPADLENGTH2' 'RFHOLEDIAMETER' 'RFPADANGLE' 'RFDRANAME'
                    'RFPADTYPE' 'RFUID' 'RFBLOCK' 'RFDCNET' 'RFGROUP' 'MWO_NAME'
                    'CDS_FSP_LIB_PART_MODEL' 'CDS_FSP_IS_FPGA'
                    'CDS_FSP_INSTANCE_NAME' 'CDS_FSP_INSTANCE_ID'
    SUPPRESS_GLOBAL_SHORT_CHECK OFF
    DEBUG    0
    DEFAULT_PHYS_DES_PREFIX U
    FEEDBACK  'OFF'
    GEN_SUBDESIGN  'SIMPLEPULSER'
    MAX_ERRORS 999
    NET_NAME_CHARS   @  -  !  #  %  &  (  )  *  .  /  :  ?  [  ]  ^  _  `  +
                     =  >  0  1  2  3  4  5  6  7  8  9
    NET_NAME_LENGTH 31
    NUM_OLD_VERSIONS 3
    OPTIMIZE OFF
    REUSE_REFDES ON
    OPF_OPTIMIZATION OFF
    HARD_LOC_SEC OFF
    FORCE_PTF_ENTRY OFF
    REGENERATE_PHYSICAL_NET_NAME OFF
    SCH_POWER_GROUP_WINS_OVER_PPT OFF
    NULL_OPT_VALID OFF
    USE_VECTOR_NOTATION ON
    FILTER_ECS_FROM_XNET ON
    OUTPUT  'ON'
    PACKAGE_PROP  'GROUP' 'ROOM'
    PART_TYPE_LENGTH 31
    REF_DES_LENGTH 31
    REPACKAGE OFF
    ELECTRICAL_CONSTRAINTS ON
    OVERWRITE_CONSTRAINTS OFF
    RUN_DIR ./worklib/simplepulser/packaged/
    STRICT_PACKAGE_PROP  'REUSE_INSTANCE'
    USE_LIBRARY_PPT ON
    USE_STATE ON
    WARNINGS ON
    LIBRARY  'parts_lib' 'Symbols' 'pmtpulser_lib' 'rf_comp_lib' 'standard'
             'mayers_lib'
    CDSPROP_FILE 
    VIEW_PTF part_table
    VIEW_PACKAGER packaged
    VIEW_CONSTRAINTS sch_1
    DESIGN_LIBRARY pmtpulser_lib
    DESIGN_NAME simplepulser
    VIEW_CONFIG_PHYSICAL cfg_package
    SD_SUFFIX_SEPARATOR _
    STOP_PST_GEN_ON_PTF_MISMATCH ON
    IGNORE_PRIM_BINDING OFF
    LOG_INST_PHYS_PATH ON
    ANNOTATE_VISIBLE_SEC OFF
    PTF_MISMATCH_EXCLUDE_INJ_PROP  'ALL'
    IMPORT_HFS_HARDSEC_ON_SWAP_PINS OFF
    ALLOW_PTFVALUE_INITIAL_BLANKS ON
    PRESERVE_UNSUBSTITUTED_MACROS OFF
    DETECT_SYS_NETSHORTS_PKG ON
    PROCESS_PIN_SHORT_PROP OFF
    STOP_PACKAGE_ON_SCHEMATIC_ERROR OFF
    LOCK_FILE_PERM 444
    LOCK_FOR_SAME_USER OFF
    ERROR_ON_MISMATCHED_INTERFACE ON
    RETAIN_ZERO_NODE_NETS OFF
    IGNORE_ERR_EMPTY_LONGPARTNAME OFF
    ERROR_ILLEGAL_QUOTE_PPT OFF
    B2F_OVERWRITE_CONSTRAINTS OFF
    ERROR_ON_PARTIAL_INSTANTIATION_OF_HSS OFF
    RUN_HIERWR_BEFORE_PXL OFF
    IMPORT_CONSTRAINTS_ONLY_FEEDBACK OFF
    REPORT_NET_PROP_CONFLICT_AS_ERROR OFF
    CHECK_PACK_SYNC_ON_PKG OFF

 **************************************************************
 *  End processing project file and command line  (00:00:00)  *
 **************************************************************


Creating Configuration "cfg_package" for Design "simplepulser"

INFO(SPCODD-181): Loading /cad/SPB166-lnx/share/cdssetup/cdsprop.tmf.
INFO(SPCODD-181): Loading /cad/SPB166-lnx/share/cdssetup/cdsprop.paf.

 *********************************
 *  Loading the design database  *
 *********************************

INFO(SPCODD-181): Loading ./libraries/parts_lib/rsmd0402/part_table/part.ptf.
INFO(SPCODD-181): Loading ./libraries/parts_lib/csmd0402/part_table/part.ptf.
INFO(SPCODD-181): Loading ./libraries/parts_lib/csmd0402/part_table/part - Cop~
y.ptf.
INFO(SPCODD-181): Loading ./libraries/parts_lib/lsmd1206/part_table/part.ptf.

 *************************
 *  Loading State Files  *
 *************************

Loading ./worklib/simplepulser/packaged/pxl.state. 

 *****************************************
 *  End loading State Files  (00:00:00)  *
 *****************************************


 ****************************************
 *  Starting to assign physical parts.  *
 ****************************************

 #1   ERROR(SPCOPK-1053): Cannot find a ppt part that matches the instance pro~
perties.
        Ppt Name: RSMD0402
        Schematic instance: @PMTPULSER_LIB.SIMPLEPULSER(SCH_1):PAGE1_I17@PARTS~
_LIB.RSMD0402(CHIPS)
        Physical Path: @pmtpulser_lib.simplepulser(sch_1):page1_i17@parts_lib.~
rsmd0402(chips)
INFO(SPCOPK-1063): Property Name: VALUE
                   Property Value: 100
INFO(SPCOPK-1063): Property Name: TOL
                   Property Value: 5%
INFO(SPCOPK-1063): Property Name: PACKTYPE
                   Property Value: 
 #2   ERROR(SPCOPK-1053): Cannot find a ppt part that matches the instance pro~
perties.
        Ppt Name: RSMD0402
        Schematic instance: @PMTPULSER_LIB.SIMPLEPULSER(SCH_1):PAGE1_I22@PARTS~
_LIB.RSMD0402(CHIPS)
        Physical Path: @pmtpulser_lib.simplepulser(sch_1):page1_i22@parts_lib.~
rsmd0402(chips)
INFO(SPCOPK-1063): Property Name: VALUE
                   Property Value: 100
INFO(SPCOPK-1063): Property Name: TOL
                   Property Value: 5%
INFO(SPCOPK-1063): Property Name: PACKTYPE
                   Property Value: 
 #3   ERROR(SPCOPK-1053): Cannot find a ppt part that matches the instance pro~
perties.
        Ppt Name: RSMD0402
        Schematic instance: @PMTPULSER_LIB.SIMPLEPULSER(SCH_1):PAGE1_I23@PARTS~
_LIB.RSMD0402(CHIPS)
        Physical Path: @pmtpulser_lib.simplepulser(sch_1):page1_i23@parts_lib.~
rsmd0402(chips)
INFO(SPCOPK-1063): Property Name: VALUE
                   Property Value: 100
INFO(SPCOPK-1063): Property Name: TOL
                   Property Value: 5%
INFO(SPCOPK-1063): Property Name: PACKTYPE
                   Property Value: 
 #4   ERROR(SPCOPK-1053): Cannot find a ppt part that matches the instance pro~
perties.
        Ppt Name: RSMD0402
        Schematic instance: @PMTPULSER_LIB.SIMPLEPULSER(SCH_1):PAGE1_I24@PARTS~
_LIB.RSMD0402(CHIPS)
        Physical Path: @pmtpulser_lib.simplepulser(sch_1):page1_i24@parts_lib.~
rsmd0402(chips)
INFO(SPCOPK-1063): Property Name: VALUE
                   Property Value: 100
INFO(SPCOPK-1063): Property Name: TOL
                   Property Value: 5%
INFO(SPCOPK-1063): Property Name: PACKTYPE
                   Property Value: 
 #5   ERROR(SPCOPK-1053): Cannot find a ppt part that matches the instance pro~
perties.
        Ppt Name: RSMD0402
        Schematic instance: @PMTPULSER_LIB.SIMPLEPULSER(SCH_1):PAGE1_I26@PARTS~
_LIB.RSMD0402(CHIPS)
        Physical Path: @pmtpulser_lib.simplepulser(sch_1):page1_i26@parts_lib.~
rsmd0402(chips)
INFO(SPCOPK-1063): Property Name: VALUE
                   Property Value: 100
INFO(SPCOPK-1063): Property Name: TOL
                   Property Value: 5%
INFO(SPCOPK-1063): Property Name: PACKTYPE
                   Property Value: 
 #6   ERROR(SPCOPK-1053): Cannot find a ppt part that matches the instance pro~
perties.
        Ppt Name: RSMD0402
        Schematic instance: @PMTPULSER_LIB.SIMPLEPULSER(SCH_1):PAGE1_I27@PARTS~
_LIB.RSMD0402(CHIPS)
        Physical Path: @pmtpulser_lib.simplepulser(sch_1):page1_i27@parts_lib.~
rsmd0402(chips)
INFO(SPCOPK-1063): Property Name: VALUE
                   Property Value: 100
INFO(SPCOPK-1063): Property Name: TOL
                   Property Value: 5%
INFO(SPCOPK-1063): Property Name: PACKTYPE
                   Property Value: 
 #7   ERROR(SPCOPK-1053): Cannot find a ppt part that matches the instance pro~
perties.
        Ppt Name: RSMD0402
        Schematic instance: @PMTPULSER_LIB.SIMPLEPULSER(SCH_1):PAGE1_I28@PARTS~
_LIB.RSMD0402(CHIPS)
        Physical Path: @pmtpulser_lib.simplepulser(sch_1):page1_i28@parts_lib.~
rsmd0402(chips)
INFO(SPCOPK-1063): Property Name: VALUE
                   Property Value: 100
INFO(SPCOPK-1063): Property Name: TOL
                   Property Value: 5%
INFO(SPCOPK-1063): Property Name: PACKTYPE
                   Property Value: 
 #8   ERROR(SPCOPK-1053): Cannot find a ppt part that matches the instance pro~
perties.
        Ppt Name: RSMD0402
        Schematic instance: @PMTPULSER_LIB.SIMPLEPULSER(SCH_1):PAGE1_I31@PARTS~
_LIB.RSMD0402(CHIPS)
        Physical Path: @pmtpulser_lib.simplepulser(sch_1):page1_i31@parts_lib.~
rsmd0402(chips)
INFO(SPCOPK-1063): Property Name: VALUE
                   Property Value: 100
INFO(SPCOPK-1063): Property Name: TOL
                   Property Value: 5%
INFO(SPCOPK-1063): Property Name: PACKTYPE
                   Property Value: 
 #9   ERROR(SPCOPK-1053): Cannot find a ppt part that matches the instance pro~
perties.
        Ppt Name: RSMD0402
        Schematic instance: @PMTPULSER_LIB.SIMPLEPULSER(SCH_1):PAGE1_I32@PARTS~
_LIB.RSMD0402(CHIPS)
        Physical Path: @pmtpulser_lib.simplepulser(sch_1):page1_i32@parts_lib.~
rsmd0402(chips)
INFO(SPCOPK-1063): Property Name: VALUE
                   Property Value: 100
INFO(SPCOPK-1063): Property Name: TOL
                   Property Value: 5%
INFO(SPCOPK-1063): Property Name: PACKTYPE
                   Property Value: 
 #10  ERROR(SPCOPK-1053): Cannot find a ppt part that matches the instance pro~
perties.
        Ppt Name: RSMD0402
        Schematic instance: @PMTPULSER_LIB.SIMPLEPULSER(SCH_1):PAGE1_I33@PARTS~
_LIB.RSMD0402(CHIPS)
        Physical Path: @pmtpulser_lib.simplepulser(sch_1):page1_i33@parts_lib.~
rsmd0402(chips)
INFO(SPCOPK-1063): Property Name: VALUE
                   Property Value: 100
INFO(SPCOPK-1063): Property Name: TOL
                   Property Value: 5%
INFO(SPCOPK-1063): Property Name: PACKTYPE
                   Property Value: 
 #11  ERROR(SPCOPK-1053): Cannot find a ppt part that matches the instance pro~
perties.
        Ppt Name: RSMD0402
        Schematic instance: @PMTPULSER_LIB.SIMPLEPULSER(SCH_1):PAGE1_I35@PARTS~
_LIB.RSMD0402(CHIPS)
        Physical Path: @pmtpulser_lib.simplepulser(sch_1):page1_i35@parts_lib.~
rsmd0402(chips)
INFO(SPCOPK-1063): Property Name: VALUE
                   Property Value: 100
INFO(SPCOPK-1063): Property Name: TOL
                   Property Value: 5%
INFO(SPCOPK-1063): Property Name: PACKTYPE
                   Property Value: 
 #12  ERROR(SPCOPK-1053): Cannot find a ppt part that matches the instance pro~
perties.
        Ppt Name: RSMD0402
        Schematic instance: @PMTPULSER_LIB.SIMPLEPULSER(SCH_1):PAGE1_I37@PARTS~
_LIB.RSMD0402(CHIPS)
        Physical Path: @pmtpulser_lib.simplepulser(sch_1):page1_i37@parts_lib.~
rsmd0402(chips)
INFO(SPCOPK-1063): Property Name: VALUE
                   Property Value: 100
INFO(SPCOPK-1063): Property Name: TOL
                   Property Value: 5%
INFO(SPCOPK-1063): Property Name: PACKTYPE
                   Property Value: 
 #13  ERROR(SPCOPK-1053): Cannot find a ppt part that matches the instance pro~
perties.
        Ppt Name: RSMD0402
        Schematic instance: @PMTPULSER_LIB.SIMPLEPULSER(SCH_1):PAGE1_I39@PARTS~
_LIB.RSMD0402(CHIPS)
        Physical Path: @pmtpulser_lib.simplepulser(sch_1):page1_i39@parts_lib.~
rsmd0402(chips)
INFO(SPCOPK-1063): Property Name: VALUE
                   Property Value: 100
INFO(SPCOPK-1063): Property Name: TOL
                   Property Value: 5%
INFO(SPCOPK-1063): Property Name: PACKTYPE
                   Property Value: 
 #14  ERROR(SPCOPK-1053): Cannot find a ppt part that matches the instance pro~
perties.
        Ppt Name: RSMD0402
        Schematic instance: @PMTPULSER_LIB.SIMPLEPULSER(SCH_1):PAGE1_I41@PARTS~
_LIB.RSMD0402(CHIPS)
        Physical Path: @pmtpulser_lib.simplepulser(sch_1):page1_i41@parts_lib.~
rsmd0402(chips)
INFO(SPCOPK-1063): Property Name: VALUE
                   Property Value: 100
INFO(SPCOPK-1063): Property Name: TOL
                   Property Value: 5%
INFO(SPCOPK-1063): Property Name: PACKTYPE
                   Property Value: 
 #15  ERROR(SPCOPK-1053): Cannot find a ppt part that matches the instance pro~
perties.
        Ppt Name: RSMD0402
        Schematic instance: @PMTPULSER_LIB.SIMPLEPULSER(SCH_1):PAGE1_I42@PARTS~
_LIB.RSMD0402(CHIPS)
        Physical Path: @pmtpulser_lib.simplepulser(sch_1):page1_i42@parts_lib.~
rsmd0402(chips)
INFO(SPCOPK-1063): Property Name: VALUE
                   Property Value: 100
INFO(SPCOPK-1063): Property Name: TOL
                   Property Value: 5%
INFO(SPCOPK-1063): Property Name: PACKTYPE
                   Property Value: 
 #16  ERROR(SPCOPK-1053): Cannot find a ppt part that matches the instance pro~
perties.
        Ppt Name: RSMD0402
        Schematic instance: @PMTPULSER_LIB.SIMPLEPULSER(SCH_1):PAGE1_RSERIES@P~
ARTS_LIB.RSMD0402(CHIPS)
        Physical Path: @pmtpulser_lib.simplepulser(sch_1):page1_rseries@parts_~
lib.rsmd0402(chips)
INFO(SPCOPK-1063): Property Name: VALUE
                   Property Value: 100
INFO(SPCOPK-1063): Property Name: TOL
                   Property Value: 5%
INFO(SPCOPK-1063): Property Name: PACKTYPE
                   Property Value: 
 #17  ERROR(SPCOPK-1053): Cannot find a ppt part that matches the instance pro~
perties.
        Ppt Name: RSMD0402
        Schematic instance: @PMTPULSER_LIB.SIMPLEPULSER(SCH_1):PAGE1_I44@PARTS~
_LIB.RSMD0402(CHIPS)
        Physical Path: @pmtpulser_lib.simplepulser(sch_1):page1_i44@parts_lib.~
rsmd0402(chips)
INFO(SPCOPK-1063): Property Name: VALUE
                   Property Value: 100
INFO(SPCOPK-1063): Property Name: TOL
                   Property Value: 5%
INFO(SPCOPK-1063): Property Name: PACKTYPE
                   Property Value: 
 #18  ERROR(SPCOPK-1053): Cannot find a ppt part that matches the instance pro~
perties.
        Ppt Name: RSMD0402
        Schematic instance: @PMTPULSER_LIB.SIMPLEPULSER(SCH_1):PAGE1_I46@PARTS~
_LIB.RSMD0402(CHIPS)
        Physical Path: @pmtpulser_lib.simplepulser(sch_1):page1_i46@parts_lib.~
rsmd0402(chips)
INFO(SPCOPK-1063): Property Name: VALUE
                   Property Value: 100
INFO(SPCOPK-1063): Property Name: TOL
                   Property Value: 5%
INFO(SPCOPK-1063): Property Name: PACKTYPE
                   Property Value: 
 #19  ERROR(SPCOPK-1053): Cannot find a ppt part that matches the instance pro~
perties.
        Ppt Name: RSMD0402
        Schematic instance: @PMTPULSER_LIB.SIMPLEPULSER(SCH_1):PAGE1_I47@PARTS~
_LIB.RSMD0402(CHIPS)
        Physical Path: @pmtpulser_lib.simplepulser(sch_1):page1_i47@parts_lib.~
rsmd0402(chips)
INFO(SPCOPK-1063): Property Name: VALUE
                   Property Value: 100
INFO(SPCOPK-1063): Property Name: TOL
                   Property Value: 5%
INFO(SPCOPK-1063): Property Name: PACKTYPE
                   Property Value: 
 #20  ERROR(SPCOPK-1053): Cannot find a ppt part that matches the instance pro~
perties.
        Ppt Name: RSMD0402
        Schematic instance: @PMTPULSER_LIB.SIMPLEPULSER(SCH_1):PAGE1_I48@PARTS~
_LIB.RSMD0402(CHIPS)
        Physical Path: @pmtpulser_lib.simplepulser(sch_1):page1_i48@parts_lib.~
rsmd0402(chips)
INFO(SPCOPK-1063): Property Name: VALUE
                   Property Value: 100
INFO(SPCOPK-1063): Property Name: TOL
                   Property Value: 5%
INFO(SPCOPK-1063): Property Name: PACKTYPE
                   Property Value: 
 #21  ERROR(SPCOPK-1053): Cannot find a ppt part that matches the instance pro~
perties.
        Ppt Name: RSMD0402
        Schematic instance: @PMTPULSER_LIB.SIMPLEPULSER(SCH_1):PAGE1_I49@PARTS~
_LIB.RSMD0402(CHIPS)
        Physical Path: @pmtpulser_lib.simplepulser(sch_1):page1_i49@parts_lib.~
rsmd0402(chips)
INFO(SPCOPK-1063): Property Name: VALUE
                   Property Value: 100
INFO(SPCOPK-1063): Property Name: TOL
                   Property Value: 5%
INFO(SPCOPK-1063): Property Name: PACKTYPE
                   Property Value: 
 #22  ERROR(SPCOPK-1053): Cannot find a ppt part that matches the instance pro~
perties.
        Ppt Name: RSMD0402
        Schematic instance: @PMTPULSER_LIB.SIMPLEPULSER(SCH_1):PAGE1_I50@PARTS~
_LIB.RSMD0402(CHIPS)
        Physical Path: @pmtpulser_lib.simplepulser(sch_1):page1_i50@parts_lib.~
rsmd0402(chips)
INFO(SPCOPK-1063): Property Name: VALUE
                   Property Value: 100
INFO(SPCOPK-1063): Property Name: TOL
                   Property Value: 5%
INFO(SPCOPK-1063): Property Name: PACKTYPE
                   Property Value: 
 #23  ERROR(SPCOPK-1053): Cannot find a ppt part that matches the instance pro~
perties.
        Ppt Name: RSMD0402
        Schematic instance: @PMTPULSER_LIB.SIMPLEPULSER(SCH_1):PAGE1_I51@PARTS~
_LIB.RSMD0402(CHIPS)
        Physical Path: @pmtpulser_lib.simplepulser(sch_1):page1_i51@parts_lib.~
rsmd0402(chips)
INFO(SPCOPK-1063): Property Name: VALUE
                   Property Value: 100
INFO(SPCOPK-1063): Property Name: TOL
                   Property Value: 5%
INFO(SPCOPK-1063): Property Name: PACKTYPE
                   Property Value: 
 #24  ERROR(SPCOPK-1053): Cannot find a ppt part that matches the instance pro~
perties.
        Ppt Name: RSMD0402
        Schematic instance: @PMTPULSER_LIB.SIMPLEPULSER(SCH_1):PAGE1_I52@PARTS~
_LIB.RSMD0402(CHIPS)
        Physical Path: @pmtpulser_lib.simplepulser(sch_1):page1_i52@parts_lib.~
rsmd0402(chips)
INFO(SPCOPK-1063): Property Name: VALUE
                   Property Value: 100
INFO(SPCOPK-1063): Property Name: TOL
                   Property Value: 5%
INFO(SPCOPK-1063): Property Name: PACKTYPE
                   Property Value: 
 #25  ERROR(SPCOPK-1053): Cannot find a ppt part that matches the instance pro~
perties.
        Ppt Name: RSMD0402
        Schematic instance: @PMTPULSER_LIB.SIMPLEPULSER(SCH_1):PAGE1_I53@PARTS~
_LIB.RSMD0402(CHIPS)
        Physical Path: @pmtpulser_lib.simplepulser(sch_1):page1_i53@parts_lib.~
rsmd0402(chips)
INFO(SPCOPK-1063): Property Name: VALUE
                   Property Value: 100
INFO(SPCOPK-1063): Property Name: TOL
                   Property Value: 5%
INFO(SPCOPK-1063): Property Name: PACKTYPE
                   Property Value: 
 #26  ERROR(SPCOPK-1053): Cannot find a ppt part that matches the instance pro~
perties.
        Ppt Name: RSMD0402
        Schematic instance: @PMTPULSER_LIB.SIMPLEPULSER(SCH_1):PAGE1_I54@PARTS~
_LIB.RSMD0402(CHIPS)
        Physical Path: @pmtpulser_lib.simplepulser(sch_1):page1_i54@parts_lib.~
rsmd0402(chips)
INFO(SPCOPK-1063): Property Name: VALUE
                   Property Value: 100
INFO(SPCOPK-1063): Property Name: TOL
                   Property Value: 5%
INFO(SPCOPK-1063): Property Name: PACKTYPE
                   Property Value: 
 #27  ERROR(SPCOPK-1053): Cannot find a ppt part that matches the instance pro~
perties.
        Ppt Name: LSMD1206
        Schematic instance: @PMTPULSER_LIB.SIMPLEPULSER(SCH_1):PAGE1_I56@PARTS~
_LIB.LSMD1206(CHIPS)
        Physical Path: @pmtpulser_lib.simplepulser(sch_1):page1_i56@parts_lib.~
lsmd1206(chips)
INFO(SPCOPK-1063): Property Name: VALUE
                   Property Value: 0.09UH
INFO(SPCOPK-1063): Property Name: TOL
                   Property Value: 10%
INFO(SPCOPK-1063): Property Name: PACKTYPE
                   Property Value: 0805
 #28  ERROR(SPCOPK-1053): Cannot find a ppt part that matches the instance pro~
perties.
        Ppt Name: RSMD0402
        Schematic instance: @PMTPULSER_LIB.SIMPLEPULSER(SCH_1):PAGE1_I57@PARTS~
_LIB.RSMD0402(CHIPS)
        Physical Path: @pmtpulser_lib.simplepulser(sch_1):page1_i57@parts_lib.~
rsmd0402(chips)
INFO(SPCOPK-1063): Property Name: VALUE
                   Property Value: 100
INFO(SPCOPK-1063): Property Name: TOL
                   Property Value: 5%
INFO(SPCOPK-1063): Property Name: PACKTYPE
                   Property Value: 
 #29  ERROR(SPCOPK-1053): Cannot find a ppt part that matches the instance pro~
perties.
        Ppt Name: RSMD0402
        Schematic instance: @PMTPULSER_LIB.SIMPLEPULSER(SCH_1):PAGE1_I58@PARTS~
_LIB.RSMD0402(CHIPS)
        Physical Path: @pmtpulser_lib.simplepulser(sch_1):page1_i58@parts_lib.~
rsmd0402(chips)
INFO(SPCOPK-1063): Property Name: VALUE
                   Property Value: 100
INFO(SPCOPK-1063): Property Name: TOL
                   Property Value: 5%
INFO(SPCOPK-1063): Property Name: PACKTYPE
                   Property Value: 
 #30  ERROR(SPCOPK-1053): Cannot find a ppt part that matches the instance pro~
perties.
        Ppt Name: RSMD0402
        Schematic instance: @PMTPULSER_LIB.SIMPLEPULSER(SCH_1):PAGE1_I59@PARTS~
_LIB.RSMD0402(CHIPS)
        Physical Path: @pmtpulser_lib.simplepulser(sch_1):page1_i59@parts_lib.~
rsmd0402(chips)
INFO(SPCOPK-1063): Property Name: VALUE
                   Property Value: 100
INFO(SPCOPK-1063): Property Name: TOL
                   Property Value: 5%
INFO(SPCOPK-1063): Property Name: PACKTYPE
                   Property Value: 
 #31  ERROR(SPCOPK-1053): Cannot find a ppt part that matches the instance pro~
perties.
        Ppt Name: RSMD0402
        Schematic instance: @PMTPULSER_LIB.SIMPLEPULSER(SCH_1):PAGE1_I60@PARTS~
_LIB.RSMD0402(CHIPS)
        Physical Path: @pmtpulser_lib.simplepulser(sch_1):page1_i60@parts_lib.~
rsmd0402(chips)
INFO(SPCOPK-1063): Property Name: VALUE
                   Property Value: 100
INFO(SPCOPK-1063): Property Name: TOL
                   Property Value: 5%
INFO(SPCOPK-1063): Property Name: PACKTYPE
                   Property Value: 
INFO(SPCOPK-1441): 31 errors detected
INFO(SPCOPK-1444): No warnings detected
INFO(SPCOPK-1448): Use Tools->Markers->Packager in ConceptHDL to highlight ins~
tances for the errors/warnings reported.
    Start time   14:12:43
    End time     14:12:44
    CPU time      0:00:00
    Elapsed time  0:00:01

 **************************************************
 *  FATAL ERROR PackagerXL exiting with status 2  *
 **************************************************

