temp/xxnedtmp8/event.log NEWFILE1
temp/xxnedtmp8/text.log NEWFILE2
temp/xxnedtmp8/environ.log NEWFILE3
C:\Cadence\SPB_16.6\share\cdssetup/concept/concepthdl.scr FILE4
C:\Users\HEP\Documents\GitHub\PMTPulser\cds.lib FILE5
C:\Users\HEP\Documents\GitHub\PMTPulser\worklib\simplepulser\sch_1\page1.csb FILE6
C:\Users\HEP\Documents\GitHub\PMTPulser\worklib\simplepulser\sch_1\page1_csb.lck NEWFILE7
temp/xxnedtmp8/undo1.log NEWFILE8
C:\Users\HEP\Documents\GitHub\PMTPulser\libraries\parts_lib\penn#20b#20size#20page\sym_1\symbol.css FILE9
C:\Users\HEP\Documents\GitHub\PMTPulser\libraries\parts_lib\csmd0402\sym_1\symbol.css FILE10
C:\Users\HEP\Documents\GitHub\PMTPulser\libraries\parts_lib\rsmd0402\sym_1\symbol.css FILE11
C:\Users\HEP\Documents\GitHub\PMTPulser\libraries\parts_lib\conn2\sym_1\symbol.css FILE12
C:\Users\HEP\Documents\GitHub\PMTPulser\libraries\parts_lib\bfu730f\sym_1\symbol.css FILE13
C:\Users\HEP\Documents\GitHub\PMTPulser\libraries\parts_lib\adn4661\sym_1\symbol.css FILE14
C:\Users\HEP\Documents\GitHub\PMTPulser\libraries\parts_lib\7806_l\sym_1\symbol.css FILE15
C:\Users\HEP\Documents\GitHub\PMTPulser\libraries\parts_lib\bav99t\sym_1\symbol.css FILE16
C:\Users\HEP\Documents\GitHub\PMTPulser\libraries\parts_lib\conn3\sym_1\symbol.css FILE17
C:\Users\HEP\Documents\GitHub\PMTPulser\libraries\parts_lib\lsmd1206\sym_1\symbol.css FILE18
C:\Users\HEP\Documents\GitHub\PMTPulser\libraries\parts_lib\lmc555\sym_1\symbol.css FILE19
C:\Users\HEP\Documents\GitHub\PMTPulser\worklib\simplepulser\sch_1\page1_csa.lck NEWFILE20
C:/Users/HEP/Documents/GitHub/PMTPulser/worklib/simplepulser/sch_1/simplepulser.xcon FILE21
C:/Users/HEP/Documents/GitHub/PMTPulser/worklib/simplepulser/sch_1/simplepulser.dcf FILE22
C:/Cadence/SPB_16.6/tools/language/config.dat FILE23
temp/xxnedtmp8/concept.mkr NEWFILE24
C:/Cadence/SPB_16.6/tools/language/pack_type_rename.dat NEWFILE25
temp/xxnedtmp8/../bfu730f.mkr NEWFILE26
temp/xxnedtmp8/../rsmd0402.mkr NEWFILE27
temp/xxnedtmp8/../csmd0402.mkr NEWFILE28
temp/xxnedtmp8/../penn#20b#20size#20page.mkr NEWFILE29
temp/xxnedtmp8/../conn2.mkr NEWFILE30
temp/xxnedtmp8/../adn4661.mkr NEWFILE31
temp/xxnedtmp8/../7806_l.mkr NEWFILE32
temp/xxnedtmp8/../bav99t.mkr NEWFILE33
temp/xxnedtmp8/../conn3.mkr NEWFILE34
temp/xxnedtmp8/../lsmd1206.mkr NEWFILE35
temp/xxnedtmp8/../lmc555.mkr NEWFILE36
C:\Users\HEP\Documents\GitHub\PMTPulser\worklib\simplepulser\sch_1\page1.csa FILE37
C:\Users\HEP\Documents\GitHub\PMTPulser\worklib\simplepulser\sch_1\page1.csv FILE38
C:/Users/HEP/Documents/GitHub/PMTPulser/worklib/simplepulser/sch_1/simplepulser_xcon.lck NEWFILE39
C:/Users/HEP/Documents/GitHub/PMTPulser/worklib/simplepulser/sch_1/simplepulser_dcf.lck NEWFILE40
temp/xxnedtmp8/csnetlister.mkr NEWFILE41
C:\Users\HEP\Documents\GitHub\PMTPulser\worklib\simplepulser\packaged/pstback.dat FILE42
C:\Users\HEP\Documents\GitHub\PMTPulser\worklib\simplepulser\sch_1\page2.csb FILE43
C:\Users\HEP\Documents\GitHub\PMTPulser\worklib\simplepulser\sch_1\page2_csb.lck NEWFILE44
C:\Users\HEP\Documents\GitHub\PMTPulser\libraries\parts_lib\rk09l\sym_1\symbol.css FILE45
C:\Users\HEP\Documents\GitHub\PMTPulser\libraries\parts_lib\ltc2050\sym_1\symbol.css FILE46
C:\Users\HEP\Documents\GitHub\PMTPulser\libraries\parts_lib\trimpot\sym_1\symbol.css FILE47
C:\Users\HEP\Documents\GitHub\PMTPulser\libraries\parts_lib\bfr182\sym_1\symbol.css FILE48
temp/xxnedtmp8/../rk09l.mkr NEWFILE49
temp/xxnedtmp8/../ltc2050.mkr NEWFILE50
temp/xxnedtmp8/../trimpot.mkr NEWFILE51
temp/xxnedtmp8/../bfr182.mkr NEWFILE52
C:\Users\HEP\Documents\GitHub\PMTPulser\worklib\simplepulser\sch_1\page2.csa FILE53
C:\Users\HEP\Documents\GitHub\PMTPulser\worklib\simplepulser\sch_1\page2.csv FILE54
C:\Users\HEP\Documents\GitHub\PMTPulser\worklib\simplepulser\sch_1\page3.csb FILE55
C:\Users\HEP\Documents\GitHub\PMTPulser\worklib\simplepulser\sch_1\page3_csb.lck NEWFILE56
C:\Users\HEP\Documents\GitHub\PMTPulser\worklib\simplepulser\sch_1\page2_csa.lck NEWFILE57
C:\Users\HEP\Documents\GitHub\PMTPulser\libraries\parts_lib\hfa3128b96\sym_1\symbol.css FILE58
temp/xxnedtmp8/../hfa3128b96.mkr NEWFILE59
C:\Users\HEP\Documents\GitHub\PMTPulser\worklib\simplepulser\sch_1\page3.csa FILE60
C:\Users\HEP\Documents\GitHub\PMTPulser\worklib\simplepulser\sch_1\page3.csv FILE61
C:\Users\HEP\Documents\GitHub\PMTPulser\worklib\simplepulser\sch_1\page3_csa.lck NEWFILE62
