Allegro Design Entry HDL 16.6-p007 (v16-6-112F) 10/10/2012
Copyright 2011 Cadence Design Systems, Inc

WARNING(SPCOCN-1474): You must specify a window that contains a drawing.
WARNING(SPCOCN-1474): You must specify a window that contains a drawing.
WARNING(SPCOCN-1474): You must specify a window that contains a drawing.
WARNING(SPCOCN-1474): You must specify a window that contains a drawing.
WARNING(SPCOCN-1474): You must specify a window that contains a drawing.
WARNING(SPCOCN-1474): You must specify a window that contains a drawing.
WARNING(SPCOCN-1474): You must specify a window that contains a drawing.
WARNING(SPCOCN-2040): Specify the command "page forcereset all" to reset logical page numbers of all pages of this block.
WARNING(SPCOCN-1523): Invalid set option: <search_history_count>
INFO(SPCOCN-1177): Unexpected text: <5>
WARNING(SPCOCN-1523): Invalid set option: <search_history>
WARNING(SPCOCN-1523): Invalid set option: <search_toolbar_lookin>
INFO(SPCOCN-1177): Unexpected text: <PAGE>
WARNING(SPCOCN-1523): Invalid set option: <modify_quick_reset_filters>
INFO(SPCOCN-1177): Unexpected text: <OFF>
WARNING(SPCOCN-1523): Invalid set option: <hss_distribute_ports_count>
INFO(SPCOCN-1177): Unexpected text: <25>
WARNING(SPCOCN-1523): Invalid set option: <hss_distribute_port_pattern>
WARNING(SPCOCN-1523): Invalid set option: <hss_distribute_property_name>
WARNING(SPCOCN-1474): You must specify a window that contains a drawing.
WARNING(SPCOCN-1474): You must specify a window that contains a drawing.
WARNING(SPCOCN-1474): You must specify a window that contains a drawing.
WARNING(SPCOCN-1474): You must specify a window that contains a drawing.
WARNING(SPCOCN-1474): You must specify a window that contains a drawing.
WARNING(SPCOCN-1474): You must specify a window that contains a drawing.
INFO(SPCOCN-1737): Reading C:\Users\HEP\Documents\GitHub\PMTPulser\cds.lib file.
ERROR(SPCOCN-1334): Library mayers_lib not found in cds.lib list.
WARNING(SPCOCN-1474): You must specify a window that contains a drawing.
INFO(SPCOCN-1445): Reading SIMPLEPULSER.SCH.1.1 into drawing #1.
INFO(SPCOCN-195): The following file will be used to identify the list of modules to be excluded: 'C:\Cadence\SPB_16.6\share\cdssetup\xmodules.dat'.
INFO(SPCOCN-1445): Reading SIMPLEPULSER.SCH.1.1 into drawing #1.
INFO(SPCOCN-1000): Pin: I14.3 selected.
INFO(SPCOCN-1000): Pin: I14.3 selected.
WARNING(SPCOCN-503): The specified stroke shape '17581' is not recognized. Ensure that you specify a known shape.
INFO(SPCOCN-1000): Pin: I5.3 selected.
INFO(SPCOCN-1000): Pin: I5.3 selected.
INFO(SPCOCN-1070): Checking drawing...
INFO(SPCOCN-1028): writing <pmtpulser_lib>SIMPLEPULSER.SCH.1.1:
INFO(SPCOCN-1044): writing binary file...
INFO(SPCOCN-1049): writing ASCII file...
INFO(SPCOCN-1053): writing connectivity file...
INFO(SPCOCN-1054): ...written

CSDirect 16.6-p007 (v16-6-112F)

Netlisting block simplepulser

Processing page 1

No netlisting errors found. 

INFO(SPCOCN-1640): writing occurrence data...
INFO(SPCOCN-1054): ...written
INFO(SPCOCN-1070): Checking drawing...
INFO(SPCOCN-1028): writing <pmtpulser_lib>SIMPLEPULSER.SCH.1.1:
INFO(SPCOCN-1044): writing binary file...
INFO(SPCOCN-1049): writing ASCII file...
INFO(SPCOCN-1053): writing connectivity file...
INFO(SPCOCN-1054): ...written

CSDirect 16.6-p007 (v16-6-112F)

Netlisting block simplepulser

Processing page 1

No netlisting errors found. 

INFO(SPCOCN-1640): writing occurrence data...
INFO(SPCOCN-1054): ...written
INFO(SPCOCN-1070): Checking drawing...
INFO(SPCOCN-1028): writing <pmtpulser_lib>SIMPLEPULSER.SCH.1.1:
INFO(SPCOCN-1044): writing binary file...
INFO(SPCOCN-1049): writing ASCII file...
INFO(SPCOCN-1053): writing connectivity file...
INFO(SPCOCN-1054): ...written

CSDirect 16.6-p007 (v16-6-112F)

Netlisting block simplepulser

Processing page 1

No netlisting errors found. 

INFO(SPCOCN-1640): writing occurrence data...
INFO(SPCOCN-1054): ...written
INFO(SPCOCN-1445): Reading SIMPLEPULSER.SCH.1.1 into drawing #1.
INFO(SPCOCN-1445): Reading SIMPLEPULSER.SCH.1.1 into drawing #1.
INFO(SPCOCN-1445): Reading SIMPLEPULSER.SCH.1.1 into drawing #1.
INFO(SPCOCN-1445): Reading SIMPLEPULSER.SCH.1.2 into drawing #1.
INFO(SPCOCN-1445): Reading SIMPLEPULSER.SCH.1.3 into drawing #1.
INFO(SPCOCN-1445): Reading SIMPLEPULSER.SCH.1.1 into drawing #1.
INFO(SPCOCN-1001): Component: I1 selected.
INFO(SPCOCN-1001): Component: I3 selected.
INFO(SPCOCN-1001): Component: I95 selected.
WARNING(SPCOCN-503): The specified stroke shape '9391' is not recognized. Ensure that you specify a known shape.
WARNING(SPCOCN-982): The operation could not be performed because no object on the drawing was selected.
INFO(SPCOCN-1854): The drawing SIMPLEPULSER.SCH.1.1
INFO(SPCOCN-578): will be retained as drawing #1.
INFO(SPCOCN-1445): Reading SIMPLEPULSER.SCH.1.2 into drawing #2.
INFO(SPCOCN-1001): Component: I2 selected.
INFO(SPCOCN-1001): Component: I24 selected.
INFO(SPCOCN-1001): Component: I1 selected.
INFO(SPCOCN-1001): Component: I1 selected.
INFO(SPCOCN-1001): Component: I20 selected.
INFO(SPCOCN-1001): Component: I20 selected.
INFO(SPCOCN-1001): Component: I19 selected.
INFO(SPCOCN-1000): Pin: I19.C<SIZE-1..0> selected.
INFO(SPCOCN-999): Signal: UN$2$RSMD0402$I11$1 selected.
INFO(SPCOCN-999): Signal: GND selected.
;
INFO(SPCOCN-1854): The drawing SIMPLEPULSER.SCH.1.2
INFO(SPCOCN-578): will be retained as drawing #2.
INFO(SPCOCN-1445): Reading SIMPLEPULSER.SCH.1.3 into drawing #3.
INFO(SPCOCN-1443): SIMPLEPULSER.SCH.1.2 has been previously edited as drawing #2.
INFO(SPCOCN-1443): SIMPLEPULSER.SCH.1.1 has been previously edited as drawing #1.
INFO(SPCOCN-999): Signal: TSTPLS selected.
INFO(SPCOCN-1001): Component: I104 selected.
INFO(SPCOCN-1001): Component: I103 selected.
INFO(SPCOCN-1001): Component: I97 selected.
INFO(SPCOCN-1001): Component: I98 selected.
INFO(SPCOCN-1001): Component: I90 selected.
INFO(SPCOCN-1001): Component: I90 selected.
INFO(SPCOCN-1001): Component: I90 selected.
INFO(SPCOCN-1001): Component: I90 selected.
INFO(SPCOCN-1443): SIMPLEPULSER.SCH.1.2 has been previously edited as drawing #2.
INFO(SPCOCN-1443): SIMPLEPULSER.SCH.1.3 has been previously edited as drawing #3.
INFO(SPCOCN-1001): Component: I19 selected.
INFO(SPCOCN-1443): SIMPLEPULSER.SCH.1.2 has been previously edited as drawing #2.
INFO(SPCOCN-1443): SIMPLEPULSER.SCH.1.1 has been previously edited as drawing #1.
INFO(SPCOCN-1001): Component: I90 selected.
INFO(SPCOCN-999): Signal: UN$1$CSMD0402$I104$B selected.
INFO(SPCOCN-1070): Checking drawing...
INFO(SPCOCN-1028): writing <pmtpulser_lib>SIMPLEPULSER.SCH.1.1:
INFO(SPCOCN-1044): writing binary file...
INFO(SPCOCN-1049): writing ASCII file...
INFO(SPCOCN-1053): writing connectivity file...
INFO(SPCOCN-1054): ...written

CSDirect 16.6-p007 (v16-6-112F)

Netlisting block simplepulser

Processing page 1

No netlisting errors found. 

INFO(SPCOCN-1640): writing occurrence data...
INFO(SPCOCN-1054): ...written
INFO(SPCOCN-1070): Checking drawing...
INFO(SPCOCN-1028): writing <pmtpulser_lib>SIMPLEPULSER.SCH.1.1:
INFO(SPCOCN-1044): writing binary file...
INFO(SPCOCN-1049): writing ASCII file...
INFO(SPCOCN-1053): writing connectivity file...
INFO(SPCOCN-1054): ...written

CSDirect 16.6-p007 (v16-6-112F)

Netlisting block simplepulser

Processing page 1

No netlisting errors found. 

INFO(SPCOCN-1640): writing occurrence data...
INFO(SPCOCN-1054): ...written
INFO(SPCOCN-1070): Checking drawing...
INFO(SPCOCN-1028): writing <pmtpulser_lib>SIMPLEPULSER.SCH.1.1:
INFO(SPCOCN-1044): writing binary file...
INFO(SPCOCN-1049): writing ASCII file...
INFO(SPCOCN-1053): writing connectivity file...
INFO(SPCOCN-1054): ...written

CSDirect 16.6-p007 (v16-6-112F)

Netlisting block simplepulser

Processing page 1

No netlisting errors found. 

INFO(SPCOCN-1640): writing occurrence data...
INFO(SPCOCN-1054): ...written
INFO(SPCOCN-1070): Checking drawing...
INFO(SPCOCN-1028): writing <pmtpulser_lib>SIMPLEPULSER.SCH.1.1:
INFO(SPCOCN-1044): writing binary file...
INFO(SPCOCN-1049): writing ASCII file...
INFO(SPCOCN-1053): writing connectivity file...
INFO(SPCOCN-1054): ...written

CSDirect 16.6-p007 (v16-6-112F)

Netlisting block simplepulser

Processing page 1

No netlisting errors found. 

INFO(SPCOCN-1640): writing occurrence data...
INFO(SPCOCN-1054): ...written
INFO(SPCOCN-1070): Checking drawing...
INFO(SPCOCN-1028): writing <pmtpulser_lib>SIMPLEPULSER.SCH.1.1:
INFO(SPCOCN-1044): writing binary file...
INFO(SPCOCN-1049): writing ASCII file...
INFO(SPCOCN-1053): writing connectivity file...
INFO(SPCOCN-1054): ...written

CSDirect 16.6-p007 (v16-6-112F)

Netlisting block simplepulser

Processing page 1

No netlisting errors found. 

INFO(SPCOCN-1640): writing occurrence data...
INFO(SPCOCN-1054): ...written
INFO(SPCOCN-1070): Checking drawing...
INFO(SPCOCN-1028): writing <pmtpulser_lib>SIMPLEPULSER.SCH.1.1:
INFO(SPCOCN-1044): writing binary file...
INFO(SPCOCN-1049): writing ASCII file...
INFO(SPCOCN-1053): writing connectivity file...
INFO(SPCOCN-1054): ...written

CSDirect 16.6-p007 (v16-6-112F)

Netlisting block simplepulser

Processing page 1

No netlisting errors found. 

INFO(SPCOCN-1640): writing occurrence data...
INFO(SPCOCN-1054): ...written
INFO(SPCOCN-1070): Checking drawing...
INFO(SPCOCN-1028): writing <pmtpulser_lib>SIMPLEPULSER.SCH.1.1:
INFO(SPCOCN-1044): writing binary file...
INFO(SPCOCN-1049): writing ASCII file...
INFO(SPCOCN-1053): writing connectivity file...
INFO(SPCOCN-1054): ...written

CSDirect 16.6-p007 (v16-6-112F)

Netlisting block simplepulser

Processing page 1

No netlisting errors found. 

INFO(SPCOCN-1640): writing occurrence data...
INFO(SPCOCN-1054): ...written
INFO(SPCOCN-1070): Checking drawing...
INFO(SPCOCN-1028): writing <pmtpulser_lib>SIMPLEPULSER.SCH.1.1:
INFO(SPCOCN-1044): writing binary file...
INFO(SPCOCN-1049): writing ASCII file...
INFO(SPCOCN-1053): writing connectivity file...
INFO(SPCOCN-1054): ...written

CSDirect 16.6-p007 (v16-6-112F)

Netlisting block simplepulser

Processing page 1

No netlisting errors found. 

INFO(SPCOCN-1640): writing occurrence data...
INFO(SPCOCN-1054): ...written
INFO(SPCOCN-1443): SIMPLEPULSER.SCH.1.2 has been previously edited as drawing #2.
INFO(SPCOCN-1070): Checking drawing...
INFO(SPCOCN-1028): writing <pmtpulser_lib>SIMPLEPULSER.SCH.1.2:
INFO(SPCOCN-1044): writing binary file...
INFO(SPCOCN-1049): writing ASCII file...
INFO(SPCOCN-1727): Appending master.tag page1.csa with page2.csa
INFO(SPCOCN-1053): writing connectivity file...
INFO(SPCOCN-1054): ...written

CSDirect 16.6-p007 (v16-6-112F)

Netlisting block simplepulser

Processing page 2

No netlisting errors found. 

INFO(SPCOCN-1640): writing occurrence data...
INFO(SPCOCN-1054): ...written
INFO(SPCOCN-1443): SIMPLEPULSER.SCH.1.3 has been previously edited as drawing #3.
INFO(SPCOCN-1070): Checking drawing...
INFO(SPCOCN-1028): writing <pmtpulser_lib>SIMPLEPULSER.SCH.1.3:
INFO(SPCOCN-1044): writing binary file...
INFO(SPCOCN-1049): writing ASCII file...
INFO(SPCOCN-1727): Appending master.tag page1.csa with page3.csa
INFO(SPCOCN-1053): writing connectivity file...
INFO(SPCOCN-1054): ...written

CSDirect 16.6-p007 (v16-6-112F)

Netlisting block simplepulser

Processing page 3

No netlisting errors found. 

INFO(SPCOCN-1640): writing occurrence data...
INFO(SPCOCN-1054): ...written
INFO(SPCOCN-1070): Checking drawing...
INFO(SPCOCN-1028): writing <pmtpulser_lib>SIMPLEPULSER.SCH.1.3:
INFO(SPCOCN-1044): writing binary file...
INFO(SPCOCN-1049): writing ASCII file...
INFO(SPCOCN-1727): Appending master.tag page1.csa with page3.csa
INFO(SPCOCN-1053): writing connectivity file...
INFO(SPCOCN-1054): ...written

CSDirect 16.6-p007 (v16-6-112F)

Netlisting block simplepulser

Processing page 3

No netlisting errors found. 

INFO(SPCOCN-1640): writing occurrence data...
INFO(SPCOCN-1054): ...written
INFO(SPCOCN-1445): Reading SIMPLEPULSER.SCH.1.3 into drawing #3.
INFO(SPCOCN-1001): Component: I7 selected.
INFO(SPCOCN-1070): Checking drawing...
INFO(SPCOCN-1028): writing <pmtpulser_lib>SIMPLEPULSER.SCH.1.3:
INFO(SPCOCN-1044): writing binary file...
INFO(SPCOCN-1049): writing ASCII file...
INFO(SPCOCN-1727): Appending master.tag page1.csa with page3.csa
INFO(SPCOCN-1053): writing connectivity file...
INFO(SPCOCN-1054): ...written

CSDirect 16.6-p007 (v16-6-112F)

Netlisting block simplepulser

Processing page 3

No netlisting errors found. 

INFO(SPCOCN-1640): writing occurrence data...
INFO(SPCOCN-1054): ...written
INFO(SPCOCN-1443): SIMPLEPULSER.SCH.1.2 has been previously edited as drawing #2.
INFO(SPCOCN-1443): SIMPLEPULSER.SCH.1.1 has been previously edited as drawing #1.
INFO(SPCOCN-1443): SIMPLEPULSER.SCH.1.2 has been previously edited as drawing #2.
INFO(SPCOCN-1443): SIMPLEPULSER.SCH.1.3 has been previously edited as drawing #3.
INFO(SPCOCN-1001): Component: I21 selected.
zoom right; 
INFO(SPCOCN-999): Signal: OUT_6 selected.
INFO(SPCOCN-1001): Component: I23 selected.
INFO(SPCOCN-1443): SIMPLEPULSER.SCH.1.2 has been previously edited as drawing #2.
INFO(SPCOCN-1443): SIMPLEPULSER.SCH.1.1 has been previously edited as drawing #1.
INFO(SPCOCN-1001): Component: I104 selected.
INFO(SPCOCN-1507): Adding version 1 of part CONN37_SCREWHOLES from library parts_lib
