========================================================================
Symbol Check Log File
Drawing: E:/Cadence/symbols/unnamed.dra 
Feb 28 17:01:09 2006
========================================================================
REFDES Exist FAILED

REFDES Text Size FAILED

REFDES Subclass FAILED

COMPONENT VALUE Exist Has WARNINGS

COMPONENT VALUE Text Size Has WARNINGS

COMPONENT VALUE Subclass Has WARNINGS

DEVICE TYPE Exist Has WARNINGS

DEVICE TYPE Text Size Has WARNINGS

DEVICE TYPE Subclass Has WARNINGS

TOLERANCE Exist Has WARNINGS

TOLERANCE Text Size Has WARNINGS

TOLERANCE Subclass Has WARNINGS

USER PART NUMBER Exist FAILED

USER PART NUMBER Text Size FAILED

USER PART NUMBER Subclass FAILED

SILK SCREEN Geometry FAILED

ASSEMBLY Geometry FAILED

PIN Location Report FAILED

========================================================================
Errors Found: 9
Warnings Found: 9

End Of Log File
