FILE_TYPE=LIBRARY_PARTS;
primitive 'OPA2356';
  pin
    'OUT':
      PIN_NUMBER='(1,7)';
      OUTPUT_LOAD='(1.0,-1.0)';
    '+IN':
      PIN_NUMBER='(3,5)';
      INPUT_LOAD='(-0.01,0.01)';
    '-V':
      PIN_NUMBER='(4,4)';
      PINUSE='GROUND';
      NO_LOAD_CHECK='Both';
      NO_IO_CHECK='Both';
      NO_ASSERT_CHECK='TRUE';
      NO_DIR_CHECK='TRUE';
      ALLOW_CONNECT='TRUE';
    '+V':
      PIN_NUMBER='(8,8)';
      PINUSE='POWER';
      NO_LOAD_CHECK='Both';
      NO_IO_CHECK='Both';
      NO_ASSERT_CHECK='TRUE';
      NO_DIR_CHECK='TRUE';
      ALLOW_CONNECT='TRUE';
    '-IN':
      PIN_NUMBER='(2,6)';
      INPUT_LOAD='(-0.01,0.01)';
  end_pin;
  body
    PART_NAME='OPA2356';
    BODY_NAME='OPA2356';
    JEDEC_TYPE='rh-8-1';
    PHYS_DES_PREFIX='U';
    CLASS='IC';
  end_body;
end_primitive;

END.
