	(Comment
		(Time 04/25/14,18:22:56)
		(User Godwin)
		(MsgId ECO_021)
		(Text "Package TLV70525 added to cell")
		(Param1 "TLV70525")
	)
	(Comment
		(Time 04/25/14,18:23:50)
		(User Godwin)
		(MsgId ECO_081)
		(Text "Symbol sym_1 added to cell")
		(Param1 "sym_1")
	)
	(Comment
		(Time 04/25/14,18:25:27)
		(User Godwin)
		(MsgId ECO_081)
		(Text "Symbol sym_2 added to cell")
		(Param1 "sym_2")
	)
	(Comment
		(Time 04/25/14,18:25:44)
		(User Godwin)
		(MsgId ECO_082)
		(Text "Symbol sym_2 deleted from cell")
		(Param1 "sym_2")
	)
