	(Comment
		(Time 03/18/09,19:20:47)
		(User Godwin)
		(MsgId ECO_021)
		(Text "Package PDI_LCC06856 added to cell")
		(Param1 PDI_LCC06856)
	)
	(Comment
		(Time 03/18/09,19:57:58)
		(User Godwin)
		(MsgId ECO_081)
		(Text "Symbol sym_1 added to cell")
		(Param1 sym_1)
	)
	(Comment
		(Time 03/23/09,12:38:34)
		(User Godwin)
		(MsgId ECO_081)
		(Text "Symbol sym_2 added to cell")
		(Param1 sym_2)
	)
	(Comment
		(Time 03/23/09,12:39:58)
		(User Godwin)
		(MsgId ECO_082)
		(Text "Symbol sym_2 deleted from cell")
		(Param1 sym_2)
	)
	(Comment
		(Time 04/27/09,22:31:13)
		(User Godwin)
		(MsgId ECO_021)
		(Text "Package PDI_LCC06856_1 added to cell")
		(Param1 PDI_LCC06856_1)
	)
	(Comment
		(Time 04/27/09,23:34:25)
		(User Godwin)
		(MsgId ECO_081)
		(Text "Symbol sym_2 added to cell")
		(Param1 sym_2)
	)
