FILE_TYPE=LIBRARY_PARTS;
primitive 'LT1369';
  pin
    'OUT':
      PIN_NUMBER='(1,7,8,14)';
      OUTPUT_LOAD='(-1.000000,1.000000)';
    'V-':
      PIN_NUMBER='(11,11,11,11)';
      PINUSE='POWER';
      NO_LOAD_CHECK='Both';
      NO_IO_CHECK='Both';
      NO_ASSERT_CHECK='TRUE';
      NO_DIR_CHECK='TRUE';
      ALLOW_CONNECT='TRUE';
    'V+':
      PIN_NUMBER='(4,4,4,4)';
      PINUSE='POWER';
      NO_LOAD_CHECK='Both';
      NO_IO_CHECK='Both';
      NO_ASSERT_CHECK='TRUE';
      NO_DIR_CHECK='TRUE';
      ALLOW_CONNECT='TRUE';
    '+IN':
      PIN_NUMBER='(3,5,10,12)';
      INPUT_LOAD='(-0.010000,0.010000)';
    '-IN':
      PIN_NUMBER='(2,6,9,13)';
      INPUT_LOAD='(-0.010000,0.010000)';
  end_pin;
  body
    PART_NAME='LT1369';
    BODY_NAME='LT1369';
    JEDEC_TYPE='soic14';
    PHYS_DES_PREFIX='U';
    CLASS='IC';
  end_body;
end_primitive;

primitive 'LT1369_1';
  pin
    'OUTD':
      PIN_NUMBER='(14)';
      OUTPUT_LOAD='(-1.000000,1.000000)';
    'V-':
      PIN_NUMBER='(11)';
      PINUSE='POWER';
      NO_LOAD_CHECK='Both';
      NO_IO_CHECK='Both';
      NO_ASSERT_CHECK='TRUE';
      NO_DIR_CHECK='TRUE';
      ALLOW_CONNECT='TRUE';
    'V+':
      PIN_NUMBER='(4)';
      PINUSE='POWER';
      NO_LOAD_CHECK='Both';
      NO_IO_CHECK='Both';
      NO_ASSERT_CHECK='TRUE';
      NO_DIR_CHECK='TRUE';
      ALLOW_CONNECT='TRUE';
    '+IND':
      PIN_NUMBER='(12)';
      INPUT_LOAD='(-0.010000,0.010000)';
    '-IND':
      PIN_NUMBER='(13)';
      INPUT_LOAD='(-0.010000,0.010000)';
    'OUTA':
      PIN_NUMBER='(1)';
      OUTPUT_LOAD='(-1.000000,1.000000)';
    '+INA':
      PIN_NUMBER='(3)';
      INPUT_LOAD='(-0.010000,0.010000)';
    '-INA':
      PIN_NUMBER='(2)';
      INPUT_LOAD='(-0.010000,0.010000)';
    'OUTB':
      PIN_NUMBER='(7)';
      OUTPUT_LOAD='(-1.000000,1.000000)';
    '+INB':
      PIN_NUMBER='(5)';
      INPUT_LOAD='(-0.010000,0.010000)';
    '-INB':
      PIN_NUMBER='(6)';
      INPUT_LOAD='(-0.010000,0.010000)';
    'OUTC':
      PIN_NUMBER='(8)';
      OUTPUT_LOAD='(-1.000000,1.000000)';
    '+INC':
      PIN_NUMBER='(10)';
      INPUT_LOAD='(-0.010000,0.010000)';
    '-INC':
      PIN_NUMBER='(9)';
      INPUT_LOAD='(-0.010000,0.010000)';
  end_pin;
  body
    PART_NAME='LT1369_1';
    BODY_NAME='LT1369';
    JEDEC_TYPE='soic14';
    PHYS_DES_PREFIX='U';
    CLASS='IC';
  end_body;
end_primitive;

END.
