	(Comment
		(Time 10/03/12,17:20:50)
		(User Godwin)
		(MsgId ECO_021)
		(Text "Package DDR2_SODIMM added to cell")
		(Param1 DDR2_SODIMM)
	)
	(Comment
		(Time 10/03/12,17:20:56)
		(User Godwin)
		(MsgId ECO_021)
		(Text "Package DDR2_SODIMM_1 added to cell")
		(Param1 DDR2_SODIMM_1)
	)
	(Comment
		(Time 10/03/12,17:21:02)
		(User Godwin)
		(MsgId ECO_022)
		(Text "Package DDR2_SODIMM_1 deleted from cell")
		(Param1 DDR2_SODIMM_1)
	)
	(Comment
		(Time 10/03/12,17:21:04)
		(User Godwin)
		(MsgId ECO_081)
		(Text "Symbol sym_1 added to cell")
		(Param1 sym_1)
	)
	(Comment
		(Time 10/03/12,17:21:13)
		(User Godwin)
		(MsgId ECO_081)
		(Text "Symbol sym_2 added to cell")
		(Param1 sym_2)
	)
