FILE_TYPE=LIBRARY_PARTS;
primitive 'TANT_CAP','TANT_CAP_TANT_B';
  pin
    'B':
      PIN_NUMBER='(2)';
      PIN_TYPE='ANALOG';
      NO_LOAD_CHECK='Both';
      NO_IO_CHECK='Both';
      NO_ASSERT_CHECK='TRUE';
      NO_DIR_CHECK='TRUE';
      ALLOW_CONNECT='TRUE';
    'A':
      PIN_NUMBER='(1)';
      PIN_TYPE='ANALOG';
      NO_LOAD_CHECK='Both';
      NO_IO_CHECK='Both';
      NO_ASSERT_CHECK='TRUE';
      NO_DIR_CHECK='TRUE';
      ALLOW_CONNECT='TRUE';
  end_pin;
  body
    PART_NAME='TANT_CAP';
    LIBRARY_NAME='mayerslib';
    PACKAGE_CREATOR='?';
    BODY_NAME='TANT_CAP';
    JEDEC_TYPE='tant_b';
    PHYS_DES_PREFIX='C';
    CLASS='DISCRETE';
  end_body;
end_primitive;

primitive 'TANT_CAP_1','TANT_CAP_TANT_C';
  pin
    'B':
      PIN_NUMBER='(2)';
      PIN_TYPE='ANALOG';
      NO_LOAD_CHECK='Both';
      NO_IO_CHECK='Both';
      NO_ASSERT_CHECK='TRUE';
      NO_DIR_CHECK='TRUE';
      ALLOW_CONNECT='TRUE';
    'A':
      PIN_NUMBER='(1)';
      PIN_TYPE='ANALOG';
      NO_LOAD_CHECK='Both';
      NO_IO_CHECK='Both';
      NO_ASSERT_CHECK='TRUE';
      NO_DIR_CHECK='TRUE';
      ALLOW_CONNECT='TRUE';
  end_pin;
  body
    PART_NAME='TANT_CAP';
    LIBRARY_NAME='mayerslib';
    PACKAGE_CREATOR='?';
    BODY_NAME='TANT_CAP';
    JEDEC_TYPE='tant_c';
    PHYS_DES_PREFIX='C';
    CLASS='DISCRETE';
  end_body;
end_primitive;

primitive 'TANT_CAP_2','TANT_CAP_TANT_D';
  pin
    'B':
      PIN_NUMBER='(2)';
      PIN_TYPE='ANALOG';
      NO_LOAD_CHECK='Both';
      NO_IO_CHECK='Both';
      NO_ASSERT_CHECK='TRUE';
      NO_DIR_CHECK='TRUE';
      ALLOW_CONNECT='TRUE';
    'A':
      PIN_NUMBER='(1)';
      PIN_TYPE='ANALOG';
      NO_LOAD_CHECK='Both';
      NO_IO_CHECK='Both';
      NO_ASSERT_CHECK='TRUE';
      NO_DIR_CHECK='TRUE';
      ALLOW_CONNECT='TRUE';
  end_pin;
  body
    PART_NAME='TANT_CAP';
    LIBRARY_NAME='mayerslib';
    PACKAGE_CREATOR='?';
    BODY_NAME='TANT_CAP';
    JEDEC_TYPE='tant_d';
    PHYS_DES_PREFIX='C';
    CLASS='DISCRETE';
  end_body;
end_primitive;

END.
