	(Comment
		(Time 10/09/12,13:19:04)
		(User nandor)
		(MsgId ECO_021)
		(Text "Package AD8567 added to cell")
		(Param1 AD8567)
	)
	(Comment
		(Time 10/09/12,13:31:46)
		(User nandor)
		(MsgId ECO_081)
		(Text "Symbol sym_1 added to cell")
		(Param1 sym_1)
	)
	(Comment
		(Time 10/09/12,13:31:46)
		(User nandor)
		(MsgId ECO_081)
		(Text "Symbol sym_2 added to cell")
		(Param1 sym_2)
	)
	(Comment
		(Time 10/09/12,13:31:46)
		(User nandor)
		(MsgId ECO_081)
		(Text "Symbol sym_3 added to cell")
		(Param1 sym_3)
	)
	(Comment
		(Time 10/09/12,13:31:46)
		(User nandor)
		(MsgId ECO_081)
		(Text "Symbol sym_4 added to cell")
		(Param1 sym_4)
	)
	(Comment
		(Time 10/09/12,13:32:11)
		(User nandor)
		(MsgId ECO_082)
		(Text "Symbol sym_1 deleted from cell")
		(Param1 sym_1)
	)
	(Comment
		(Time 10/09/12,13:32:17)
		(User nandor)
		(MsgId ECO_082)
		(Text "Symbol sym_2 deleted from cell")
		(Param1 sym_2)
	)
	(Comment
		(Time 10/09/12,13:32:21)
		(User nandor)
		(MsgId ECO_082)
		(Text "Symbol sym_3 deleted from cell")
		(Param1 sym_3)
	)
	(Comment
		(Time 10/09/12,13:32:25)
		(User nandor)
		(MsgId ECO_082)
		(Text "Symbol sym_4 deleted from cell")
		(Param1 sym_4)
	)
	(Comment
		(Time 10/09/12,13:34:01)
		(User nandor)
		(MsgId ECO_081)
		(Text "Symbol sym_1 added to cell")
		(Param1 sym_1)
	)
	(Comment
		(Time 10/09/12,13:53:29)
		(User nandor)
		(MsgId ECO_082)
		(Text "Symbol sym_1 deleted from cell")
		(Param1 sym_1)
	)
	(Comment
		(Time 10/09/12,13:53:44)
		(User nandor)
		(MsgId ECO_081)
		(Text "Symbol sym_1 added to cell")
		(Param1 sym_1)
	)
	(Comment
		(Time 10/09/12,13:55:23)
		(User nandor)
		(MsgId ECO_082)
		(Text "Symbol sym_1 deleted from cell")
		(Param1 sym_1)
	)
	(Comment
		(Time 10/09/12,13:55:32)
		(User nandor)
		(MsgId ECO_081)
		(Text "Symbol sym_1 added to cell")
		(Param1 sym_1)
	)
	(Comment
		(Time 10/09/12,13:55:32)
		(User nandor)
		(MsgId ECO_081)
		(Text "Symbol sym_2 added to cell")
		(Param1 sym_2)
	)
	(Comment
		(Time 10/09/12,13:55:32)
		(User nandor)
		(MsgId ECO_081)
		(Text "Symbol sym_3 added to cell")
		(Param1 sym_3)
	)
	(Comment
		(Time 10/09/12,13:55:32)
		(User nandor)
		(MsgId ECO_081)
		(Text "Symbol sym_4 added to cell")
		(Param1 sym_4)
	)
	(Comment
		(Time 10/09/12,13:59:29)
		(User nandor)
		(MsgId ECO_081)
		(Text "Symbol sym_5 added to cell")
		(Param1 sym_5)
	)
	(Comment
		(Time 10/09/12,13:59:44)
		(User nandor)
		(MsgId ECO_082)
		(Text "Symbol sym_5 deleted from cell")
		(Param1 sym_5)
	)
	(Comment
		(Time 10/09/12,14:02:25)
		(User nandor)
		(MsgId ECO_082)
		(Text "Symbol sym_1 deleted from cell")
		(Param1 sym_1)
	)
	(Comment
		(Time 10/09/12,14:02:30)
		(User nandor)
		(MsgId ECO_082)
		(Text "Symbol sym_2 deleted from cell")
		(Param1 sym_2)
	)
	(Comment
		(Time 10/09/12,14:02:34)
		(User nandor)
		(MsgId ECO_082)
		(Text "Symbol sym_3 deleted from cell")
		(Param1 sym_3)
	)
	(Comment
		(Time 10/09/12,14:02:38)
		(User nandor)
		(MsgId ECO_082)
		(Text "Symbol sym_4 deleted from cell")
		(Param1 sym_4)
	)
	(Comment
		(Time 10/09/12,14:02:44)
		(User nandor)
		(MsgId ECO_081)
		(Text "Symbol sym_1 added to cell")
		(Param1 sym_1)
	)
	(Comment
		(Time 10/09/12,14:02:44)
		(User nandor)
		(MsgId ECO_081)
		(Text "Symbol sym_2 added to cell")
		(Param1 sym_2)
	)
	(Comment
		(Time 10/09/12,14:02:44)
		(User nandor)
		(MsgId ECO_081)
		(Text "Symbol sym_3 added to cell")
		(Param1 sym_3)
	)
	(Comment
		(Time 10/09/12,14:02:44)
		(User nandor)
		(MsgId ECO_081)
		(Text "Symbol sym_4 added to cell")
		(Param1 sym_4)
	)
	(Comment
		(Time 10/09/12,14:02:44)
		(User nandor)
		(MsgId ECO_081)
		(Text "Symbol sym_5 added to cell")
		(Param1 sym_5)
	)
	(Comment
		(Time 10/09/12,14:03:17)
		(User nandor)
		(MsgId ECO_082)
		(Text "Symbol sym_1 deleted from cell")
		(Param1 sym_1)
	)
	(Comment
		(Time 10/09/12,14:03:21)
		(User nandor)
		(MsgId ECO_082)
		(Text "Symbol sym_2 deleted from cell")
		(Param1 sym_2)
	)
	(Comment
		(Time 10/09/12,14:03:25)
		(User nandor)
		(MsgId ECO_082)
		(Text "Symbol sym_3 deleted from cell")
		(Param1 sym_3)
	)
	(Comment
		(Time 10/09/12,14:03:28)
		(User nandor)
		(MsgId ECO_082)
		(Text "Symbol sym_4 deleted from cell")
		(Param1 sym_4)
	)
	(Comment
		(Time 10/09/12,14:03:32)
		(User nandor)
		(MsgId ECO_082)
		(Text "Symbol sym_5 deleted from cell")
		(Param1 sym_5)
	)
	(Comment
		(Time 10/09/12,14:03:48)
		(User nandor)
		(MsgId ECO_081)
		(Text "Symbol sym_1 added to cell")
		(Param1 sym_1)
	)
	(Comment
		(Time 10/09/12,14:03:48)
		(User nandor)
		(MsgId ECO_081)
		(Text "Symbol sym_2 added to cell")
		(Param1 sym_2)
	)
	(Comment
		(Time 10/09/12,14:03:48)
		(User nandor)
		(MsgId ECO_081)
		(Text "Symbol sym_3 added to cell")
		(Param1 sym_3)
	)
	(Comment
		(Time 10/09/12,14:03:48)
		(User nandor)
		(MsgId ECO_081)
		(Text "Symbol sym_4 added to cell")
		(Param1 sym_4)
	)
	(Comment
		(Time 10/09/12,14:03:48)
		(User nandor)
		(MsgId ECO_081)
		(Text "Symbol sym_5 added to cell")
		(Param1 sym_5)
	)
