FILE_TYPE=LIBRARY_PARTS;
primitive 'D_74HCT244';
  pin
    '1':
      PIN_NUMBER='(1)';
      OUTPUT_TYPE='(OE,OR)';
      OUTPUT_LOAD='(1.0,*)';
    '2':
      PIN_NUMBER='(2)';
      INPUT_LOAD='(-0.010000,0.010000)';
    '3':
      PIN_NUMBER='(3)';
      OUTPUT_LOAD='(1.0,-1.0)';
    '4':
      PIN_NUMBER='(4)';
      INPUT_LOAD='(-0.010000,0.010000)';
    '5':
      PIN_NUMBER='(5)';
      OUTPUT_LOAD='(1.0,-1.0)';
    '6':
      PIN_NUMBER='(6)';
      INPUT_LOAD='(-0.010000,0.010000)';
    '7':
      PIN_NUMBER='(7)';
      OUTPUT_LOAD='(1.0,-1.0)';
    '8':
      PIN_NUMBER='(8)';
      INPUT_LOAD='(-0.010000,0.010000)';
    '9':
      PIN_NUMBER='(9)';
      OUTPUT_LOAD='(1.0,-1.0)';
    '10':
      PIN_NUMBER='(10)';
      PINUSE='GROUND';
      NO_LOAD_CHECK='Both';
      NO_IO_CHECK='Both';
      NO_ASSERT_CHECK='TRUE';
      NO_DIR_CHECK='TRUE';
      ALLOW_CONNECT='TRUE';
    '11':
      PIN_NUMBER='(11)';
      INPUT_LOAD='(-0.010000,0.010000)';
    '12':
      PIN_NUMBER='(12)';
      OUTPUT_LOAD='(1.0,-1.0)';
    '13':
      PIN_NUMBER='(13)';
      INPUT_LOAD='(-0.010000,0.010000)';
    '14':
      PIN_NUMBER='(14)';
      OUTPUT_LOAD='(1.0,-1.0)';
    '15':
      PIN_NUMBER='(15)';
      INPUT_LOAD='(-0.010000,0.010000)';
    '16':
      PIN_NUMBER='(16)';
      OUTPUT_LOAD='(1.0,-1.0)';
    '17':
      PIN_NUMBER='(17)';
      INPUT_LOAD='(-0.010000,0.010000)';
    '18':
      PIN_NUMBER='(18)';
      OUTPUT_LOAD='(1.0,-1.0)';
    '19':
      PIN_NUMBER='(19)';
      OUTPUT_TYPE='(OE,OR)';
      OUTPUT_LOAD='(1.0,*)';
    '20':
      PIN_NUMBER='(20)';
      PINUSE='POWER';
      NO_LOAD_CHECK='Both';
      NO_IO_CHECK='Both';
      NO_ASSERT_CHECK='TRUE';
      NO_DIR_CHECK='TRUE';
      ALLOW_CONNECT='TRUE';
  end_pin;
  body
    PART_NAME='D_74HCT244';
    BODY_NAME='D_74HCT244';
    JEDEC_TYPE='soic20w';
    PHYS_DES_PREFIX='U';
    CLASS='IC';
  end_body;
end_primitive;

END.
