	(Comment
		(Time 01/10/17,13:30:09)
		(User HEP)
		(MsgId ECO_021)
		(Text "Package BAV99T added to cell")
		(Param1 "BAV99T")
	)
	(Comment
		(Time 01/10/17,13:58:51)
		(User HEP)
		(MsgId ECO_022)
		(Text "Package BAV99T deleted from cell")
		(Param1 "BAV99T")
	)
	(Comment
		(Time 01/10/17,13:58:53)
		(User HEP)
		(MsgId ECO_021)
		(Text "Package BAV99T added to cell")
		(Param1 "BAV99T")
	)
	(Comment
		(Time 01/10/17,14:00:24)
		(User HEP)
		(MsgId ECO_081)
		(Text "Symbol sym_1 added to cell")
		(Param1 "sym_1")
	)
	(Comment
		(Time 01/10/17,14:00:38)
		(User HEP)
		(MsgId ECO_082)
		(Text "Symbol sym_1 deleted from cell")
		(Param1 "sym_1")
	)
	(Comment
		(Time 01/10/17,14:00:55)
		(User HEP)
		(MsgId ECO_081)
		(Text "Symbol sym_1 added to cell")
		(Param1 "sym_1")
	)
	(Comment
		(Time 01/10/17,14:01:00)
		(User HEP)
		(MsgId ECO_082)
		(Text "Symbol sym_1 deleted from cell")
		(Param1 "sym_1")
	)
	(Comment
		(Time 01/10/17,14:01:01)
		(User HEP)
		(MsgId ECO_081)
		(Text "Symbol sym_1 added to cell")
		(Param1 "sym_1")
	)
