	(Comment
		(Time 12/22/16,13:05:20)
		(User weiwei)
		(MsgId ECO_021)
		(Text "Package LMC555 added to cell")
		(Param1 "LMC555")
	)
	(Comment
		(Time 12/22/16,13:05:48)
		(User weiwei)
		(MsgId ECO_021)
		(Text "Package LMC555_1 added to cell")
		(Param1 "LMC555_1")
	)
	(Comment
		(Time 12/22/16,13:06:05)
		(User weiwei)
		(MsgId ECO_022)
		(Text "Package LMC555_1 deleted from cell")
		(Param1 "LMC555_1")
	)
	(Comment
		(Time 12/22/16,13:06:39)
		(User weiwei)
		(MsgId ECO_021)
		(Text "Package LMC555_1 added to cell")
		(Param1 "LMC555_1")
	)
	(Comment
		(Time 12/22/16,13:06:49)
		(User weiwei)
		(MsgId ECO_081)
		(Text "Symbol sym_1 added to cell")
		(Param1 "sym_1")
	)
	(Comment
		(Time 12/22/16,13:07:10)
		(User weiwei)
		(MsgId ECO_022)
		(Text "Package LMC555_1 deleted from cell")
		(Param1 "LMC555_1")
	)
	(Comment
		(Time 12/22/16,13:16:41)
		(User weiwei)
		(MsgId ECO_081)
		(Text "Symbol sym_2 added to cell")
		(Param1 "sym_2")
	)
	(Comment
		(Time 12/22/16,13:16:50)
		(User weiwei)
		(MsgId ECO_082)
		(Text "Symbol sym_2 deleted from cell")
		(Param1 "sym_2")
	)
	(Comment
		(Time 12/22/16,13:19:12)
		(User weiwei)
		(MsgId ECO_022)
		(Text "Package LMC555 deleted from cell")
		(Param1 "LMC555")
	)
	(Comment
		(Time 12/22/16,13:19:19)
		(User weiwei)
		(MsgId ECO_082)
		(Text "Symbol sym_1 deleted from cell")
		(Param1 "sym_1")
	)
	(Comment
		(Time 12/22/16,13:19:21)
		(User weiwei)
		(MsgId ECO_021)
		(Text "Package LMC555 added to cell")
		(Param1 "LMC555")
	)
	(Comment
		(Time 12/22/16,13:23:13)
		(User weiwei)
		(MsgId ECO_081)
		(Text "Symbol sym_1 added to cell")
		(Param1 "sym_1")
	)
	(Comment
		(Time 12/22/16,13:33:59)
		(User weiwei)
		(MsgId ECO_081)
		(Text "Symbol sym_2 added to cell")
		(Param1 "sym_2")
	)
	(Comment
		(Time 12/22/16,13:34:04)
		(User weiwei)
		(MsgId ECO_082)
		(Text "Symbol sym_1 deleted from cell")
		(Param1 "sym_1")
	)
	(Comment
		(Time 12/22/16,13:34:57)
		(User weiwei)
		(MsgId ECO_022)
		(Text "Package LMC555 deleted from cell")
		(Param1 "LMC555")
	)
	(Comment
		(Time 12/22/16,13:35:03)
		(User weiwei)
		(MsgId ECO_082)
		(Text "Symbol sym_2 deleted from cell")
		(Param1 "sym_2")
	)
	(Comment
		(Time 12/22/16,13:35:05)
		(User weiwei)
		(MsgId ECO_021)
		(Text "Package LMC555 added to cell")
		(Param1 "LMC555")
	)
	(Comment
		(Time 12/22/16,13:36:41)
		(User weiwei)
		(MsgId ECO_081)
		(Text "Symbol sym_1 added to cell")
		(Param1 "sym_1")
	)
	(Comment
		(Time 12/22/16,13:40:47)
		(User weiwei)
		(MsgId ECO_082)
		(Text "Symbol sym_1 deleted from cell")
		(Param1 "sym_1")
	)
	(Comment
		(Time 12/22/16,13:40:58)
		(User weiwei)
		(MsgId ECO_081)
		(Text "Symbol sym_1 added to cell")
		(Param1 "sym_1")
	)
	(Comment
		(Time 12/22/16,13:44:38)
		(User weiwei)
		(MsgId ECO_082)
		(Text "Symbol sym_1 deleted from cell")
		(Param1 "sym_1")
	)
	(Comment
		(Time 12/22/16,13:44:48)
		(User weiwei)
		(MsgId ECO_081)
		(Text "Symbol sym_1 added to cell")
		(Param1 "sym_1")
	)
