	(Comment
		(Time 07/11/12,18:12:28)
		(User nandor)
		(MsgId ECO_021)
		(Text "Package ADA4940 added to cell")
		(Param1 ADA4940)
	)
	(Comment
		(Time 07/11/12,18:14:10)
		(User nandor)
		(MsgId ECO_081)
		(Text "Symbol sym_1 added to cell")
		(Param1 sym_1)
	)
	(Comment
		(Time 07/11/12,18:40:37)
		(User nandor)
		(MsgId ECO_081)
		(Text "Symbol sym_2 added to cell")
		(Param1 sym_2)
	)
	(Comment
		(Time 07/11/12,18:51:08)
		(User nandor)
		(MsgId ECO_082)
		(Text "Symbol sym_2 deleted from cell")
		(Param1 sym_2)
	)
	(Comment
		(Time 07/12/12,12:01:28)
		(User nandor)
		(MsgId ECO_081)
		(Text "Symbol sym_2 added to cell")
		(Param1 sym_2)
	)
	(Comment
		(Time 07/12/12,12:02:09)
		(User nandor)
		(MsgId ECO_082)
		(Text "Symbol sym_1 deleted from cell")
		(Param1 sym_1)
	)
	(Comment
		(Time 07/12/12,12:02:13)
		(User nandor)
		(MsgId ECO_082)
		(Text "Symbol sym_2 deleted from cell")
		(Param1 sym_2)
	)
	(Comment
		(Time 07/12/12,12:02:18)
		(User nandor)
		(MsgId ECO_081)
		(Text "Symbol sym_1 added to cell")
		(Param1 sym_1)
	)
