	(Comment
		(Time 06/13/2014,09:49:20 AM)
		(User ashmansk)
		(MsgId ECO_021)
		(Text "Package SY89828 added to cell")
		(Param1 SY89828)
	)
	(Comment
		(Time 06/13/2014,10:20:37 AM)
		(User ashmansk)
		(MsgId ECO_081)
		(Text "Symbol sym_1 added to cell")
		(Param1 sym_1)
	)
	(Comment
		(Time 06/13/2014,10:28:27 AM)
		(User ashmansk)
		(MsgId ECO_081)
		(Text "Symbol sym_2 added to cell")
		(Param1 sym_2)
	)
	(Comment
		(Time 06/13/2014,10:28:44 AM)
		(User ashmansk)
		(MsgId ECO_082)
		(Text "Symbol sym_1 deleted from cell")
		(Param1 sym_1)
	)
	(Comment
		(Time 06/13/2014,10:28:51 AM)
		(User ashmansk)
		(MsgId ECO_082)
		(Text "Symbol sym_2 deleted from cell")
		(Param1 sym_2)
	)
	(Comment
		(Time 06/13/2014,10:28:57 AM)
		(User ashmansk)
		(MsgId ECO_081)
		(Text "Symbol sym_1 added to cell")
		(Param1 sym_1)
	)
