	(Comment
		(Time 08/17/09,19:15:43)
		(User nandor)
		(MsgId ECO_021)
		(Text "Package FSI_10MM added to cell")
		(Param1 FSI_10MM)
	)
	(Comment
		(Time 08/17/09,19:16:31)
		(User nandor)
		(MsgId ECO_081)
		(Text "Symbol sym_1 added to cell")
		(Param1 sym_1)
	)
	(Comment
		(Time 08/17/09,19:25:13)
		(User nandor)
		(MsgId ECO_081)
		(Text "Symbol sym_2 added to cell")
		(Param1 sym_2)
	)
	(Comment
		(Time 08/17/09,19:25:45)
		(User nandor)
		(MsgId ECO_082)
		(Text "Symbol sym_1 deleted from cell")
		(Param1 sym_1)
	)
	(Comment
		(Time 08/17/09,19:25:48)
		(User nandor)
		(MsgId ECO_082)
		(Text "Symbol sym_2 deleted from cell")
		(Param1 sym_2)
	)
	(Comment
		(Time 08/17/09,19:26:35)
		(User nandor)
		(MsgId ECO_081)
		(Text "Symbol sym_1 added to cell")
		(Param1 sym_1)
	)
