	(Comment
		(Time 08/03/12,13:07:45)
		(User Godwin)
		(MsgId ECO_021)
		(Text "Package CONN40_100X50_RA added to cell")
		(Param1 CONN40_100X50_RA)
	)
	(Comment
		(Time 08/03/12,13:08:52)
		(User Godwin)
		(MsgId ECO_081)
		(Text "Symbol sym_1 added to cell")
		(Param1 sym_1)
	)
	(Comment
		(Time 08/03/12,13:11:03)
		(User Godwin)
		(MsgId ECO_082)
		(Text "Symbol sym_1 deleted from cell")
		(Param1 sym_1)
	)
	(Comment
		(Time 08/03/12,13:11:58)
		(User Godwin)
		(MsgId ECO_081)
		(Text "Symbol sym_1 added to cell")
		(Param1 sym_1)
	)
