temp/xxnedtmp9/event.log NEWFILE1
temp/xxnedtmp9/text.log NEWFILE2
temp/xxnedtmp9/environ.log NEWFILE3
C:\Cadence\SPB_16.6\share\cdssetup/concept/concepthdl.scr FILE4
C:\Users\HEP\Documents\GitHub\PMTPulser\cds.lib FILE5
C:\Users\HEP\Documents\GitHub\PMTPulser\worklib\simplepulser\sch_1\page1.csb FILE6
C:\Users\HEP\Documents\GitHub\PMTPulser\worklib\simplepulser\sch_1\page1_csb.lck NEWFILE7
temp/xxnedtmp9/undo1.log NEWFILE8
C:\Users\HEP\Documents\GitHub\PMTPulser\libraries\parts_lib\penn#20b#20size#20page\sym_1\symbol.css FILE9
C:\Users\HEP\Documents\GitHub\PMTPulser\libraries\parts_lib\csmd0402\sym_1\symbol.css FILE10
C:\Users\HEP\Documents\GitHub\PMTPulser\libraries\parts_lib\rsmd0402\sym_1\symbol.css FILE11
C:\Users\HEP\Documents\GitHub\PMTPulser\libraries\parts_lib\conn2\sym_1\symbol.css FILE12
C:\Users\HEP\Documents\GitHub\PMTPulser\libraries\parts_lib\bfu730f\sym_1\symbol.css FILE13
C:\Users\HEP\Documents\GitHub\PMTPulser\libraries\parts_lib\adn4661\sym_1\symbol.css FILE14
C:\Users\HEP\Documents\GitHub\PMTPulser\libraries\parts_lib\7806_l\sym_1\symbol.css FILE15
C:\Users\HEP\Documents\GitHub\PMTPulser\libraries\parts_lib\bav99t\sym_1\symbol.css FILE16
C:\Users\HEP\Documents\GitHub\PMTPulser\libraries\parts_lib\conn3\sym_1\symbol.css FILE17
C:\Users\HEP\Documents\GitHub\PMTPulser\libraries\parts_lib\lsmd1206\sym_1\symbol.css FILE18
C:\Users\HEP\Documents\GitHub\PMTPulser\libraries\parts_lib\lmc555\sym_1\symbol.css FILE19
C:\Users\HEP\Documents\GitHub\PMTPulser\worklib\simplepulser\sch_1\page1_csa.lck NEWFILE20
C:/Users/HEP/Documents/GitHub/PMTPulser/worklib/simplepulser/sch_1/simplepulser.xcon FILE21
C:/Users/HEP/Documents/GitHub/PMTPulser/worklib/simplepulser/sch_1/simplepulser.dcf FILE22
C:\Users\HEP\Documents\GitHub\PMTPulser\libraries\parts_lib\mounthole_2mm\sym_1\symbol.css FILE23
C:\Users\HEP\Documents\GitHub\PMTPulser\libraries\parts_lib\mounthole_4p5mm\sym_1\symbol.css FILE24
C:/Users/HEP/AppData/Local/Temp/con7C72.tmp FILE25
C:/Cadence/SPB_16.6/tools/language/config.dat FILE26
temp/xxnedtmp9/concept.mkr NEWFILE27
C:/Cadence/SPB_16.6/tools/language/pack_type_rename.dat NEWFILE28
temp/xxnedtmp9/../penn#20b#20size#20page.mkr NEWFILE29
temp/xxnedtmp9/../bav99t.mkr NEWFILE30
temp/xxnedtmp9/../conn2.mkr NEWFILE31
temp/xxnedtmp9/../mounthole_4p5mm.mkr NEWFILE32
temp/xxnedtmp9/../rsmd0402.mkr NEWFILE33
temp/xxnedtmp9/../csmd0402.mkr NEWFILE34
temp/xxnedtmp9/../bfu730f.mkr NEWFILE35
temp/xxnedtmp9/../adn4661.mkr NEWFILE36
temp/xxnedtmp9/../7806_l.mkr NEWFILE37
temp/xxnedtmp9/../conn3.mkr NEWFILE38
temp/xxnedtmp9/../lsmd1206.mkr NEWFILE39
temp/xxnedtmp9/../lmc555.mkr NEWFILE40
C:\Users\HEP\Documents\GitHub\PMTPulser\worklib\simplepulser\sch_1\page1.csa FILE41
C:\Users\HEP\Documents\GitHub\PMTPulser\worklib\simplepulser\sch_1\page1.csv FILE42
C:\Users\HEP\Documents\GitHub\PMTPulser\worklib\simplepulser\sch_1\pc.db FILE43
C:/Users/HEP/Documents/GitHub/PMTPulser/worklib/simplepulser/sch_1/simplepulser_xcon.lck NEWFILE44
C:/Users/HEP/Documents/GitHub/PMTPulser/worklib/simplepulser/sch_1/simplepulser_dcf.lck NEWFILE45
temp/xxnedtmp9/csnetlister.mkr NEWFILE46
