Allegro Design Entry HDL 16.6-p007 (v16-6-112F) 10/10/2012
Copyright 2011 Cadence Design Systems, Inc

WARNING(SPCOCN-1474): You must specify a window that contains a drawing.
WARNING(SPCOCN-1474): You must specify a window that contains a drawing.
WARNING(SPCOCN-1474): You must specify a window that contains a drawing.
WARNING(SPCOCN-1474): You must specify a window that contains a drawing.
WARNING(SPCOCN-1474): You must specify a window that contains a drawing.
WARNING(SPCOCN-1474): You must specify a window that contains a drawing.
WARNING(SPCOCN-1474): You must specify a window that contains a drawing.
WARNING(SPCOCN-2040): Specify the command "page forcereset all" to reset logical page numbers of all pages of this block.
WARNING(SPCOCN-1523): Invalid set option: <search_history_count>
INFO(SPCOCN-1177): Unexpected text: <5>
WARNING(SPCOCN-1523): Invalid set option: <search_history>
WARNING(SPCOCN-1523): Invalid set option: <search_toolbar_lookin>
INFO(SPCOCN-1177): Unexpected text: <PAGE>
WARNING(SPCOCN-1523): Invalid set option: <modify_quick_reset_filters>
INFO(SPCOCN-1177): Unexpected text: <OFF>
WARNING(SPCOCN-1523): Invalid set option: <hss_distribute_ports_count>
INFO(SPCOCN-1177): Unexpected text: <25>
WARNING(SPCOCN-1523): Invalid set option: <hss_distribute_port_pattern>
WARNING(SPCOCN-1523): Invalid set option: <hss_distribute_property_name>
WARNING(SPCOCN-1474): You must specify a window that contains a drawing.
WARNING(SPCOCN-1474): You must specify a window that contains a drawing.
WARNING(SPCOCN-1474): You must specify a window that contains a drawing.
WARNING(SPCOCN-1474): You must specify a window that contains a drawing.
WARNING(SPCOCN-1474): You must specify a window that contains a drawing.
WARNING(SPCOCN-1474): You must specify a window that contains a drawing.
INFO(SPCOCN-1737): Reading C:\Users\HEP\Documents\GitHub\PMTPulser\cds.lib file.
ERROR(SPCOCN-1334): Library mayers_lib not found in cds.lib list.
WARNING(SPCOCN-1474): You must specify a window that contains a drawing.
INFO(SPCOCN-1445): Reading SIMPLEPULSER.SCH.1.1 into drawing #1.
INFO(SPCOCN-195): The following file will be used to identify the list of modules to be excluded: 'C:\Cadence\SPB_16.6\share\cdssetup\xmodules.dat'.
INFO(SPCOCN-1445): Reading SIMPLEPULSER.SCH.1.1 into drawing #1.
INFO(SPCOCN-1507): Adding version 1 of part MOUNTHOLE_2MM from library parts_lib
INFO(SPCOCN-1507): Adding version 1 of part MOUNTHOLE_4P5MM from library parts_lib
INFO(SPCOCN-1507): Adding version 1 of part MOUNTHOLE_4P5MM from library parts_lib
INFO(SPCOCN-1507): Adding version 1 of part MOUNTHOLE_4P5MM from library parts_lib
INFO(SPCOCN-1507): Adding version 1 of part MOUNTHOLE_4P5MM from library parts_lib
INFO(SPCOCN-1001): Component: I123 selected.
WARNING(SPCOCN-1200): Using group A
INFO(SPCOCN-1001): Component: I123 selected.
WARNING(SPCOCN-1200): Using group A
INFO(SPCOCN-1195): Group "A" contains:   1 bodies   7 properties   0 notes   2 wires   0 dots   0 images
INFO(SPCOCN-1001): Component: I120 selected.
INFO(SPCOCN-1001): Component: ??? selected.
INFO(SPCOCN-1001): Component: I127 selected.
INFO(SPCOCN-1001): Component: I121 selected.
INFO(SPCOCN-1001): Component: I122 selected.
INFO(SPCOCN-1001): Component: I122 selected.
ERROR(SPCOCN-1521): Specify a signal name before selecting point.
INFO(SPCOCN-1070): Checking drawing...
INFO(SPCOCN-1028): writing <pmtpulser_lib>SIMPLEPULSER.SCH.1.1:
INFO(SPCOCN-1044): writing binary file...
INFO(SPCOCN-1049): writing ASCII file...
INFO(SPCOCN-1053): writing connectivity file...
INFO(SPCOCN-1054): ...written

CSDirect 16.6-p007 (v16-6-112F)

Netlisting block simplepulser

Processing page 1

No netlisting errors found. 

INFO(SPCOCN-1640): writing occurrence data...
INFO(SPCOCN-1054): ...written
INFO(SPCOCN-1445): Reading SIMPLEPULSER.SCH.1.1 into drawing #1.
WARNING(SPCOCN-1288): Could not find component with path I122 to highlight.
WARNING(SPCOCN-1288): Could not find component with path I122 to highlight.
INFO(SPCOCN-1445): Reading SIMPLEPULSER.SCH.1.1 into drawing #1.
