FILE_TYPE=LIBRARY_PARTS;
primitive 'KC2520C_CLOCK_DRIVER';
  pin
    '1':
      PIN_NUMBER='(1)';
      PINUSE='GROUND';
      NO_LOAD_CHECK='Both';
      NO_IO_CHECK='Both';
      NO_ASSERT_CHECK='TRUE';
      NO_DIR_CHECK='TRUE';
      ALLOW_CONNECT='TRUE';
    '2':
      PIN_NUMBER='(2)';
      INPUT_LOAD='(-0.01,0.01)';
    '3':
      PIN_NUMBER='(3)';
      PINUSE='POWER';
      NO_LOAD_CHECK='Both';
      NO_IO_CHECK='Both';
      NO_ASSERT_CHECK='TRUE';
      NO_DIR_CHECK='TRUE';
      ALLOW_CONNECT='TRUE';
    '4':
      PIN_NUMBER='(4)';
      OUTPUT_LOAD='(1.0,-1.0)';
  end_pin;
  body
    PART_NAME='KC2520C_CLOCK_DRIVER';
    ALT_SYMBOLS='(kc2520c_clock_driver)';
    BODY_NAME='KC2520C_CLOCK_DRIVER';
    JEDEC_TYPE='kc2520C_Clock_Driver';
    PHYS_DES_PREFIX='U';
    CLASS='IC';
  end_body;
end_primitive;

END.
