	(Comment
		(Time 08/10/12,13:03:24)
		(User HEP)
		(MsgId ECO_021)
		(Text "Package THS4521 added to cell")
		(Param1 THS4521)
	)
	(Comment
		(Time 08/10/12,13:10:00)
		(User HEP)
		(MsgId ECO_081)
		(Text "Symbol sym_1 added to cell")
		(Param1 sym_1)
	)
	(Comment
		(Time 08/10/12,13:11:06)
		(User HEP)
		(MsgId ECO_082)
		(Text "Symbol sym_1 deleted from cell")
		(Param1 sym_1)
	)
	(Comment
		(Time 08/10/12,13:11:10)
		(User HEP)
		(MsgId ECO_081)
		(Text "Symbol sym_1 added to cell")
		(Param1 sym_1)
	)
