	(Comment
		(Time 04/22/2010,04:41:46 PM)
		(User ashmansk)
		(MsgId ECO_021)
		(Text "Package AD9222 added to cell")
		(Param1 AD9222)
	)
	(Comment
		(Time 04/22/2010,04:43:36 PM)
		(User ashmansk)
		(MsgId ECO_021)
		(Text "Package AD9222_1 added to cell")
		(Param1 AD9222_1)
	)
	(Comment
		(Time 04/22/2010,04:43:57 PM)
		(User ashmansk)
		(MsgId ECO_022)
		(Text "Package AD9222_1 deleted from cell")
		(Param1 AD9222_1)
	)
	(Comment
		(Time 04/22/2010,04:44:47 PM)
		(User ashmansk)
		(MsgId ECO_081)
		(Text "Symbol sym_2 added to cell")
		(Param1 sym_2)
	)
	(Comment
		(Time 04/22/2010,04:47:12 PM)
		(User ashmansk)
		(MsgId ECO_022)
		(Text "Package AD9222 deleted from cell")
		(Param1 AD9222)
	)
	(Comment
		(Time 04/22/2010,04:47:54 PM)
		(User ashmansk)
		(MsgId ECO_082)
		(Text "Symbol sym_2 deleted from cell")
		(Param1 sym_2)
	)
