FILE_TYPE=LIBRARY_PARTS;
primitive 'LVDSRCVR_4X';
  pin
    '1':
      PIN_NUMBER='(1)';
      INPUT_LOAD='(-0.01,0.01)';
    '2':
      PIN_NUMBER='(2)';
      INPUT_LOAD='(-0.01,0.01)';
    '3':
      PIN_NUMBER='(3)';
      OUTPUT_LOAD='(1.0,-1.0)';
    '4':
      PIN_NUMBER='(4)';
      OUTPUT_TYPE='(OE,OR)';
      OUTPUT_LOAD='(1.0,*)';
    '5':
      PIN_NUMBER='(5)';
      OUTPUT_LOAD='(1.0,-1.0)';
    '6':
      PIN_NUMBER='(6)';
      INPUT_LOAD='(-0.01,0.01)';
    '7':
      PIN_NUMBER='(7)';
      INPUT_LOAD='(-0.01,0.01)';
    '8':
      PIN_NUMBER='(8)';
      PINUSE='GROUND';
      NO_LOAD_CHECK='Both';
      NO_IO_CHECK='Both';
      NO_ASSERT_CHECK='TRUE';
      NO_DIR_CHECK='TRUE';
      ALLOW_CONNECT='TRUE';
    '9':
      PIN_NUMBER='(9)';
      INPUT_LOAD='(-0.01,0.01)';
    '10':
      PIN_NUMBER='(10)';
      INPUT_LOAD='(-0.01,0.01)';
    '11':
      PIN_NUMBER='(11)';
      OUTPUT_LOAD='(1.0,-1.0)';
    '12':
      PIN_NUMBER='(12)';
      OUTPUT_TYPE='(OE,OR)';
      OUTPUT_LOAD='(1.0,*)';
    '13':
      PIN_NUMBER='(13)';
      OUTPUT_LOAD='(1.0,-1.0)';
    '14':
      PIN_NUMBER='(14)';
      INPUT_LOAD='(-0.01,0.01)';
    '15':
      PIN_NUMBER='(15)';
      INPUT_LOAD='(-0.01,0.01)';
    '16':
      PIN_NUMBER='(16)';
      PINUSE='POWER';
      NO_LOAD_CHECK='Both';
      NO_IO_CHECK='Both';
      NO_ASSERT_CHECK='TRUE';
      NO_DIR_CHECK='TRUE';
      ALLOW_CONNECT='TRUE';
  end_pin;
  body
    PART_NAME='LVDSRCVR_4X';
    BODY_NAME='LVDSRCVR_4X';
    JEDEC_TYPE='soic16';
    PHYS_DES_PREFIX='U';
    CLASS='IC';
  end_body;
end_primitive;

END.
