	(Comment
		(Time 10/15/12,16:46:24)
		(User nandor)
		(MsgId ECO_021)
		(Text "Package LT3029 added to cell")
		(Param1 LT3029)
	)
	(Comment
		(Time 10/15/12,16:53:11)
		(User nandor)
		(MsgId ECO_081)
		(Text "Symbol sym_1 added to cell")
		(Param1 sym_1)
	)
	(Comment
		(Time 10/15/12,16:53:11)
		(User nandor)
		(MsgId ECO_081)
		(Text "Symbol sym_2 added to cell")
		(Param1 sym_2)
	)
	(Comment
		(Time 10/15/12,16:55:09)
		(User nandor)
		(MsgId ECO_082)
		(Text "Symbol sym_1 deleted from cell")
		(Param1 sym_1)
	)
	(Comment
		(Time 10/15/12,16:55:13)
		(User nandor)
		(MsgId ECO_082)
		(Text "Symbol sym_2 deleted from cell")
		(Param1 sym_2)
	)
	(Comment
		(Time 10/15/12,16:56:14)
		(User nandor)
		(MsgId ECO_081)
		(Text "Symbol sym_1 added to cell")
		(Param1 sym_1)
	)
	(Comment
		(Time 10/15/12,16:56:25)
		(User nandor)
		(MsgId ECO_082)
		(Text "Symbol sym_1 deleted from cell")
		(Param1 sym_1)
	)
	(Comment
		(Time 10/15/12,17:04:47)
		(User nandor)
		(MsgId ECO_081)
		(Text "Symbol sym_1 added to cell")
		(Param1 sym_1)
	)
	(Comment
		(Time 10/15/12,17:04:47)
		(User nandor)
		(MsgId ECO_081)
		(Text "Symbol sym_2 added to cell")
		(Param1 sym_2)
	)
