	(Comment
		(Time 12/21/16,12:13:30)
		(User weiwei)
		(MsgId ECO_081)
		(Text "Symbol sym_1 added to cell")
		(Param1 "sym_1")
	)
	(Comment
		(Time 12/21/16,12:15:04)
		(User weiwei)
		(MsgId ECO_021)
		(Text "Package POT_PV37 added to cell")
		(Param1 "POT_PV37")
	)
	(Comment
		(Time 12/21/16,13:11:36)
		(User weiwei)
		(MsgId ECO_081)
		(Text "Symbol sym_2 added to cell")
		(Param1 "sym_2")
	)
	(Comment
		(Time 12/21/16,13:11:44)
		(User weiwei)
		(MsgId ECO_021)
		(Text "Package POT_PV37_1 added to cell")
		(Param1 "POT_PV37_1")
	)
	(Comment
		(Time 12/21/16,13:11:55)
		(User weiwei)
		(MsgId ECO_082)
		(Text "Symbol sym_2 deleted from cell")
		(Param1 "sym_2")
	)
	(Comment
		(Time 01/04/17,16:32:10)
		(User HEP)
		(MsgId ECO_082)
		(Text "Symbol sym_1 deleted from cell")
		(Param1 "sym_1")
	)
