FILE_TYPE=LIBRARY_PARTS;
primitive 'OPA356';
  pin
    'OUT1':
      PIN_NUMBER='(1)';
      OUTPUT_LOAD='(1.0,-1.0)';
    '3+IN':
      PIN_NUMBER='(3)';
      INPUT_LOAD='(-0.01,0.01)';
    '2V-':
      PIN_NUMBER='(2)';
      PINUSE='GROUND';
      NO_LOAD_CHECK='Both';
      NO_IO_CHECK='Both';
      NO_ASSERT_CHECK='TRUE';
      NO_DIR_CHECK='TRUE';
      ALLOW_CONNECT='TRUE';
    'V+5':
      PIN_NUMBER='(5)';
      PINUSE='POWER';
      NO_LOAD_CHECK='Both';
      NO_IO_CHECK='Both';
      NO_ASSERT_CHECK='TRUE';
      NO_DIR_CHECK='TRUE';
      ALLOW_CONNECT='TRUE';
    '4-IN':
      PIN_NUMBER='(4)';
      INPUT_LOAD='(-0.01,0.01)';
  end_pin;
  body
    PART_NAME='OPA356';
    BODY_NAME='OPA356';
    JEDEC_TYPE='so23_5pin';
    PHYS_DES_PREFIX='U';
    CLASS='IC';
  end_body;
end_primitive;

END.
