	(Comment
		(Time 10/17/12,16:41:07)
		(User Godwin)
		(MsgId ECO_021)
		(Text "Package LT3015 added to cell")
		(Param1 LT3015)
	)
	(Comment
		(Time 10/17/12,16:43:15)
		(User Godwin)
		(MsgId ECO_081)
		(Text "Symbol sym_1 added to cell")
		(Param1 sym_1)
	)
	(Comment
		(Time 10/17/12,17:24:21)
		(User Godwin)
		(MsgId ECO_081)
		(Text "Symbol sym_2 added to cell")
		(Param1 sym_2)
	)
	(Comment
		(Time 10/17/12,17:24:37)
		(User Godwin)
		(MsgId ECO_082)
		(Text "Symbol sym_2 deleted from cell")
		(Param1 sym_2)
	)
