	(Comment
		(Time 02/10/16,23:57:14)
		(User HEP)
		(MsgId ECO_021)
		(Text "Package CONN3 added to cell")
		(Param1 "CONN3")
	)
	(Comment
		(Time 02/10/16,23:58:41)
		(User HEP)
		(MsgId ECO_081)
		(Text "Symbol sym_1 added to cell")
		(Param1 "sym_1")
	)
	(Comment
		(Time 02/10/16,23:58:54)
		(User HEP)
		(MsgId ECO_082)
		(Text "Symbol sym_1 deleted from cell")
		(Param1 "sym_1")
	)
	(Comment
		(Time 02/10/16,23:59:14)
		(User HEP)
		(MsgId ECO_081)
		(Text "Symbol sym_1 added to cell")
		(Param1 "sym_1")
	)
