	(Comment
		(Time 07/27/12,13:48:54)
		(User HEP)
		(MsgId ECO_021)
		(Text "Package CONN37_SCREWHOLES added to cell")
		(Param1 CONN37_SCREWHOLES)
	)
	(Comment
		(Time 07/27/12,13:51:37)
		(User HEP)
		(MsgId ECO_081)
		(Text "Symbol sym_1 added to cell")
		(Param1 sym_1)
	)
	(Comment
		(Time 07/27/12,13:54:08)
		(User HEP)
		(MsgId ECO_081)
		(Text "Symbol sym_2 added to cell")
		(Param1 sym_2)
	)
	(Comment
		(Time 07/27/12,13:54:15)
		(User HEP)
		(MsgId ECO_082)
		(Text "Symbol sym_1 deleted from cell")
		(Param1 sym_1)
	)
	(Comment
		(Time 07/27/12,14:02:25)
		(User HEP)
		(MsgId ECO_082)
		(Text "Symbol sym_2 deleted from cell")
		(Param1 sym_2)
	)
	(Comment
		(Time 07/27/12,14:02:54)
		(User HEP)
		(MsgId ECO_081)
		(Text "Symbol sym_1 added to cell")
		(Param1 sym_1)
	)
