FILE_TYPE=LIBRARY_PARTS;
primitive 'KC2520C';
  pin
    '1':
      PIN_NUMBER='(1)';
      INPUT_LOAD='(-0.01,0.01)';
    '2':
      PIN_NUMBER='(2)';
      PINUSE='GROUND';
      NO_LOAD_CHECK='Both';
      NO_IO_CHECK='Both';
      NO_ASSERT_CHECK='TRUE';
      NO_DIR_CHECK='TRUE';
      ALLOW_CONNECT='TRUE';
    '3':
      PIN_NUMBER='(3)';
      OUTPUT_LOAD='(1.0,-1.0)';
    '4':
      PIN_NUMBER='(4)';
      PINUSE='POWER';
      NO_LOAD_CHECK='Both';
      NO_IO_CHECK='Both';
      NO_ASSERT_CHECK='TRUE';
      NO_DIR_CHECK='TRUE';
      ALLOW_CONNECT='TRUE';
  end_pin;
  body
    PART_NAME='KC2520C';
    BODY_NAME='KC2520C';
    JEDEC_TYPE='kc2520c';
    PHYS_DES_PREFIX='U';
    CLASS='IC';
  end_body;
end_primitive;

END.
