	(Comment
		(Time 01/26/16,22:55:10)
		(User HEP)
		(MsgId ECO_021)
		(Text "Package SSOP8 added to cell")
		(Param1 "SSOP8")
	)
	(Comment
		(Time 01/26/16,22:55:58)
		(User HEP)
		(MsgId ECO_081)
		(Text "Symbol sym_1 added to cell")
		(Param1 "sym_1")
	)
	(Comment
		(Time 01/26/16,22:56:27)
		(User HEP)
		(MsgId ECO_022)
		(Text "Package SSOP8 deleted from cell")
		(Param1 "SSOP8")
	)
	(Comment
		(Time 01/26/16,22:56:39)
		(User HEP)
		(MsgId ECO_082)
		(Text "Symbol sym_1 deleted from cell")
		(Param1 "sym_1")
	)
	(Comment
		(Time 01/26/16,22:56:44)
		(User HEP)
		(MsgId ECO_021)
		(Text "Package SSOP8 added to cell")
		(Param1 "SSOP8")
	)
	(Comment
		(Time 01/26/16,22:57:09)
		(User HEP)
		(MsgId ECO_081)
		(Text "Symbol sym_1 added to cell")
		(Param1 "sym_1")
	)
