
	(Comment
		(Time 04/16/07,13:30:27)
		(User Godwin)
		(MsgId ECO_021)
		(Text "Package RSMD0402 added to cell")
		(Param1 RSMD0402)
	)
	(Comment
		(Time 04/16/07,13:32:52)
		(User Godwin)
		(MsgId ECO_081)
		(Text "Symbol sym_1 added to cell")
		(Param1 sym_1)
	)





	(Comment
		(Time 04/16/07,16:59:55)
		(User Godwin)
		(MsgId ECO_021)
		(Text "Package RSMD0402_1 added to cell")
		(Param1 RSMD0402_1)
	)
	(Comment
		(Time 04/16/07,17:01:25)
		(User Godwin)
		(MsgId ECO_022)
		(Text "Package RSMD0402_1 deleted from cell")
		(Param1 RSMD0402_1)
	)
