	(Comment
		(Time 01/08/2010,05:08:34 PM)
		(User ashmansk)
		(MsgId ECO_021)
		(Text "Package RES_L_1 added to cell")
		(Param1 RES_L_1)
	)
	(Comment
		(Time 01/08/2010,05:11:00 PM)
		(User ashmansk)
		(MsgId ECO_022)
		(Text "Package RES_L deleted from cell")
		(Param1 RES_L)
	)
	(Comment
		(Time 01/08/2010,05:11:26 PM)
		(User ashmansk)
		(MsgId ECO_022)
		(Text "Package RES_L_1 deleted from cell")
		(Param1 RES_L_1)
	)
	(Comment
		(Time 01/08/2010,05:11:30 PM)
		(User ashmansk)
		(MsgId ECO_021)
		(Text "Package RES_L added to cell")
		(Param1 RES_L)
	)
	(Comment
		(Time 01/08/2010,05:13:19 PM)
		(User ashmansk)
		(MsgId ECO_021)
		(Text "Package RES_L_1 added to cell")
		(Param1 RES_L_1)
	)
