FILE_TYPE=LIBRARY_PARTS;
primitive 'LT1012S8/LT';
  pin
    '1':
      PIN_NUMBER='(1)';
      INPUT_LOAD='(-0.010000,0.010000)';
    '2':
      PIN_NUMBER='(2)';
      INPUT_LOAD='(-0.010000,0.010000)';
    '3':
      PIN_NUMBER='(3)';
      INPUT_LOAD='(-0.010000,0.010000)';
    '4':
      PIN_NUMBER='(4)';
      PINUSE='POWER';
      NO_LOAD_CHECK='Both';
      NO_IO_CHECK='Both';
      NO_ASSERT_CHECK='TRUE';
      NO_DIR_CHECK='TRUE';
      ALLOW_CONNECT='TRUE';
    '5':
      PIN_NUMBER='(5)';
      INPUT_LOAD='(-0.010000,0.010000)';
    '6':
      PIN_NUMBER='(6)';
      OUTPUT_LOAD='(-1.000000,1.000000)';
    '7':
      PIN_NUMBER='(7)';
      PINUSE='POWER';
      NO_LOAD_CHECK='Both';
      NO_IO_CHECK='Both';
      NO_ASSERT_CHECK='TRUE';
      NO_DIR_CHECK='TRUE';
      ALLOW_CONNECT='TRUE';
    '8':
      PIN_NUMBER='(8)';
      INPUT_LOAD='(-0.010000,0.010000)';
  end_pin;
  body
    PART_NAME='lt1012s8/lt';
    BODY_NAME='LT1012S8/LT';
    JEDEC_TYPE='so8';
    PHYS_DES_PREFIX='U';
    CLASS='IC';
  end_body;
end_primitive;

END.
