	(Comment
		(Time 03/25/09,18:06:15)
		(User Godwin)
		(MsgId ECO_332)
		(Text "Revision for symbol sym_1 has been updated to 1.0.0")
		(Param1 sym_1)
		(Param2 1.0.0)
	)
	(Comment
		(Time 03/25/09,18:06:15)
		(User Godwin)
		(MsgId ECO_333)
		(Text "Revision for package BTE-040 has been updated to 1.0.0")
		(Param1 BTE-040)
		(Param2 1.0.0)
	)
	(Comment
		(Time 03/25/09,18:06:15)
		(User Godwin)
		(MsgId ECO_331)
		(Text "Revision for cell bte-040 has been updated to 1.0.0")
		(Param1 bte-040)
		(Param2 1.0.0)
	)
