
	(Comment
		(Time 05/24/07,14:58:27)
		(User Godwin)
		(MsgId ECO_021)
		(Text "Package 68PIN_50MIL CONN added to cell")
		(Param1 68PIN_50MIL CONN)
	)
	(Comment
		(Time 05/24/07,15:00:38)
		(User Godwin)
		(MsgId ECO_081)
		(Text "Symbol sym_1 added to cell")
		(Param1 sym_1)
	)


	(Comment
		(Time 02/10/09,12:22:31)
		(User Godwin)
		(MsgId ECO_081)
		(Text "Symbol sym_2 added to cell")
		(Param1 sym_2)
	)
	(Comment
		(Time 02/10/09,12:22:50)
		(User Godwin)
		(MsgId ECO_082)
		(Text "Symbol sym_2 deleted from cell")
		(Param1 sym_2)
	)
	(Comment
		(Time 02/10/09,12:23:04)
		(User Godwin)
		(MsgId ECO_081)
		(Text "Symbol sym_2 added to cell")
		(Param1 sym_2)
	)
	(Comment
		(Time 02/10/09,12:23:45)
		(User Godwin)
		(MsgId ECO_082)
		(Text "Symbol sym_2 deleted from cell")
		(Param1 sym_2)
	)
	(Comment
		(Time 02/10/09,12:23:57)
		(User Godwin)
		(MsgId ECO_021)
		(Text "Package 68PIN_50MIL CONN_1 added to cell")
		(Param1 68PIN_50MIL CONN_1)
	)
	(Comment
		(Time 02/10/09,12:24:32)
		(User Godwin)
		(MsgId ECO_022)
		(Text "Package 68PIN_50MIL CONN_1 deleted from cell")
		(Param1 68PIN_50MIL CONN_1)
	)
	(Comment
		(Time 02/10/09,12:25:11)
		(User Godwin)
		(MsgId ECO_021)
		(Text "Package 68PIN_50MIL CONN_1 added to cell")
		(Param1 68PIN_50MIL CONN_1)
	)
	(Comment
		(Time 02/10/09,12:25:26)
		(User Godwin)
		(MsgId ECO_022)
		(Text "Package 68PIN_50MIL CONN_1 deleted from cell")
		(Param1 68PIN_50MIL CONN_1)
	)
	(Comment
		(Time 02/10/09,12:25:37)
		(User Godwin)
		(MsgId ECO_081)
		(Text "Symbol sym_2 added to cell")
		(Param1 sym_2)
	)
	(Comment
		(Time 02/10/09,12:25:55)
		(User Godwin)
		(MsgId ECO_082)
		(Text "Symbol sym_2 deleted from cell")
		(Param1 sym_2)
	)
