(---------------------------------------------------------------------)
(                                                                     )
(    Dangling Line, Via and Antenna Report                            )
(                                                                     )
(    Drawing          : pmtpulser.brd                                 )
(    Software Version : 16.6P004                                      )
(    Date/Time        : Fri Feb 10 17:36:37 2017                      )
(                                                                     )
(---------------------------------------------------------------------)


Report methodology:
  - Dangling lines have at least one end not connected.
  - Dangling vias have one or no connection
      - Plus are not a test, thieving or netshort property via.
  - Antenna vias do not have connections on their start and end layers.
      - Plus they are not a thieving vias.
      - Optionally, VOLTAGE nets, testvias and through vias can be suppressed with
        the environment variable report_antennavia.
      - Section may be suppressed by variable report_noantennavia.
  - Not part of the current partition.
  - To suppress items in dangle report add the OK_DANGLE property to the via
    or connect line.



<< Dangling Vias >>
  Net                  Padstack               Location            Layers
  ---------------------------------------------------------------------------
  TSTPLS               VIA-1                (13685.00 10150.00) TOP/BOTTOM 
  TSTPLS               VIA-1                (14167.00 10215.00) TOP/BOTTOM 
  TSTPLS               VIA-1                (14631.00 10212.00) TOP/BOTTOM 


<< Antenna Vias >>
  Net                  Padstack               Location            Layers
  ---------------------------------------------------------------------------
  VCC                  VIA                  (13652.00 10244.00) TOP/BOTTOM 
  VCC                  VIA                  (14875.01 10718.50) TOP/BOTTOM 
  VCC                  VIA                  (14872.00 10021.00) TOP/BOTTOM 
  VCC                  VIA                  (14876.00 10517.00) TOP/BOTTOM 
  VCC                  VIA                  (14877.00 10615.00) TOP/BOTTOM 
  VCC                  VIA                  (13707.28 9907.28) TOP/BOTTOM 
  VCC                  VIA                  (14871.00 10122.00) TOP/BOTTOM 
  VCC                  VIA                  (14874.00 9822.00) TOP/BOTTOM 
  VCC                  VIA                  (14125.00 10575.00) TOP/BOTTOM 
  VCC                  VIA                  (14874.00 10321.00) TOP/BOTTOM 
  VCC                  VIA                  (13568.00 9866.00) TOP/BOTTOM 
  VCC                  VIA                  (14872.71 9932.98) TOP/BOTTOM 
  VCC                  VIA                  (14874.00 10222.00) TOP/BOTTOM 
  VCC                  VIA                  (14874.00 10421.00) TOP/BOTTOM 
  VCC                  VIA                  (12859.72 10429.28) TOP/BOTTOM 
  VCC                  VIA                  (12930.00 10650.00) TOP/BOTTOM 
  VCC                  VIA                  (12822.00 9895.00) TOP/BOTTOM 
  VCC                  VIA                  (13828.69 10167.31) TOP/BOTTOM 
  TSTPLS               VIA-1                (13685.00 10150.00) TOP/BOTTOM 
  TSTPLS               VIA-1                (14167.00 10215.00) TOP/BOTTOM 
  TSTPLS               VIA-1                (14631.00 10212.00) TOP/BOTTOM 

<< Summary >>
  Total dangling lines:       0
  Total dangling vias:        3
  Total antenna vias:        21
