(---------------------------------------------------------------------)
(                                                                     )
(    Allegro Netrev Import Logic                                      )
(                                                                     )
(    Drawing          : pmtpulser.brd                                 )
(    Software Version : 16.6-2015S082                                 )
(    Date/Time        : Thu Dec 22 14:28:12 2016                      )
(                                                                     )
(---------------------------------------------------------------------)


------ Directives ------------

Ripup etch:                  No
Ripup delete first segment:  No
Ripup retain bondwire:       No
Ripup symbols:               Always
Missing symbol has error:    No
DRC update:                  Yes
Schematic directory:         '/home/weiwei/Documents/Github/PMTPulser/worklib/simplepulser/packaged'
Design Directory:            '/home/weiwei/Documents/Github/PMTPulser/worklib/simplepulser/physical'
Old design name:             '/home/weiwei/Documents/Github/PMTPulser/worklib/simplepulser/physical/pmtpulser.brd'
New design name:             '/home/weiwei/Documents/Github/PMTPulser/worklib/simplepulser/physical/pmtpulser.brd'

CmdLine: netrev -proj /home/weiwei/Documents/Github/PMTPulser/pmtpulser.cpm -y 1 -n -O /home/weiwei/Documents/Github/PMTPulser/worklib/simplepulser/physical/pmtpulser.brd /home/weiwei/Documents/Github/PMTPulser/worklib/simplepulser/physical/pmtpulser.brd -q /home/weiwei/Documents/Github/PMTPulser/temp/constraints_difference_report.xml -$

------ Preparing to read pst files ------

Starting to read /home/weiwei/Documents/Github/PMTPulser/worklib/simplepulser/packaged/pstchip.dat 
   Finished reading /home/weiwei/Documents/Github/PMTPulser/worklib/simplepulser/packaged/pstchip.dat (00:00:00.09)
Starting to read /home/weiwei/Documents/Github/PMTPulser/worklib/simplepulser/packaged/pstxprt.dat 
   Finished reading /home/weiwei/Documents/Github/PMTPulser/worklib/simplepulser/packaged/pstxprt.dat (00:00:00.00)
Starting to read /home/weiwei/Documents/Github/PMTPulser/worklib/simplepulser/packaged/pstxnet.dat 
   Finished reading /home/weiwei/Documents/Github/PMTPulser/worklib/simplepulser/packaged/pstxnet.dat (00:00:00.00)

------ Oversights/Warnings/Errors ------




===========================================================
Start Constraint Override Import
	Constraint File:    /home/weiwei/Documents/Github/PMTPulser/worklib/simplepulser/packaged/pstcmdb.dat
	Start time: Thu Dec 22 14:28:12 2016
===========================================================


The constraint difference report file can be viewed using the following command:
/cad/SPB166-lnx/tools/firefox/bin/firefox -app /cad/SPB166-lnx/share/pcb/consmgr/VDD/diff3rptViewer/diff3rptViewer.ini -file file:///home/weiwei/Documents/Github/PMTPulser/temp/constraints_difference_report.xml

===========================================================
Finished Constraint Update	Time: Thu Dec 22 14:28:12 2016
===========================================================

------ Library Paths ------
MODULEPATH =  . 
           /cad/SPB166-lnx/share/local/pcb/modules 

PSMPATH =  /home/weiwei/Documents/Github/PMTPulser/libraries/symbols 

PADPATH =  /home/weiwei/Documents/Github/PMTPulser/libraries/symbols 


------ Summary Statistics ------


netrev run on Dec 22 14:28:12 2016
   DESIGN NAME : 'SIMPLEPULSER'
   PACKAGING ON 22-Dec-2016 AT 14:28:11

   COMPILE 'logic'
   CHECK_PIN_NAMES OFF
   CROSS_REFERENCE OFF
   DIRECTORIES  <none>
   FEEDBACK OFF
   INCREMENTAL OFF
   INTERFACE_TYPE PHYSICAL
   LIBRARIES  'pmtpulser_lib' 'standard' 'parts_lib' 'Symbols'
   MASTER_LIBRARIES  <none>
   MAX_ERRORS 500
   MERGE_MINIMUM 5
   NET_NAME_CHARS '#%&()*+-./:=>?@[]^_`|'
   NET_NAME_LENGTH 24
   OVERSIGHTS ON
   REPLACE_CHECK OFF
   SINGLE_NODE_NETS ON
   SPLIT_MINIMUM 0
   SUPPRESS   20
   WARNINGS ON

 No error detected
 No oversight detected
 No warning detected

cpu time      0:00:00
elapsed time  0:00:00

