	(Comment
		(Time 09/30/13,15:32:14)
		(User HEP)
		(MsgId ECO_021)
		(Text "Package FCI_84516_IN added to cell")
		(Param1 FCI_84516_IN)
	)
	(Comment
		(Time 09/30/13,15:34:01)
		(User HEP)
		(MsgId ECO_081)
		(Text "Symbol sym_1 added to cell")
		(Param1 sym_1)
	)
	(Comment
		(Time 09/30/13,15:38:10)
		(User HEP)
		(MsgId ECO_081)
		(Text "Symbol sym_2 added to cell")
		(Param1 sym_2)
	)
	(Comment
		(Time 09/30/13,15:38:20)
		(User HEP)
		(MsgId ECO_082)
		(Text "Symbol sym_1 deleted from cell")
		(Param1 sym_1)
	)
	(Comment
		(Time 09/30/13,15:38:34)
		(User HEP)
		(MsgId ECO_082)
		(Text "Symbol sym_2 deleted from cell")
		(Param1 sym_2)
	)
	(Comment
		(Time 09/30/13,15:38:39)
		(User HEP)
		(MsgId ECO_081)
		(Text "Symbol sym_1 added to cell")
		(Param1 sym_1)
	)
