	(Comment
		(Time 07/26/12,14:02:50)
		(User HEP)
		(MsgId ECO_021)
		(Text "Package LEMO_CONN added to cell")
		(Param1 LEMO_CONN)
	)
	(Comment
		(Time 07/26/12,14:06:12)
		(User HEP)
		(MsgId ECO_081)
		(Text "Symbol sym_1 added to cell")
		(Param1 sym_1)
	)
	(Comment
		(Time 07/27/12,14:22:00)
		(User HEP)
		(MsgId ECO_081)
		(Text "Symbol sym_2 added to cell")
		(Param1 sym_2)
	)
	(Comment
		(Time 07/27/12,14:22:05)
		(User HEP)
		(MsgId ECO_082)
		(Text "Symbol sym_1 deleted from cell")
		(Param1 sym_1)
	)
	(Comment
		(Time 07/27/12,14:37:05)
		(User HEP)
		(MsgId ECO_082)
		(Text "Symbol sym_2 deleted from cell")
		(Param1 sym_2)
	)
	(Comment
		(Time 07/27/12,14:37:11)
		(User HEP)
		(MsgId ECO_022)
		(Text "Package LEMO_CONN deleted from cell")
		(Param1 LEMO_CONN)
	)
	(Comment
		(Time 07/27/12,14:37:16)
		(User HEP)
		(MsgId ECO_021)
		(Text "Package LEMO_CONN added to cell")
		(Param1 LEMO_CONN)
	)
	(Comment
		(Time 07/27/12,14:40:22)
		(User HEP)
		(MsgId ECO_081)
		(Text "Symbol sym_1 added to cell")
		(Param1 sym_1)
	)
	(Comment
		(Time 07/27/12,15:17:35)
		(User HEP)
		(MsgId ECO_022)
		(Text "Package LEMO_CONN deleted from cell")
		(Param1 LEMO_CONN)
	)
	(Comment
		(Time 07/27/12,15:17:40)
		(User HEP)
		(MsgId ECO_082)
		(Text "Symbol sym_1 deleted from cell")
		(Param1 sym_1)
	)
	(Comment
		(Time 07/27/12,15:17:42)
		(User HEP)
		(MsgId ECO_021)
		(Text "Package LEMO_CONN added to cell")
		(Param1 LEMO_CONN)
	)
	(Comment
		(Time 07/27/12,15:19:28)
		(User HEP)
		(MsgId ECO_081)
		(Text "Symbol sym_1 added to cell")
		(Param1 sym_1)
	)
