FILE_TYPE=LIBRARY_PARTS;
primitive 'SY89113U';
  pin
    'VT0':
      PIN_NUMBER='(3)';
      PIN_TYPE='ANALOG';
      NO_LOAD_CHECK='Both';
      NO_IO_CHECK='Both';
      NO_ASSERT_CHECK='TRUE';
      NO_DIR_CHECK='TRUE';
      ALLOW_CONNECT='TRUE';
    'VREFAC0':
      PIN_NUMBER='(4)';
      PIN_TYPE='ANALOG';
      NO_LOAD_CHECK='Both';
      NO_IO_CHECK='Both';
      NO_ASSERT_CHECK='TRUE';
      NO_DIR_CHECK='TRUE';
      ALLOW_CONNECT='TRUE';
    'CLK0-':
      PIN_NUMBER='(5)';
      INPUT_LOAD='(-0.01,0.01)';
    'SETERM':
      PIN_NUMBER='(7)';
      PIN_TYPE='ANALOG';
      NO_LOAD_CHECK='Both';
      NO_IO_CHECK='Both';
      NO_ASSERT_CHECK='TRUE';
      NO_DIR_CHECK='TRUE';
      ALLOW_CONNECT='TRUE';
    'CLK1+':
      PIN_NUMBER='(8)';
      INPUT_LOAD='(-0.01,0.01)';
    'VBB1':
      PIN_NUMBER='(9)';
      PIN_TYPE='ANALOG';
      NO_LOAD_CHECK='Both';
      NO_IO_CHECK='Both';
      NO_ASSERT_CHECK='TRUE';
      NO_DIR_CHECK='TRUE';
      ALLOW_CONNECT='TRUE';
    'CLK1-':
      PIN_NUMBER='(10)';
      INPUT_LOAD='(-0.01,0.01)';
    'EN':
      PIN_NUMBER='(12)';
      INPUT_LOAD='(-0.01,0.01)';
    'Q11-':
      PIN_NUMBER='(14)';
      OUTPUT_LOAD='(1.0,-1.0)';
    'Q11+':
      PIN_NUMBER='(15)';
      OUTPUT_LOAD='(1.0,-1.0)';
    'Q0+':
      PIN_NUMBER='(42)';
      OUTPUT_LOAD='(1.0,-1.0)';
    'Q1+':
      PIN_NUMBER='(40)';
      OUTPUT_LOAD='(1.0,-1.0)';
    'Q2+':
      PIN_NUMBER='(38)';
      OUTPUT_LOAD='(1.0,-1.0)';
    'Q3+':
      PIN_NUMBER='(36)';
      OUTPUT_LOAD='(1.0,-1.0)';
    'Q4+':
      PIN_NUMBER='(32)';
      OUTPUT_LOAD='(1.0,-1.0)';
    'Q5+':
      PIN_NUMBER='(30)';
      OUTPUT_LOAD='(1.0,-1.0)';
    'Q6+':
      PIN_NUMBER='(27)';
      OUTPUT_LOAD='(1.0,-1.0)';
    'Q7+':
      PIN_NUMBER='(25)';
      OUTPUT_LOAD='(1.0,-1.0)';
    'Q8+':
      PIN_NUMBER='(21)';
      OUTPUT_LOAD='(1.0,-1.0)';
    'Q9+':
      PIN_NUMBER='(19)';
      OUTPUT_LOAD='(1.0,-1.0)';
    'Q10+':
      PIN_NUMBER='(17)';
      OUTPUT_LOAD='(1.0,-1.0)';
    'Q0-':
      PIN_NUMBER='(41)';
      OUTPUT_LOAD='(1.0,-1.0)';
    'Q1-':
      PIN_NUMBER='(39)';
      OUTPUT_LOAD='(1.0,-1.0)';
    'Q2-':
      PIN_NUMBER='(37)';
      OUTPUT_LOAD='(1.0,-1.0)';
    'Q3-':
      PIN_NUMBER='(35)';
      OUTPUT_LOAD='(1.0,-1.0)';
    'Q4-':
      PIN_NUMBER='(31)';
      OUTPUT_LOAD='(1.0,-1.0)';
    'Q5-':
      PIN_NUMBER='(29)';
      OUTPUT_LOAD='(1.0,-1.0)';
    'Q6-':
      PIN_NUMBER='(26)';
      OUTPUT_LOAD='(1.0,-1.0)';
    'Q7-':
      PIN_NUMBER='(24)';
      OUTPUT_LOAD='(1.0,-1.0)';
    'Q8-':
      PIN_NUMBER='(20)';
      OUTPUT_LOAD='(1.0,-1.0)';
    'Q9-':
      PIN_NUMBER='(18)';
      OUTPUT_LOAD='(1.0,-1.0)';
    'Q10-':
      PIN_NUMBER='(16)';
      OUTPUT_LOAD='(1.0,-1.0)';
    'CLKSEL':
      PIN_NUMBER='(44)';
      INPUT_LOAD='(-0.01,0.01)';
    'CLK0+':
      PIN_NUMBER='(2)';
      INPUT_LOAD='(-0.01,0.01)';
  end_pin;
  body
    PART_NAME='SY89113U';
    BODY_NAME='SY89113U';
    JEDEC_TYPE='qfn50p700x700x85-45n';
    PHYS_DES_PREFIX='U';
    CLASS='IC';
    GROUND_NETS='GND';
    POWER_PINS='(GND:1,6,11,22,34,45)';
    POWER_PINS='(VCC:13,23,28,33,43)';
  end_body;
end_primitive;

END.
