
	(Comment
		(Time 02/01/05,12:52:31)
		(User riwiener)
		(MsgId ECO_021)
		(Text "Package HFA3096 added to cell")
		(Param1 HFA3096)
	)
	(Comment
		(Time 02/01/05,13:07:41)
		(User riwiener)
		(MsgId ECO_081)
		(Text "Symbol sym_1 added to cell")
		(Param1 sym_1)
	)
	(Comment
		(Time 02/01/05,13:09:57)
		(User riwiener)
		(MsgId ECO_081)
		(Text "Symbol sym_2 added to cell")
		(Param1 sym_2)
	)

	(Comment
		(Time 02/01/05,16:35:15)
		(User riwiener)
		(MsgId ECO_082)
		(Text "Symbol sym_1 deleted from cell")
		(Param1 sym_1)
	)
	(Comment
		(Time 02/01/05,16:35:27)
		(User riwiener)
		(MsgId ECO_082)
		(Text "Symbol sym_2 deleted from cell")
		(Param1 sym_2)
	)
	(Comment
		(Time 02/01/05,16:35:39)
		(User riwiener)
		(MsgId ECO_081)
		(Text "Symbol sym_1 added to cell")
		(Param1 sym_1)
	)
	(Comment
		(Time 02/01/05,16:36:00)
		(User riwiener)
		(MsgId ECO_081)
		(Text "Symbol sym_2 added to cell")
		(Param1 sym_2)
	)

	(Comment
		(Time 02/07/05,13:39:45)
		(User ematsumo)
		(MsgId ECO_081)
		(Text "Symbol sym_3 added to cell")
		(Param1 sym_3)
	)


	(Comment
		(Time 02/07/05,13:58:33)
		(User ematsumo)
		(MsgId ECO_082)
		(Text "Symbol sym_3 deleted from cell")
		(Param1 sym_3)
	)

