	(Comment
		(Time 01/26/16,20:22:46)
		(User HEP)
		(MsgId ECO_021)
		(Text "Package SN74AUC14 added to cell")
		(Param1 "SN74AUC14")
	)
	(Comment
		(Time 01/26/16,21:26:23)
		(User HEP)
		(MsgId ECO_081)
		(Text "Symbol sym_1 added to cell")
		(Param1 "sym_1")
	)
	(Comment
		(Time 01/26/16,21:29:56)
		(User HEP)
		(MsgId ECO_022)
		(Text "Package SN74AUC14 deleted from cell")
		(Param1 "SN74AUC14")
	)
	(Comment
		(Time 01/26/16,21:30:10)
		(User HEP)
		(MsgId ECO_082)
		(Text "Symbol sym_1 deleted from cell")
		(Param1 "sym_1")
	)
	(Comment
		(Time 01/27/16,15:49:25)
		(User HEP)
		(MsgId ECO_021)
		(Text "Package SN74AUC14 added to cell")
		(Param1 "SN74AUC14")
	)
	(Comment
		(Time 01/27/16,15:50:57)
		(User HEP)
		(MsgId ECO_081)
		(Text "Symbol sym_1 added to cell")
		(Param1 "sym_1")
	)
