(---------------------------------------------------------------------)
(                                                                     )
(    Netrev Allegro Import Logic                                      )
(                                                                     )
(    Drawing          : adapter_40pin.brd                             )
(    Software Version : 16.3p004                                      )
(    Date/Time        : Mon Aug 06 10:20:19 2012                      )
(                                                                     )
(---------------------------------------------------------------------)


------ Directives ------

RIPUP_ETCH FALSE;
RIPUP_SYMBOLS ALWAYS;
Missing symbol has error FALSE;
SCHEMATIC_DIRECTORY 'C:\SPB_Data\mayers_lib\adapter_40pin\packaged';
BOARD_DIRECTORY '';
OLD_BOARD_NAME 'C:/SPB_Data/Mayers_lib/adapter_40pin/physical/adapter_40pin.brd';
NEW_BOARD_NAME 'C:/SPB_Data/Mayers_lib/adapter_40pin/physical/adapter_40pin.brd';

CmdLine: netrev -proj C:\SPB_Data\PMPv2\adapter_40pin.cpm -5 -y 1 C:\SPB_Data\Mayers_lib\adapter_40pin\physical\adapter_40pin.brd C:\SPB_Data\Mayers_lib\adapter_40pin\physical\adapter_40pin.brd -$

------ Preparing to read pst files ------

Starting to read C:/SPB_Data/mayers_lib/adapter_40pin/packaged/pstchip.dat 
   Finished reading C:/SPB_Data/mayers_lib/adapter_40pin/packaged/pstchip.dat (00:00:00.14)
Starting to read C:/SPB_Data/mayers_lib/adapter_40pin/packaged/pstxprt.dat 
   Finished reading C:/SPB_Data/mayers_lib/adapter_40pin/packaged/pstxprt.dat (00:00:00.00)
Starting to read C:/SPB_Data/mayers_lib/adapter_40pin/packaged/pstxnet.dat 
   Finished reading C:/SPB_Data/mayers_lib/adapter_40pin/packaged/pstxnet.dat (00:00:00.00)

------ Oversights/Warnings/Errors ------


------ Library Paths ------
MODULEPATH =  . 
           C:\SPB_Data\PMPv2\modules\ 
           C:/Cadence/SPB_16.3/share/local/pcb/modules 

PSMPATH =  C:\SPB_Data\Symbols\ 
           symbols 
           .. 
           ../symbols 
           C:/Cadence/SPB_16.3/share/local/pcb/symbols 
           C:/Cadence/SPB_16.3/share/pcb/pcb_lib/symbols 
           C:/Cadence/SPB_16.3/share/pcb/allegrolib/symbols 

PADPATH =  C:\SPB_Data\Symbols\ 
           symbols 
           .. 
           ../symbols 
           C:/Cadence/SPB_16.3/share/local/pcb/padstacks 
           C:/Cadence/SPB_16.3/share/pcb/pcb_lib/symbols 
           C:/Cadence/SPB_16.3/share/pcb/allegrolib/symbols 


------ Summary Statistics ------


netrev run on Aug 6 10:20:19 2012
   DESIGN NAME : 'ADAPTER_40PIN'
   PACKAGING ON 06-Aug-2012 AT 10:20:18

   COMPILE 'logic'
   CHECK_PIN_NAMES OFF
   CROSS_REFERENCE OFF
   DIRECTORIES  <none>
   FEEDBACK OFF
   INCREMENTAL OFF
   INTERFACE_TYPE PHYSICAL
   LIBRARIES  '74hct' '74hc' 'mayers_lib' 'standard'
   MASTER_LIBRARIES  <none>
   MAX_ERRORS 500
   MERGE_MINIMUM 5
   NET_NAME_CHARS '#%&()*+-./:=>?@[]^_`|'
   NET_NAME_LENGTH 24
   OVERSIGHTS ON
   REPLACE_CHECK OFF
   SINGLE_NODE_NETS ON
   SPLIT_MINIMUM 0
   SUPPRESS   20
   WARNINGS ON

 No error detected
 No oversight detected
 No warning detected

cpu time      0:01:32
elapsed time  0:00:00

