	(Comment
		(Time 08/24/12,17:38:40)
		(User HEP)
		(MsgId ECO_021)
		(Text "Package LTC1407 added to cell")
		(Param1 LTC1407)
	)
	(Comment
		(Time 08/24/12,17:50:25)
		(User HEP)
		(MsgId ECO_081)
		(Text "Symbol sym_1 added to cell")
		(Param1 sym_1)
	)
	(Comment
		(Time 08/24/12,17:52:51)
		(User HEP)
		(MsgId ECO_082)
		(Text "Symbol sym_1 deleted from cell")
		(Param1 sym_1)
	)
	(Comment
		(Time 08/24/12,17:53:26)
		(User HEP)
		(MsgId ECO_081)
		(Text "Symbol sym_1 added to cell")
		(Param1 sym_1)
	)
	(Comment
		(Time 09/25/12,16:56:06)
		(User Godwin)
		(MsgId ECO_081)
		(Text "Symbol sym_2 added to cell")
		(Param1 sym_2)
	)
	(Comment
		(Time 09/25/12,16:56:14)
		(User Godwin)
		(MsgId ECO_082)
		(Text "Symbol sym_1 deleted from cell")
		(Param1 sym_1)
	)
	(Comment
		(Time 09/25/12,16:56:22)
		(User Godwin)
		(MsgId ECO_082)
		(Text "Symbol sym_2 deleted from cell")
		(Param1 sym_2)
	)
	(Comment
		(Time 09/25/12,16:56:37)
		(User Godwin)
		(MsgId ECO_081)
		(Text "Symbol sym_1 added to cell")
		(Param1 sym_1)
	)
