Allegro Design Entry HDL 16.6-S083 (v16-6-112HC) 11/28/2016
Copyright 2011 Cadence Design Systems, Inc

WARNING(SPCOCN-1474): You must specify a window that contains a drawing.
WARNING(SPCOCN-1474): You must specify a window that contains a drawing.
WARNING(SPCOCN-1474): You must specify a window that contains a drawing.
WARNING(SPCOCN-1474): You must specify a window that contains a drawing.
WARNING(SPCOCN-1474): You must specify a window that contains a drawing.
WARNING(SPCOCN-1474): You must specify a window that contains a drawing.
WARNING(SPCOCN-1474): You must specify a window that contains a drawing.
WARNING(SPCOCN-2065): The PLOT_DPI directive defines the Dots Per Inch setting used by the printer for printing. Ensure that you specify a positive integer value for the directive.
WARNING(SPCOCN-1474): You must specify a window that contains a drawing.
WARNING(SPCOCN-1474): You must specify a window that contains a drawing.
WARNING(SPCOCN-1474): You must specify a window that contains a drawing.
WARNING(SPCOCN-1474): You must specify a window that contains a drawing.
WARNING(SPCOCN-1474): You must specify a window that contains a drawing.
WARNING(SPCOCN-1474): You must specify a window that contains a drawing.
WARNING(SPCOCN-1474): You must specify a window that contains a drawing.
WARNING(SPCOCN-1474): You must specify a window that contains a drawing.
WARNING(SPCOCN-1474): You must specify a window that contains a drawing.
WARNING(SPCOCN-1474): You must specify a window that contains a drawing.
WARNING(SPCOCN-1474): You must specify a window that contains a drawing.
WARNING(SPCOCN-1474): You must specify a window that contains a drawing.
WARNING(SPCOCN-1474): You must specify a window that contains a drawing.
INFO(SPCOCN-1737): Reading /home/weiwei/Documents/Github/PMTPulser/cds.lib file.
WARNING(SPCOCN-1474): You must specify a window that contains a drawing.
INFO(SPCOCN-1446): New schematic SIMPLEPULSER.SCH.1.1 started as drawing #1.
INFO(SPCOCN-195): The following file will be used to identify the list of modules to be excluded: '/cad/SPB166-lnx/share/cdssetup/xmodules.dat'.
INFO(SPCOCN-1446): New schematic SIMPLEPULSER.SCH.1.1 started as drawing #1.
zoom down; 
copy 
WARNING(SPCOCN-982): The operation could not be performed because no object on the drawing was selected.
