temp/xxnedtmp1/event.log NEWFILE1
temp/xxnedtmp1/text.log NEWFILE2
temp/xxnedtmp1/environ.log NEWFILE3
/cad/SPB166-lnx/share/cdssetup/concept/concepthdl.scr FILE4
/home/weiwei/Documents/Github/PMTPulser/cds.lib FILE5
/home/weiwei/Documents/Github/PMTPulser/worklib/simplepulser/sch_1/page1.csb FILE6
/home/weiwei/Documents/Github/PMTPulser/worklib/simplepulser/sch_1/page_map.lck NEWFILE7
/home/weiwei/Documents/Github/PMTPulser/worklib/simplepulser/sch_1/page1_csb.lck NEWFILE8
temp/xxnedtmp1/undo1.log NEWFILE9
/home/weiwei/Documents/Github/PMTPulser/libraries/parts_lib/penn#20b#20size#20page/sym_1/symbol.css FILE10
/home/weiwei/Documents/Github/PMTPulser/libraries/parts_lib/res_0402/sym_1/symbol.css FILE11
/home/weiwei/Documents/Github/PMTPulser/libraries/parts_lib/lmc555/sym_1/symbol.css FILE12
/home/weiwei/Documents/Github/PMTPulser/worklib/simplepulser/sch_1/page1_csa.lck NEWFILE13
/home/weiwei/Documents/Github/PMTPulser/worklib/simplepulser/sch_1/simplepulser.xcon FILE14
/home/weiwei/Documents/Github/PMTPulser/worklib/simplepulser/sch_1/simplepulser.dcf FILE15
/home/weiwei/Documents/Github/PMTPulser/libraries/parts_lib/adn4661/sym_1/symbol.css FILE16
/cad/SPB166-lnx/tools/language/config.dat FILE17
temp/xxnedtmp1/concept.mkr NEWFILE18
/cad/SPB166-lnx/tools/language/pack_type_rename.dat NEWFILE19
temp/xxnedtmp1/../res_0402.mkr NEWFILE20
temp/xxnedtmp1/../adn4661.mkr NEWFILE21
temp/xxnedtmp1/../lmc555.mkr NEWFILE22
temp/xxnedtmp1/../penn#20b#20size#20page.mkr NEWFILE23
/home/weiwei/Documents/Github/PMTPulser/worklib/simplepulser/sch_1/simplepulser_xcon.lck NEWFILE24
/home/weiwei/Documents/Github/PMTPulser/worklib/simplepulser/sch_1/simplepulser_dcf.lck NEWFILE25
/home/weiwei/Documents/Github/PMTPulser/worklib/simplepulser/sch_1/page1.csa FILE26
/home/weiwei/Documents/Github/PMTPulser/worklib/simplepulser/sch_1/page1.csv FILE27
temp/xxnedtmp1/csnetlister.mkr NEWFILE28
/home/weiwei/Documents/Github/PMTPulser/worklib/simplepulser/sch_1/pc.db FILE29
/home/weiwei/Documents/Github/PMTPulser/libraries/parts_lib/bfu730f/sym_1/symbol.css FILE30
/tmp/cone1dc6226.tmp FILE31
/tmp/cone1dfc9f1.tmp FILE32
/tmp/cone1e81fff.tmp FILE33
temp/xxnedtmp1/../bfu730f.mkr NEWFILE34
