Allegro Design Entry HDL 16.6-S083 (v16-6-112HC) 11/28/2016
Copyright 2011 Cadence Design Systems, Inc

WARNING(SPCOCN-1474): You must specify a window that contains a drawing.
WARNING(SPCOCN-1474): You must specify a window that contains a drawing.
WARNING(SPCOCN-1474): You must specify a window that contains a drawing.
WARNING(SPCOCN-1474): You must specify a window that contains a drawing.
WARNING(SPCOCN-1474): You must specify a window that contains a drawing.
WARNING(SPCOCN-1474): You must specify a window that contains a drawing.
WARNING(SPCOCN-1474): You must specify a window that contains a drawing.
WARNING(SPCOCN-2065): The PLOT_DPI directive defines the Dots Per Inch setting used by the printer for printing. Ensure that you specify a positive integer value for the directive.
WARNING(SPCOCN-1474): You must specify a window that contains a drawing.
WARNING(SPCOCN-1474): You must specify a window that contains a drawing.
WARNING(SPCOCN-1474): You must specify a window that contains a drawing.
WARNING(SPCOCN-1474): You must specify a window that contains a drawing.
WARNING(SPCOCN-1474): You must specify a window that contains a drawing.
WARNING(SPCOCN-1474): You must specify a window that contains a drawing.
WARNING(SPCOCN-1474): You must specify a window that contains a drawing.
WARNING(SPCOCN-1474): You must specify a window that contains a drawing.
WARNING(SPCOCN-1474): You must specify a window that contains a drawing.
WARNING(SPCOCN-1474): You must specify a window that contains a drawing.
WARNING(SPCOCN-1474): You must specify a window that contains a drawing.
WARNING(SPCOCN-1474): You must specify a window that contains a drawing.
WARNING(SPCOCN-1474): You must specify a window that contains a drawing.
INFO(SPCOCN-1737): Reading /home/weiwei/Documents/Github/PMTPulser/cds.lib file.
WARNING(SPCOCN-1474): You must specify a window that contains a drawing.
INFO(SPCOCN-1445): Reading SIMPLEPULSER.SCH.1.1 into drawing #1.
INFO(SPCOCN-195): The following file will be used to identify the list of modules to be excluded: '/cad/SPB166-lnx/share/cdssetup/xmodules.dat'.
INFO(SPCOCN-1445): Reading SIMPLEPULSER.SCH.1.1 into drawing #1.
INFO(SPCOCN-1001): Component: I2 selected.
INFO(SPCOCN-1001): Component: I9 selected.
INFO(SPCOCN-1001): Component: I4 selected.
INFO(SPCOCN-1001): Component: I6 selected.
INFO(SPCOCN-1001): Component: I7 selected.
INFO(SPCOCN-1001): Component: I15 selected.
INFO(SPCOCN-1000): Pin: I12.1 selected.
INFO(SPCOCN-1001): Component: I12 selected.
INFO(SPCOCN-1001): Component: I8 selected.
INFO(SPCOCN-1001): Component: I13 selected.
INFO(SPCOCN-1001): Component: I11 selected.
INFO(SPCOCN-1001): Component: I10 selected.
INFO(SPCOCN-1507): Adding version 1 of part RSMD0402 from library parts_lib
INFO(SPCOCN-1507): Adding version 1 of part RSMD0402 from library parts_lib
INFO(SPCOCN-1507): Adding version 1 of part RSMD0402 from library parts_lib
INFO(SPCOCN-1507): Adding version 1 of part RSMD0402 from library parts_lib
INFO(SPCOCN-1507): Adding version 1 of part RSMD0402 from library parts_lib
INFO(SPCOCN-1507): Adding version 1 of part RSMD0402 from library parts_lib
INFO(SPCOCN-1507): Adding version 1 of part RSMD0402 from library parts_lib
INFO(SPCOCN-1507): Adding version 1 of part RSMD0402 from library parts_lib
INFO(SPCOCN-1507): Adding version 1 of part RSMD0402 from library parts_lib
INFO(SPCOCN-1507): Adding version 1 of part RSMD0402 from library parts_lib
INFO(SPCOCN-1507): Adding version 1 of part RSMD0402 from library parts_lib
INFO(SPCOCN-1507): Adding version 1 of part RSMD0402 from library parts_lib
INFO(SPCOCN-1001): Component: I17 selected.
WARNING(SPCOCN-1885): Cannot change key property VALUE as it is locked.
WARNING(SPCOCN-1609): No editable properties or notes were selected.
WARNING(SPCOCN-1885): Cannot change key property VALUE as it is locked.
WARNING(SPCOCN-1609): No editable properties or notes were selected.
WARNING(SPCOCN-1885): Cannot change key property VALUE as it is locked.
WARNING(SPCOCN-1609): No editable properties or notes were selected.
WARNING(SPCOCN-1885): Cannot change key property VALUE as it is locked.
WARNING(SPCOCN-1609): No editable properties or notes were selected.
WARNING(SPCOCN-503): The specified stroke shape '18603' is not recognized. Ensure that you specify a known shape.
INFO(SPCOCN-1001): Component: I17 selected.
INFO(SPCOCN-1001): Component: I17 selected.
WARNING(SPCOCN-982): The operation could not be performed because no object on the drawing was selected.
WARNING(SPCOCN-982): The operation could not be performed because no object on the drawing was selected.
INFO(SPCOCN-1070): Checking drawing...
INFO(SPCOCN-1028): writing <pmtpulser_lib>SIMPLEPULSER.SCH.1.1:
INFO(SPCOCN-1044): writing binary file...
INFO(SPCOCN-1049): writing ASCII file...
INFO(SPCOCN-1053): writing connectivity file...
INFO(SPCOCN-1054): ...written

CSDirect 16.6-S083 (v16-6-112HC)

Netlisting block simplepulser

Processing page 1

No netlisting errors found. 

INFO(SPCOCN-1640): writing occurrence data...
INFO(SPCOCN-1054): ...written
INFO(SPCOCN-1001): Component: I22 selected.
WARNING(SPCOCN-1885): Cannot delete key property VALUE as it is locked.
WARNING(SPCOCN-1914): Default body properties not deleted.
WARNING(SPCOCN-1885): Cannot change key property VALUE as it is locked.
WARNING(SPCOCN-1609): No editable properties or notes were selected.
WARNING(SPCOCN-1885): Cannot change key property VALUE as it is locked.
WARNING(SPCOCN-1609): No editable properties or notes were selected.
WARNING(SPCOCN-982): The operation could not be performed because no object on the drawing was selected.
WARNING(SPCOCN-1885): Cannot change key property VALUE as it is locked.
WARNING(SPCOCN-1609): No editable properties or notes were selected.
WARNING(SPCOCN-1885): Cannot change key property VALUE as it is locked.
WARNING(SPCOCN-1609): No editable properties or notes were selected.
INFO(SPCOCN-1001): Component: I17 selected.
INFO(SPCOCN-1001): Component: I17 selected.
WARNING(SPCOCN-982): The operation could not be performed because no object on the drawing was selected.
WARNING(SPCOCN-204): Property 'VALUE' could not be added to the object because the property already exists in the Attribute 
form. Use the existing property row to make changes to this property.
WARNING(SPCOCN-982): The operation could not be performed because no object on the drawing was selected.
WARNING(SPCOCN-982): The operation could not be performed because no object on the drawing was selected.
WARNING(SPCOCN-982): The operation could not be performed because no object on the drawing was selected.
WARNING(SPCOCN-982): The operation could not be performed because no object on the drawing was selected.
INFO(SPCOCN-999): Signal: UN$1$LMC555$I1$RES selected.
INFO(SPCOCN-999): Signal: UN$1$LMC555$I1$RES selected.
INFO(SPCOCN-999): Signal: UN$1$LMC555$I1$DISCH selected.
INFO(SPCOCN-999): Signal: UN$1$LMC555$I1$DISCH selected.
INFO(SPCOCN-999): Signal: UN$1$LMC555$I1$DISCH selected.
INFO(SPCOCN-1001): Component: I22 selected.
ERROR(SPCOCN-1521): Specify a signal name before selecting point.
INFO(SPCOCN-1070): Checking drawing...
INFO(SPCOCN-1028): writing <pmtpulser_lib>SIMPLEPULSER.SCH.1.1:
INFO(SPCOCN-1044): writing binary file...
INFO(SPCOCN-1049): writing ASCII file...
INFO(SPCOCN-1053): writing connectivity file...
INFO(SPCOCN-1054): ...written

CSDirect 16.6-S083 (v16-6-112HC)

Netlisting block simplepulser

Processing page 1

No netlisting errors found. 

INFO(SPCOCN-1640): writing occurrence data...
INFO(SPCOCN-1054): ...written
INFO(SPCOCN-1000): Pin: I22.2 selected.
INFO(SPCOCN-1001): Component: I22 selected.
WARNING(SPCOCN-982): The operation could not be performed because no object on the drawing was selected.
INFO(SPCOCN-999): Signal: UN$1$LMC555$I1$DISCH selected.
INFO(SPCOCN-1001): Component: I22 selected.
INFO(SPCOCN-1001): Component: I23 selected.
WARNING(SPCOCN-982): The operation could not be performed because no object on the drawing was selected.
INFO(SPCOCN-1001): Component: I23 selected.
INFO(SPCOCN-1854): The drawing SIMPLEPULSER.SCH.1.1
INFO(SPCOCN-578): will be retained as drawing #1.
INFO(SPCOCN-1445): Reading RSMD0402.SYM.1.1 into drawing #2.
INFO(SPCOCN-1443): SIMPLEPULSER.SCH.1.1 has been previously edited as drawing #1.
INFO(SPCOCN-1001): Component: I23 selected.
INFO(SPCOCN-1001): Component: I23 selected.
INFO(SPCOCN-1001): Component: I24 selected.
INFO(SPCOCN-1001): Component: I23 selected.
INFO(SPCOCN-1001): Component: I18 selected.
INFO(SPCOCN-1000): Pin: I21.1 selected.
INFO(SPCOCN-1001): Component: I20 selected.
INFO(SPCOCN-1001): Component: I19 selected.
INFO(SPCOCN-1001): Component: I25 selected.
INFO(SPCOCN-1001): Component: I26 selected.
INFO(SPCOCN-1001): Component: I27 selected.
INFO(SPCOCN-1001): Component: I28 selected.
INFO(SPCOCN-1001): Component: I22 selected.
WARNING(SPCOCN-982): The operation could not be performed because no object on the drawing was selected.
WARNING(SPCOCN-982): The operation could not be performed because no object on the drawing was selected.
WARNING(SPCOCN-982): The operation could not be performed because no object on the drawing was selected.
WARNING(SPCOCN-982): The operation could not be performed because no object on the drawing was selected.
INFO(SPCOCN-1001): Component: I23 selected.
INFO(SPCOCN-1001): Component: I23 selected.
INFO(SPCOCN-1001): Component: I23 selected.
INFO(SPCOCN-1195): Group contains:   0 bodies   0 properties   0 notes   3 wires   1 dots   0 images
INFO(SPCOCN-1001): Component: I24 selected.
INFO(SPCOCN-1001): Component: I26 selected.
INFO(SPCOCN-1001): Component: I23 selected.
INFO(SPCOCN-1070): Checking drawing...
INFO(SPCOCN-1028): writing <pmtpulser_lib>SIMPLEPULSER.SCH.1.1:
INFO(SPCOCN-1044): writing binary file...
INFO(SPCOCN-1049): writing ASCII file...
INFO(SPCOCN-1053): writing connectivity file...
INFO(SPCOCN-1054): ...written

CSDirect 16.6-S083 (v16-6-112HC)

Netlisting block simplepulser

Processing page 1

No netlisting errors found. 

INFO(SPCOCN-1640): writing occurrence data...
INFO(SPCOCN-1054): ...written
INFO(SPCOCN-1070): Checking drawing...
INFO(SPCOCN-1028): writing <pmtpulser_lib>SIMPLEPULSER.SCH.1.1:
INFO(SPCOCN-1044): writing binary file...
INFO(SPCOCN-1049): writing ASCII file...
INFO(SPCOCN-1053): writing connectivity file...
INFO(SPCOCN-1054): ...written

CSDirect 16.6-S083 (v16-6-112HC)

Netlisting block simplepulser

Processing page 1

No netlisting errors found. 

INFO(SPCOCN-1640): writing occurrence data...
INFO(SPCOCN-1054): ...written
INFO(SPCOCN-1070): Checking drawing...
INFO(SPCOCN-1028): writing <pmtpulser_lib>SIMPLEPULSER.SCH.1.1:
INFO(SPCOCN-1044): writing binary file...
INFO(SPCOCN-1049): writing ASCII file...
INFO(SPCOCN-1053): writing connectivity file...
INFO(SPCOCN-1054): ...written

CSDirect 16.6-S083 (v16-6-112HC)

Netlisting block simplepulser

Processing page 1

No netlisting errors found. 

INFO(SPCOCN-1640): writing occurrence data...
INFO(SPCOCN-1054): ...written
INFO(SPCOCN-1001): Component: I24 selected.
INFO(SPCOCN-1001): Component: I24 selected.
INFO(SPCOCN-1001): Component: I28 selected.
INFO(SPCOCN-1507): Adding version 1 of part CSMD0402 from library parts_lib
INFO(SPCOCN-1001): Component: I29 selected.
INFO(SPCOCN-1001): Component: I29 selected.
WARNING(SPCOCN-982): The operation could not be performed because no object on the drawing was selected.
WARNING(SPCOCN-982): The operation could not be performed because no object on the drawing was selected.
INFO(SPCOCN-1854): The drawing SIMPLEPULSER.SCH.1.1
INFO(SPCOCN-578): will be retained as drawing #1.
INFO(SPCOCN-1445): Reading CSMD0402.SYM.1.1 into drawing #2.
INFO(SPCOCN-1443): SIMPLEPULSER.SCH.1.1 has been previously edited as drawing #1.
INFO(SPCOCN-1001): Component: I29 selected.
WARNING(SPCOCN-982): The operation could not be performed because no object on the drawing was selected.
WARNING(SPCOCN-503): The specified stroke shape '65509' is not recognized. Ensure that you specify a known shape.
INFO(SPCOCN-1001): Component: I29 selected.
INFO(SPCOCN-1001): Component: I29 selected.
INFO(SPCOCN-1001): Component: I30 selected.
WARNING(SPCOCN-982): The operation could not be performed because no object on the drawing was selected.
WARNING(SPCOCN-982): The operation could not be performed because no object on the drawing was selected.
INFO(SPCOCN-1001): Component: I30 selected.
ERROR(SPCOCN-1521): Specify a signal name before selecting point.
INFO(SPCOCN-1001): Component: I30 selected.
WARNING(SPCOCN-982): The operation could not be performed because no object on the drawing was selected.
INFO(SPCOCN-1001): Component: I22 selected.
INFO(SPCOCN-1001): Component: I31 selected.
INFO(SPCOCN-1001): Component: I32 selected.
INFO(SPCOCN-1001): Component: I33 selected.
INFO(SPCOCN-1001): Component: I31 selected.
INFO(SPCOCN-1001): Component: I31 selected.
INFO(SPCOCN-1001): Component: I31 selected.
INFO(SPCOCN-1001): Component: I29 selected.
INFO(SPCOCN-1001): Component: I34 selected.
WARNING(SPCOCN-982): The operation could not be performed because no object on the drawing was selected.
ERROR(SPCOCN-1521): Specify a signal name before selecting point.
INFO(SPCOCN-999): Signal: GND selected.
WARNING(SPCOCN-982): The operation could not be performed because no object on the drawing was selected.
WARNING(SPCOCN-982): The operation could not be performed because no object on the drawing was selected.
INFO(SPCOCN-1070): Checking drawing...
INFO(SPCOCN-1028): writing <pmtpulser_lib>SIMPLEPULSER.SCH.1.1:
INFO(SPCOCN-1044): writing binary file...
INFO(SPCOCN-1049): writing ASCII file...
INFO(SPCOCN-1053): writing connectivity file...
INFO(SPCOCN-1054): ...written

CSDirect 16.6-S083 (v16-6-112HC)

Netlisting block simplepulser

Processing page 1

No netlisting errors found. 

INFO(SPCOCN-1640): writing occurrence data...
INFO(SPCOCN-1054): ...written
WARNING(SPCOCN-982): The operation could not be performed because no object on the drawing was selected.
WARNING(SPCOCN-503): The specified stroke shape '65509' is not recognized. Ensure that you specify a known shape.
INFO(SPCOCN-1070): Checking drawing...
INFO(SPCOCN-1028): writing <pmtpulser_lib>SIMPLEPULSER.SCH.1.1:
INFO(SPCOCN-1044): writing binary file...
INFO(SPCOCN-1049): writing ASCII file...
INFO(SPCOCN-1053): writing connectivity file...
INFO(SPCOCN-1054): ...written

CSDirect 16.6-S083 (v16-6-112HC)

Netlisting block simplepulser

Processing page 1

No netlisting errors found. 

INFO(SPCOCN-1640): writing occurrence data...
INFO(SPCOCN-1054): ...written
INFO(SPCOCN-1001): Component: I33 selected.
INFO(SPCOCN-1001): Component: I35 selected.
WARNING(SPCOCN-982): The operation could not be performed because no object on the drawing was selected.
INFO(SPCOCN-1070): Checking drawing...
INFO(SPCOCN-1028): writing <pmtpulser_lib>SIMPLEPULSER.SCH.1.1:
INFO(SPCOCN-1044): writing binary file...
INFO(SPCOCN-1049): writing ASCII file...
INFO(SPCOCN-1053): writing connectivity file...
INFO(SPCOCN-1054): ...written

CSDirect 16.6-S083 (v16-6-112HC)

Netlisting block simplepulser

Processing page 1

No netlisting errors found. 

INFO(SPCOCN-1640): writing occurrence data...
INFO(SPCOCN-1054): ...written
ERROR(SPCOCN-1521): Specify a signal name before selecting point.
INFO(SPCOCN-1070): Checking drawing...
INFO(SPCOCN-1028): writing <pmtpulser_lib>SIMPLEPULSER.SCH.1.1:
INFO(SPCOCN-1044): writing binary file...
INFO(SPCOCN-1049): writing ASCII file...
INFO(SPCOCN-1053): writing connectivity file...
INFO(SPCOCN-1054): ...written

CSDirect 16.6-S083 (v16-6-112HC)

Netlisting block simplepulser

Processing page 1

No netlisting errors found. 

INFO(SPCOCN-1640): writing occurrence data...
INFO(SPCOCN-1054): ...written
ERROR(SPCOCN-1521): Specify a signal name before selecting point.
INFO(SPCOCN-1001): Component: I29 selected.
INFO(SPCOCN-1001): Component: I30 selected.
INFO(SPCOCN-1001): Component: I36 selected.
INFO(SPCOCN-1001): Component: I36 selected.
WARNING(SPCOCN-982): The operation could not be performed because no object on the drawing was selected.
WARNING(SPCOCN-982): The operation could not be performed because no object on the drawing was selected.
INFO(SPCOCN-1070): Checking drawing...
INFO(SPCOCN-1028): writing <pmtpulser_lib>SIMPLEPULSER.SCH.1.1:
INFO(SPCOCN-1044): writing binary file...
INFO(SPCOCN-1049): writing ASCII file...
INFO(SPCOCN-1053): writing connectivity file...
INFO(SPCOCN-1054): ...written

CSDirect 16.6-S083 (v16-6-112HC)

Netlisting block simplepulser

Processing page 1

No netlisting errors found. 

INFO(SPCOCN-1640): writing occurrence data...
INFO(SPCOCN-1054): ...written
ERROR(SPCOCN-1521): Specify a signal name before selecting point.
ERROR(SPCOCN-1521): Specify a signal name before selecting point.
ERROR(SPCOCN-1521): Specify a signal name before selecting point.
INFO(SPCOCN-1070): Checking drawing...
INFO(SPCOCN-1028): writing <pmtpulser_lib>SIMPLEPULSER.SCH.1.1:
INFO(SPCOCN-1044): writing binary file...
INFO(SPCOCN-1049): writing ASCII file...
INFO(SPCOCN-1053): writing connectivity file...
INFO(SPCOCN-1054): ...written

CSDirect 16.6-S083 (v16-6-112HC)

Netlisting block simplepulser

Processing page 1

No netlisting errors found. 

INFO(SPCOCN-1640): writing occurrence data...
INFO(SPCOCN-1054): ...written
INFO(SPCOCN-999): Signal: VCC selected.
INFO(SPCOCN-1001): Component: I26 selected.
WARNING(SPCOCN-982): The operation could not be performed because no object on the drawing was selected.
INFO(SPCOCN-1001): Component: I23 selected.
WARNING(SPCOCN-982): The operation could not be performed because no object on the drawing was selected.
WARNING(SPCOCN-982): The operation could not be performed because no object on the drawing was selected.
INFO(SPCOCN-1001): Component: I27 selected.
INFO(SPCOCN-1001): Component: I25 selected.
INFO(SPCOCN-1001): Component: I25 selected.
INFO(SPCOCN-1001): Component: I25 selected.
INFO(SPCOCN-1001): Component: I25 selected.
INFO(SPCOCN-1001): Component: I37 selected.
INFO(SPCOCN-1001): Component: I38 selected.
INFO(SPCOCN-1001): Component: I38 selected.
WARNING(SPCOCN-982): The operation could not be performed because no object on the drawing was selected.
INFO(SPCOCN-1001): Component: I38 selected.
INFO(SPCOCN-1001): Component: I38 selected.
INFO(SPCOCN-1001): Component: I39 selected.
INFO(SPCOCN-1000): Pin: I14.1 selected.
INFO(SPCOCN-1000): Pin: I14.1 selected.
INFO(SPCOCN-1000): Pin: I14.1 selected.
INFO(SPCOCN-1000): Pin: I14.1 selected.
INFO(SPCOCN-1000): Pin: I39.1 selected.
INFO(SPCOCN-1000): Pin: I14.1 selected.
INFO(SPCOCN-1000): Pin: I14.1 selected.
INFO(SPCOCN-1001): Component: I39 selected.
INFO(SPCOCN-1001): Component: I39 selected.
INFO(SPCOCN-1000): Pin: I37.1 selected.
INFO(SPCOCN-1000): Pin: I5.1 selected.
INFO(SPCOCN-1000): Pin: I5.1 selected.
INFO(SPCOCN-1001): Component: I37 selected.
INFO(SPCOCN-1001): Component: I39 selected.
INFO(SPCOCN-999): Signal: UN$1$BFU730F$I16$1 selected.
ERROR(SPCOCN-1521): Specify a signal name before selecting point.
INFO(SPCOCN-1507): Adding version 1 of part INDUCTOR_1206 from library parts_lib
INFO(SPCOCN-1001): Component: I40 selected.
INFO(SPCOCN-999): Signal: UN$1$BFU730F$I16$1 selected.
INFO(SPCOCN-999): Signal: UN$1$BFU730F$I16$1 selected.
INFO(SPCOCN-1070): Checking drawing...
INFO(SPCOCN-1028): writing <pmtpulser_lib>SIMPLEPULSER.SCH.1.1:
INFO(SPCOCN-1044): writing binary file...
INFO(SPCOCN-1049): writing ASCII file...
INFO(SPCOCN-1053): writing connectivity file...
INFO(SPCOCN-1054): ...written

CSDirect 16.6-S083 (v16-6-112HC)

Netlisting block simplepulser

Processing page 1

No netlisting errors found. 

INFO(SPCOCN-1640): writing occurrence data...
INFO(SPCOCN-1054): ...written
INFO(SPCOCN-999): Signal: VCC selected.
INFO(SPCOCN-999): Signal: VCC selected.
INFO(SPCOCN-1001): Component: I27 selected.
INFO(SPCOCN-1001): Component: I41 selected.
INFO(SPCOCN-1001): Component: I41 selected.
WARNING(SPCOCN-982): The operation could not be performed because no object on the drawing was selected.
INFO(SPCOCN-1001): Component: I14 selected.
WARNING(SPCOCN-982): The operation could not be performed because no object on the drawing was selected.
INFO(SPCOCN-1001): Component: I41 selected.
INFO(SPCOCN-1001): Component: I27 selected.
INFO(SPCOCN-1001): Component: I27 selected.
INFO(SPCOCN-1001): Component: I42 selected.
INFO(SPCOCN-1001): Component: I42 selected.
INFO(SPCOCN-1001): Component: I42 selected.
INFO(SPCOCN-1001): Component: I27 selected.
INFO(SPCOCN-1854): The drawing SIMPLEPULSER.SCH.1.1
INFO(SPCOCN-578): will be retained as drawing #1.
INFO(SPCOCN-1445): Reading RSMD0402.SYM.1.1 into drawing #2.
INFO(SPCOCN-1443): SIMPLEPULSER.SCH.1.1 has been previously edited as drawing #1.
INFO(SPCOCN-1001): Component: I43 selected.
No Power Pins or NC Pins found in chips or Ptf file.


INFO(SPCOCN-1001): Component: I30 selected.
INFO(SPCOCN-1001): Component: I43 selected.
WARNING(SPCOCN-982): The operation could not be performed because no object on the drawing was selected.
INFO(SPCOCN-1001): Component: ??? selected.
INFO(SPCOCN-1001): Component: I41 selected.
INFO(SPCOCN-1001): Component: I43 selected.
INFO(SPCOCN-1001): Component: I41 selected.
INFO(SPCOCN-1000): Pin: I43.A<0> selected.
INFO(SPCOCN-1001): Component: I41 selected.
INFO(SPCOCN-1001): Component: I41 selected.
INFO(SPCOCN-1000): Pin: I43.B<0> selected.
INFO(SPCOCN-1001): Component: I43 selected.
WARNING(SPCOCN-982): The operation could not be performed because no object on the drawing was selected.
INFO(SPCOCN-1001): Component: I43 selected.
INFO(SPCOCN-1001): Component: I43 selected.
WARNING(SPCOCN-982): The operation could not be performed because no object on the drawing was selected.
INFO(SPCOCN-1001): Component: RSERIES selected.
WARNING(SPCOCN-982): The operation could not be performed because no object on the drawing was selected.
INFO(SPCOCN-1001): Component: CSEVERAL selected.
WARNING(SPCOCN-982): The operation could not be performed because no object on the drawing was selected.
INFO(SPCOCN-1070): Checking drawing...
INFO(SPCOCN-1028): writing <pmtpulser_lib>SIMPLEPULSER.SCH.1.1:
INFO(SPCOCN-1044): writing binary file...
INFO(SPCOCN-1049): writing ASCII file...
INFO(SPCOCN-1053): writing connectivity file...
INFO(SPCOCN-1054): ...written

CSDirect 16.6-S083 (v16-6-112HC)

Netlisting block simplepulser

Processing page 1

No netlisting errors found. 

INFO(SPCOCN-1640): writing occurrence data...
INFO(SPCOCN-1054): ...written
INFO(SPCOCN-1001): Component: I41 selected.
INFO(SPCOCN-1001): Component: I44 selected.
WARNING(SPCOCN-982): The operation could not be performed because no object on the drawing was selected.
INFO(SPCOCN-1195): Group contains:   30 bodies   77 properties   0 notes   129 wires   12 dots   0 images
INFO(SPCOCN-1001): Component: I44 selected.
WARNING(SPCOCN-982): The operation could not be performed because no object on the drawing was selected.
INFO(SPCOCN-1001): Component: I44 selected.
INFO(SPCOCN-1001): Component: I41 selected.
INFO(SPCOCN-1000): Pin: I44.1 selected.
INFO(SPCOCN-1001): Component: I29 selected.
INFO(SPCOCN-1001): Component: I45 selected.
INFO(SPCOCN-1001): Component: I41 selected.
INFO(SPCOCN-1001): Component: I46 selected.
INFO(SPCOCN-1001): Component: I46 selected.
INFO(SPCOCN-1001): Component: I46 selected.
INFO(SPCOCN-1001): Component: I46 selected.
INFO(SPCOCN-1001): Component: I46 selected.
WARNING(SPCOCN-982): The operation could not be performed because no object on the drawing was selected.
INFO(SPCOCN-1001): Component: I46 selected.
INFO(SPCOCN-1001): Component: I47 selected.
INFO(SPCOCN-1001): Component: I48 selected.
INFO(SPCOCN-1070): Checking drawing...
INFO(SPCOCN-1028): writing <pmtpulser_lib>SIMPLEPULSER.SCH.1.1:
INFO(SPCOCN-1044): writing binary file...
INFO(SPCOCN-1049): writing ASCII file...
INFO(SPCOCN-1053): writing connectivity file...
INFO(SPCOCN-1054): ...written

CSDirect 16.6-S083 (v16-6-112HC)

Netlisting block simplepulser

Processing page 1

No netlisting errors found. 

INFO(SPCOCN-1640): writing occurrence data...
INFO(SPCOCN-1054): ...written
INFO(SPCOCN-1001): Component: I26 selected.
INFO(SPCOCN-1070): Checking drawing...
INFO(SPCOCN-1028): writing <pmtpulser_lib>SIMPLEPULSER.SCH.1.1:
INFO(SPCOCN-1044): writing binary file...
INFO(SPCOCN-1049): writing ASCII file...
INFO(SPCOCN-1053): writing connectivity file...
INFO(SPCOCN-1054): ...written

CSDirect 16.6-S083 (v16-6-112HC)

Netlisting block simplepulser

Processing page 1

No netlisting errors found. 

INFO(SPCOCN-1640): writing occurrence data...
INFO(SPCOCN-1054): ...written
INFO(SPCOCN-1195): Group contains:   1 bodies   0 properties   0 notes   0 wires   0 dots   0 images
INFO(SPCOCN-1001): Component: I44 selected.
INFO(SPCOCN-1001): Component: I49 selected.
INFO(SPCOCN-1001): Component: I49 selected.
INFO(SPCOCN-1070): Checking drawing...
INFO(SPCOCN-1028): writing <pmtpulser_lib>SIMPLEPULSER.SCH.1.1:
INFO(SPCOCN-1044): writing binary file...
INFO(SPCOCN-1049): writing ASCII file...
INFO(SPCOCN-1053): writing connectivity file...
INFO(SPCOCN-1054): ...written

CSDirect 16.6-S083 (v16-6-112HC)

Netlisting block simplepulser

Processing page 1

No netlisting errors found. 

INFO(SPCOCN-1640): writing occurrence data...
INFO(SPCOCN-1054): ...written
INFO(SPCOCN-999): Signal: UN$1$ADN4661$I3$DOUT$1 selected.
INFO(SPCOCN-1001): Component: I24 selected.
WARNING(SPCOCN-982): The operation could not be performed because no object on the drawing was selected.
INFO(SPCOCN-1001): Component: I24 selected.
INFO(SPCOCN-1001): Component: I28 selected.
INFO(SPCOCN-1001): Component: I28 selected.
INFO(SPCOCN-1001): Component: I50 selected.
INFO(SPCOCN-1070): Checking drawing...
INFO(SPCOCN-1028): writing <pmtpulser_lib>SIMPLEPULSER.SCH.1.1:
INFO(SPCOCN-1044): writing binary file...
INFO(SPCOCN-1049): writing ASCII file...
INFO(SPCOCN-1053): writing connectivity file...
INFO(SPCOCN-1054): ...written

CSDirect 16.6-S083 (v16-6-112HC)

Netlisting block simplepulser

Processing page 1

No netlisting errors found. 

INFO(SPCOCN-1640): writing occurrence data...
INFO(SPCOCN-1054): ...written
INFO(SPCOCN-1001): Component: I45 selected.
ERROR(SPCOCN-1521): Specify a signal name before selecting point.
INFO(SPCOCN-1070): Checking drawing...
INFO(SPCOCN-1028): writing <pmtpulser_lib>SIMPLEPULSER.SCH.1.1:
INFO(SPCOCN-1044): writing binary file...
INFO(SPCOCN-1049): writing ASCII file...
INFO(SPCOCN-1053): writing connectivity file...
INFO(SPCOCN-1054): ...written

CSDirect 16.6-S083 (v16-6-112HC)

Netlisting block simplepulser

Processing page 1

No netlisting errors found. 

INFO(SPCOCN-1640): writing occurrence data...
INFO(SPCOCN-1054): ...written
INFO(SPCOCN-999): Signal: UN$1$RSMD0402$I28$1 selected.
INFO(SPCOCN-999): Signal: UN$1$RSMD0402$I28$1 selected.
INFO(SPCOCN-1001): Component: I37 selected.
INFO(SPCOCN-1001): Component: I28 selected.
INFO(SPCOCN-1001): Component: I51 selected.
INFO(SPCOCN-1070): Checking drawing...
INFO(SPCOCN-1028): writing <pmtpulser_lib>SIMPLEPULSER.SCH.1.1:
INFO(SPCOCN-1044): writing binary file...
INFO(SPCOCN-1049): writing ASCII file...
INFO(SPCOCN-1053): writing connectivity file...
INFO(SPCOCN-1054): ...written

CSDirect 16.6-S083 (v16-6-112HC)

Netlisting block simplepulser

Processing page 1

No netlisting errors found. 

INFO(SPCOCN-1640): writing occurrence data...
INFO(SPCOCN-1054): ...written
INFO(SPCOCN-1000): Pin: I28.1 selected.
ERROR(SPCOCN-1521): Specify a signal name before selecting point.
INFO(SPCOCN-1070): Checking drawing...
INFO(SPCOCN-1028): writing <pmtpulser_lib>SIMPLEPULSER.SCH.1.1:
INFO(SPCOCN-1044): writing binary file...
INFO(SPCOCN-1049): writing ASCII file...
INFO(SPCOCN-1053): writing connectivity file...
INFO(SPCOCN-1054): ...written

CSDirect 16.6-S083 (v16-6-112HC)

Netlisting block simplepulser

Processing page 1

No netlisting errors found. 

INFO(SPCOCN-1640): writing occurrence data...
INFO(SPCOCN-1054): ...written
