FILE_TYPE=LIBRARY_PARTS;
primitive 'LSMD0805';
  pin
    'A'<0>:
      PIN_NUMBER='(1)';
      PINUSE='UNSPEC';
      PIN_GROUP='1';
    'B'<0>:
      PIN_NUMBER='(2)';
      PINUSE='UNSPEC';
      PIN_GROUP='1';
  end_pin;
  body
    PART_NAME='LSMD0805';
    PATH='23P';
    DRAWING='ELEMENTCHIPS.LOGIC.1.1';
    VER='1';
    XY='(2750,2450)';
    DIR='ELEMENT.LIB';
    ROT='0';
    PINCOUNT='2';
    SIZE='1';
    BODY_NAME='LSMD0805';
    JEDEC_TYPE='c0805';
    PHYS_DES_PREFIX='L';
    CLASS='DISCRETE';
  end_body;
end_primitive;

END.
