	(Comment
		(Time 10/26/12,14:26:44)
		(User Godwin)
		(MsgId ECO_021)
		(Text "Package SMT_SPST_MOM-SW added to cell")
		(Param1 SMT_SPST_MOM-SW)
	)
	(Comment
		(Time 10/26/12,14:29:28)
		(User Godwin)
		(MsgId ECO_081)
		(Text "Symbol sym_1 added to cell")
		(Param1 sym_1)
	)
	(Comment
		(Time 02/06/13,17:18:35)
		(User Godwin)
		(MsgId ECO_081)
		(Text "Symbol sym_2 added to cell")
		(Param1 sym_2)
	)
	(Comment
		(Time 02/06/13,17:18:47)
		(User Godwin)
		(MsgId ECO_082)
		(Text "Symbol sym_2 deleted from cell")
		(Param1 sym_2)
	)
	(Comment
		(Time 02/06/13,17:21:58)
		(User Godwin)
		(MsgId ECO_081)
		(Text "Symbol sym_2 added to cell")
		(Param1 sym_2)
	)
