	(Comment
		(Time 01/04/17,15:17:28)
		(User HEP)
		(MsgId ECO_021)
		(Text "Package RK09L added to cell")
		(Param1 "RK09L")
	)
	(Comment
		(Time 01/04/17,15:31:26)
		(User HEP)
		(MsgId ECO_211)
		(Text "PTF file part.ptf added")
		(Param1 "part.ptf")
	)
	(Comment
		(Time 01/04/17,16:21:56)
		(User HEP)
		(MsgId ECO_081)
		(Text "Symbol sym_1 added to cell")
		(Param1 "sym_1")
	)
	(Comment
		(Time 01/04/17,16:25:20)
		(User HEP)
		(MsgId ECO_082)
		(Text "Symbol sym_1 deleted from cell")
		(Param1 "sym_1")
	)
	(Comment
		(Time 01/04/17,16:25:23)
		(User HEP)
		(MsgId ECO_081)
		(Text "Symbol sym_1 added to cell")
		(Param1 "sym_1")
	)
